% Infile: balm.in
% Rock: 1
%  (cpx) diopside                 :   4.50
%  (cpx) hedenbergite             :   0.50
%  (opx) enstatite                :  16.20
%  (opx) ferrosilite              :   1.80
%  (ol) fosterite                 :  67.50
%  (ol) fayalite                  :   7.50
%  (sp) spinel                    :   2.00
%P       T   alpha      rho     Cp      k_eff  kappa
 0.0000  275 2.7399e-05 3334.93  770.75  4.267 1.6600e-06 
 0.0000  300 2.8178e-05 3332.62  820.80  4.097 1.4976e-06 
 0.0000  325 2.8833e-05 3330.25  862.53  3.946 1.3738e-06 
 0.0000  350 2.9400e-05 3327.83  898.02  3.812 1.2756e-06 
 0.0000  375 2.9900e-05 3325.37  928.68  3.692 1.1955e-06 
 0.0000  400 3.0349e-05 3322.87  955.53  3.583 1.1285e-06 
 0.0000  425 3.0760e-05 3320.34  979.29  3.484 1.0716e-06 
 0.0000  450 3.1141e-05 3317.78 1000.54  3.394 1.0224e-06 
 0.0000  475 3.1497e-05 3315.19 1019.67  3.311 9.7956e-07 
 0.0000  500 3.1834e-05 3312.57 1037.04  3.235 9.4179e-07 
 0.0000  525 3.2155e-05 3309.93 1052.90  3.165 9.0824e-07 
 0.0000  550 3.2463e-05 3307.26 1067.46  3.101 8.7827e-07 
 0.0000  575 3.2760e-05 3304.57 1080.89  3.041 8.5135e-07 
 0.0000  600 3.3048e-05 3301.87 1093.34  2.986 8.2710e-07 
 0.0000  625 3.3328e-05 3299.13 1104.91  2.935 8.0518e-07 
 0.0000  650 3.3602e-05 3296.38 1115.72  2.888 7.8534e-07 
 0.0000  675 3.3870e-05 3293.61 1125.84  2.846 7.6740e-07 
 0.0000  700 3.4134e-05 3290.82 1135.34  2.807 7.5117e-07 
 0.0000  725 3.4393e-05 3288.01 1144.28  2.771 7.3653e-07 
 0.0000  750 3.4649e-05 3285.18 1152.73  2.739 7.2338e-07 
 0.0000  775 3.4902e-05 3282.33 1160.72  2.711 7.1162e-07 
 0.0000  800 3.5152e-05 3279.47 1168.29  2.686 7.0117e-07 
 0.0000  825 3.5400e-05 3276.59 1175.48  2.665 6.9198e-07 
 0.0000  850 3.5645e-05 3273.69 1182.32  2.647 6.8399e-07 
 0.0000  875 3.5889e-05 3270.77 1188.85  2.633 6.7714e-07 
 0.0000  900 3.6130e-05 3267.83 1195.07  2.622 6.7137e-07 
 0.0000  925 3.6371e-05 3264.88 1201.02  2.614 6.6664e-07 
 0.0000  950 3.6610e-05 3261.91 1206.72  2.609 6.6287e-07 
 0.0000  975 3.6848e-05 3258.92 1212.18  2.607 6.6001e-07 
 0.0000 1000 3.7084e-05 3255.92 1217.42  2.608 6.5799e-07 
 0.0000 1025 3.7320e-05 3252.90 1222.45  2.611 6.5673e-07 
 0.0000 1050 3.7555e-05 3249.86 1227.29  2.617 6.5615e-07 
 0.0000 1075 3.7789e-05 3246.81 1231.95  2.625 6.5617e-07 
 0.0000 1100 3.8022e-05 3243.74 1236.44  2.634 6.5670e-07 
 0.0000 1125 3.8255e-05 3240.66 1240.77  2.644 6.5764e-07 
 0.0000 1150 3.8487e-05 3237.56 1244.95  2.656 6.5891e-07 
 0.0000 1175 3.8718e-05 3234.44 1248.99  2.668 6.6042e-07 
 0.0000 1200 3.8949e-05 3231.31 1252.90  2.680 6.6208e-07 
 0.0000 1225 3.9180e-05 3228.17 1256.68  2.693 6.6379e-07 
 0.0000 1250 3.9410e-05 3225.00 1260.34  2.705 6.6550e-07 
 0.0000 1275 3.9639e-05 3221.83 1263.89  2.717 6.6713e-07 
 0.0000 1300 3.9868e-05 3218.63 1267.33  2.727 6.6861e-07 
 0.0000 1325 4.0097e-05 3215.42 1270.67  2.737 6.6990e-07 
 0.0000 1350 4.0326e-05 3212.20 1273.91  2.746 6.7095e-07 
 0.0000 1375 4.0554e-05 3208.96 1277.06  2.753 6.7174e-07 
 0.0000 1400 4.0782e-05 3205.71 1280.12  2.759 6.7224e-07 
NaN     NaN  NaN        NaN     NaN     NaN    NaN

% Rock: 2
%  (cpx) diopside                 :   2.70
%  (cpx) hedenbergite             :   0.30
%  (opx) enstatite                :  17.10
%  (opx) ferrosilite              :   1.90
%  (ol) fosterite                 :  68.40
%  (ol) fayalite                  :   7.60
%  (sp) spinel                    :   2.00
%P       T   alpha      rho     Cp      k_eff  kappa
 0.0000  275 2.7312e-05 3334.98  772.36  4.256 1.6523e-06 
 0.0000  300 2.8103e-05 3332.68  822.44  4.087 1.4911e-06 
 0.0000  325 2.8768e-05 3330.31  864.18  3.938 1.3683e-06 
 0.0000  350 2.9343e-05 3327.90  899.65  3.805 1.2708e-06 
 0.0000  375 2.9850e-05 3325.44  930.30  3.685 1.1913e-06 
 0.0000  400 3.0307e-05 3322.95  957.13  3.577 1.1248e-06 
 0.0000  425 3.0724e-05 3320.42  980.89  3.479 1.0683e-06 
 0.0000  450 3.1110e-05 3317.86 1002.12  3.390 1.0195e-06 
 0.0000  475 3.1472e-05 3315.27 1021.25  3.308 9.7690e-07 
 0.0000  500 3.1814e-05 3312.66 1038.62  3.232 9.3937e-07 
 0.0000  525 3.2141e-05 3310.02 1054.48  3.162 9.0603e-07 
 0.0000  550 3.2453e-05 3307.35 1069.05  3.098 8.7624e-07 
 0.0000  575 3.2755e-05 3304.67 1082.48  3.039 8.4948e-07 
 0.0000  600 3.3048e-05 3301.96 1094.94  2.984 8.2537e-07 
 0.0000  625 3.3333e-05 3299.23 1106.53  2.934 8.0357e-07 
 0.0000  650 3.3611e-05 3296.47 1117.34  2.887 7.8386e-07 
 0.0000  675 3.3884e-05 3293.70 1127.48  2.845 7.6601e-07 
 0.0000  700 3.4152e-05 3290.91 1136.99  2.806 7.4988e-07 
 0.0000  725 3.4416e-05 3288.10 1145.95  2.771 7.3533e-07 
 0.0000  750 3.4676e-05 3285.27 1154.41  2.739 7.2226e-07 
 0.0000  775 3.4933e-05 3282.42 1162.42  2.711 7.1058e-07 
 0.0000  800 3.5187e-05 3279.55 1170.01  2.687 7.0022e-07 
 0.0000  825 3.5439e-05 3276.66 1177.22  2.666 6.9111e-07 
 0.0000  850 3.5689e-05 3273.76 1184.08  2.648 6.8320e-07 
 0.0000  875 3.5936e-05 3270.84 1190.62  2.634 6.7643e-07 
 0.0000  900 3.6182e-05 3267.90 1196.86  2.623 6.7074e-07 
 0.0000  925 3.6427e-05 3264.94 1202.83  2.616 6.6609e-07 
 0.0000  950 3.6670e-05 3261.97 1208.54  2.611 6.6241e-07 
 0.0000  975 3.6912e-05 3258.97 1214.02  2.610 6.5965e-07 
 0.0000 1000 3.7152e-05 3255.97 1219.28  2.611 6.5772e-07 
 0.0000 1025 3.7392e-05 3252.94 1224.33  2.615 6.5655e-07 
 0.0000 1050 3.7631e-05 3249.90 1229.19  2.621 6.5607e-07 
 0.0000 1075 3.7869e-05 3246.84 1233.86  2.629 6.5619e-07 
 0.0000 1100 3.8106e-05 3243.77 1238.37  2.638 6.5682e-07 
 0.0000 1125 3.8343e-05 3240.68 1242.72  2.649 6.5787e-07 
 0.0000 1150 3.8579e-05 3237.57 1246.92  2.661 6.5924e-07 
 0.0000 1175 3.8814e-05 3234.45 1250.97  2.674 6.6085e-07 
 0.0000 1200 3.9049e-05 3231.31 1254.90  2.687 6.6260e-07 
 0.0000 1225 3.9283e-05 3228.15 1258.69  2.700 6.6442e-07 
 0.0000 1250 3.9517e-05 3224.98 1262.37  2.712 6.6622e-07 
 0.0000 1275 3.9751e-05 3221.79 1265.93  2.724 6.6793e-07 
 0.0000 1300 3.9984e-05 3218.59 1269.39  2.735 6.6950e-07 
 0.0000 1325 4.0217e-05 3215.37 1272.74  2.745 6.7087e-07 
 0.0000 1350 4.0449e-05 3212.14 1276.00  2.754 6.7200e-07 
 0.0000 1375 4.0681e-05 3208.89 1279.16  2.762 6.7285e-07 
 0.0000 1400 4.0913e-05 3205.63 1282.23  2.768 6.7341e-07 
NaN     NaN  NaN        NaN     NaN     NaN    NaN

% Warning: Mineral fractions have been normalized.
% Rock: 3
%  (opx) enstatite                :  10.90
%  (opx) ferrosilite              :   1.10
%  (ol) fosterite                 :  79.30
%  (ol) fayalite                  :   7.70
%  (sp) spinel                    :   1.00
%P       T   alpha      rho     Cp      k_eff  kappa
 0.0000  275 2.6798e-05 3324.71  777.27  4.372 1.6917e-06 
 0.0000  300 2.7692e-05 3322.44  828.21  4.196 1.5249e-06 
 0.0000  325 2.8441e-05 3320.11  870.33  4.041 1.3983e-06 
 0.0000  350 2.9085e-05 3317.73  905.93  3.902 1.2983e-06 
 0.0000  375 2.9652e-05 3315.30  936.55  3.778 1.2167e-06 
 0.0000  400 3.0159e-05 3312.83  963.28  3.665 1.1486e-06 
 0.0000  425 3.0621e-05 3310.32  986.90  3.563 1.0906e-06 
 0.0000  450 3.1047e-05 3307.77 1007.98  3.470 1.0406e-06 
 0.0000  475 3.1445e-05 3305.19 1026.95  3.384 9.9696e-07 
 0.0000  500 3.1820e-05 3302.59 1044.17  3.305 9.5844e-07 
 0.0000  525 3.2177e-05 3299.95 1059.89  3.233 9.2421e-07 
 0.0000  550 3.2518e-05 3297.29 1074.33  3.165 8.9361e-07 
 0.0000  575 3.2847e-05 3294.61 1087.65  3.104 8.6611e-07 
 0.0000  600 3.3164e-05 3291.89 1100.00  3.046 8.4131e-07 
 0.0000  625 3.3473e-05 3289.16 1111.49  2.994 8.1891e-07 
 0.0000  650 3.3775e-05 3286.40 1122.22  2.945 7.9864e-07 
 0.0000  675 3.4069e-05 3283.63 1132.28  2.901 7.8032e-07 
 0.0000  700 3.4359e-05 3280.83 1141.74  2.861 7.6377e-07 
 0.0000  725 3.4643e-05 3278.00 1150.64  2.825 7.4887e-07 
 0.0000  750 3.4923e-05 3275.16 1159.05  2.792 7.3553e-07 
 0.0000  775 3.5200e-05 3272.30 1167.02  2.763 7.2364e-07 
 0.0000  800 3.5473e-05 3269.42 1174.57  2.739 7.1315e-07 
 0.0000  825 3.5744e-05 3266.51 1181.75  2.718 7.0399e-07 
 0.0000  850 3.6012e-05 3263.59 1188.59  2.700 6.9611e-07 
 0.0000  875 3.6277e-05 3260.65 1195.11  2.687 6.8945e-07 
 0.0000  900 3.6541e-05 3257.69 1201.34  2.677 6.8397e-07 
 0.0000  925 3.6803e-05 3254.71 1207.29  2.670 6.7960e-07 
 0.0000  950 3.7064e-05 3251.72 1213.00  2.667 6.7628e-07 
 0.0000  975 3.7323e-05 3248.70 1218.47  2.668 6.7395e-07 
 0.0000 1000 3.7580e-05 3245.67 1223.72  2.671 6.7254e-07 
 0.0000 1025 3.7837e-05 3242.62 1228.77  2.677 6.7196e-07 
 0.0000 1050 3.8092e-05 3239.55 1233.63  2.686 6.7213e-07 
 0.0000 1075 3.8347e-05 3236.46 1238.31  2.697 6.7295e-07 
 0.0000 1100 3.8601e-05 3233.36 1242.82  2.710 6.7433e-07 
 0.0000 1125 3.8854e-05 3230.24 1247.17  2.724 6.7616e-07 
 0.0000 1150 3.9106e-05 3227.10 1251.38  2.739 6.7834e-07 
 0.0000 1175 3.9357e-05 3223.94 1255.44  2.755 6.8077e-07 
 0.0000 1200 3.9608e-05 3220.76 1259.38  2.772 6.8334e-07 
 0.0000 1225 3.9858e-05 3217.57 1263.18  2.788 6.8596e-07 
 0.0000 1250 4.0108e-05 3214.37 1266.87  2.804 6.8854e-07 
 0.0000 1275 4.0358e-05 3211.14 1270.45  2.819 6.9100e-07 
 0.0000 1300 4.0607e-05 3207.90 1273.91  2.833 6.9327e-07 
 0.0000 1325 4.0855e-05 3204.64 1277.28  2.846 6.9529e-07 
 0.0000 1350 4.1103e-05 3201.36 1280.55  2.857 6.9701e-07 
 0.0000 1375 4.1351e-05 3198.07 1283.73  2.867 6.9840e-07 
 0.0000 1400 4.1599e-05 3194.76 1286.82  2.875 6.9942e-07 
NaN     NaN  NaN        NaN     NaN     NaN    NaN

