% Infile: cal.in
% Warning: Mineral fractions have been normalized.
%   Normalization factor: 0.99.
% Rock: 1
%  (qz) alpha-quartz              :  32.525
%  (or) sanidine                  :  43.131
%  (plag) albite                  :  14.101
%  (plag) anorthite               :   3.677
%  (bt) phlogopite                :   5.556
%  (opx) enstatite                :   0.384
%  (opx) ferrosilite              :   0.626
%P       T   alpha      rho     Cp      k_eff  kappa
 0.0000  294 2.7745e-05 2620.80  734.88  3.099 1.6089e-06 
 0.0000  314 2.9335e-05 2619.34  763.75  3.022 1.5105e-06 
 0.0000  344 3.1511e-05 2616.91  803.53  2.916 1.3869e-06 
 0.0000  375 3.3449e-05 2614.25  838.62  2.825 1.2887e-06 
 0.0000  435 3.6644e-05 2608.77  894.19  2.696 1.1559e-06 
 0.0000  493 3.9334e-05 2603.03  937.35  2.629 1.0777e-06 
 0.0000  552 4.1819e-05 2596.85  973.44  2.614 1.0343e-06 
 0.0000  608 4.4080e-05 2590.55 1002.96  2.634 1.0138e-06 
 0.0000  666 4.6300e-05 2583.78 1028.98  2.668 1.0035e-06 
 0.0000  723 4.8411e-05 2576.86 1051.18  2.704 9.9835e-07 
 0.0000  777 5.0389e-05 2569.99 1069.95  2.742 9.9712e-07 
 0.0000  828 5.2226e-05 2563.31 1085.83  2.784 1.0001e-06 
NaN     NaN  NaN        NaN     NaN     NaN    NaN

% Warning: Mineral fractions have been normalized.
%   Normalization factor: 0.97.
% Rock: 2
%  (qz) alpha-quartz              :  35.567
%  (or) sanidine                  :  32.990
%  (plag) albite                  :  15.536
%  (plag) anorthite               :   3.845
%  (opx) enstatite                :   3.351
%  (opx) ferrosilite              :   8.711
%P       T   alpha      rho     Cp      k_eff  kappa
 0.0000  293 2.5106e-05 2710.49  722.96  3.428 1.7492e-06 
 0.0000  313 2.6914e-05 2709.12  751.77  3.337 1.6387e-06 
 0.0000  343 2.9339e-05 2706.83  790.32  3.216 1.5032e-06 
 0.0000  372 3.1417e-05 2704.43  822.88  3.114 1.3994e-06 
 0.0000  427 3.4817e-05 2699.47  874.17  2.968 1.2575e-06 
 0.0000  482 3.7751e-05 2694.12  915.36  2.881 1.1682e-06 
 0.0000  537 4.0428e-05 2688.37  949.83  2.849 1.1157e-06 
 0.0000  593 4.3029e-05 2682.03  980.24  2.858 1.0870e-06 
 0.0000  648 4.5433e-05 2675.55 1005.67  2.884 1.0717e-06 
 0.0000  703 4.7766e-05 2668.74 1028.03  2.911 1.0611e-06 
 0.0000  755 4.9971e-05 2661.88 1047.23  2.936 1.0533e-06 
 0.0000  807 5.2092e-05 2654.91 1064.11  2.962 1.0485e-06 
NaN     NaN  NaN        NaN     NaN     NaN    NaN

% Warning: Mineral fractions have been normalized.
%   Normalization factor: 0.97.
% Rock: 3
%  (qz) alpha-quartz              :  27.675
%  (or) sanidine                  :  52.160
%  (plag) albite                  :   9.198
%  (plag) anorthite               :   2.325
%  (amph) hornblende              :   1.235
%  (cpx) diopside                 :   0.340
%  (cpx) hedenbergite             :   1.286
%  (opx) enstatite                :   1.204
%  (opx) ferrosilite              :   4.578
%P       T   alpha      rho     Cp      k_eff  kappa
 0.0000  293 2.7969e-05 2660.59  715.91  2.991 1.5705e-06 
 0.0000  314 2.9347e-05 2659.05  746.35  2.942 1.4823e-06 
 0.0000  338 3.0844e-05 2657.07  779.46  2.887 1.3941e-06 
 0.0000  364 3.2249e-05 2654.89  810.22  2.837 1.3191e-06 
 0.0000  417 3.4728e-05 2650.20  862.58  2.760 1.2073e-06 
 0.0000  472 3.6967e-05 2645.01  906.50  2.717 1.1331e-06 
 0.0000  527 3.9026e-05 2639.46  943.23  2.714 1.0902e-06 
 0.0000  582 4.0954e-05 2633.63  974.21  2.746 1.0704e-06 
 0.0000  641 4.2904e-05 2627.17 1002.24  2.803 1.0644e-06 
 0.0000  700 4.4814e-05 2620.36 1026.72  2.869 1.0666e-06 
 0.0000  756 4.6581e-05 2613.67 1047.01  2.939 1.0741e-06 
 0.0000  811 4.8286e-05 2606.90 1064.66  3.017 1.0870e-06 
NaN     NaN  NaN        NaN     NaN     NaN    NaN

% Warning: Mineral fractions have been normalized.
%   Normalization factor: 0.93.
% Rock: 4
%  (qz) alpha-quartz              :  21.331
%  (or) sanidine                  :  51.024
%  (plag) albite                  :  12.156
%  (plag) anorthite               :   3.387
%  (bt) phlogopite                :   1.501
%  (cpx) diopside                 :   0.247
%  (cpx) hedenbergite             :   1.726
%  (opx) enstatite                :   0.772
%  (opx) ferrosilite              :   5.285
%  (gt) almandine                 :   2.573
%P       T   alpha      rho     Cp      k_eff  kappa
 0.0000  295 2.7919e-05 2692.00  727.37  2.769 1.4139e-06 
 0.0000  312 2.8904e-05 2690.71  752.76  2.741 1.3531e-06 
 0.0000  341 3.0404e-05 2688.37  791.85  2.697 1.2671e-06 
 0.0000  369 3.1657e-05 2686.04  824.39  2.662 1.2023e-06 
 0.0000  425 3.3815e-05 2681.12  878.62  2.611 1.1085e-06 
 0.0000  480 3.5640e-05 2676.03  921.19  2.590 1.0507e-06 
 0.0000  536 3.7353e-05 2670.51  957.48  2.600 1.0170e-06 
 0.0000  595 3.9024e-05 2664.48  989.18  2.640 1.0016e-06 
 0.0000  653 4.0566e-05 2658.41 1015.21  2.695 9.9852e-07 
 0.0000  708 4.2010e-05 2652.35 1037.01  2.756 1.0022e-06 
 0.0000  765 4.3474e-05 2645.87 1056.81  2.829 1.0117e-06 
 0.0000  817 4.4772e-05 2639.88 1072.62  2.904 1.0256e-06 
NaN     NaN  NaN        NaN     NaN     NaN    NaN

% Warning: Mineral fractions have been normalized.
%   Normalization factor: 0.98.
% Rock: 5
%  (qz) alpha-quartz              :   0.508
%  (or) sanidine                  :  57.868
%  (plag) albite                  :  19.513
%  (plag) anorthite               :   5.970
%  (bt) phlogopite                :   0.406
%  (opx) enstatite                :   6.142
%  (opx) ferrosilite              :   9.594
%P       T   alpha      rho     Cp      k_eff  kappa
 0.0000  296 2.7804e-05 2708.19  770.25  1.997 9.5755e-07 
 0.0000  314 2.8120e-05 2706.81  796.87  2.018 9.3561e-07 
 0.0000  344 2.8551e-05 2704.52  836.09  2.050 9.0679e-07 
 0.0000  372 2.8875e-05 2702.40  867.53  2.079 8.8666e-07 
 0.0000  427 2.9393e-05 2698.04  920.74  2.134 8.5893e-07 
 0.0000  483 2.9802e-05 2693.53  964.09  2.190 8.4335e-07 
 0.0000  539 3.0135e-05 2689.01  998.88  2.249 8.3735e-07 
 0.0000  599 3.0436e-05 2684.20 1029.24  2.319 8.3954e-07 
 0.0000  656 3.0695e-05 2679.50 1053.85  2.399 8.4947e-07 
 0.0000  716 3.0943e-05 2674.57 1075.73  2.498 8.6806e-07 
 0.0000  772 3.1159e-05 2669.92 1093.41  2.607 8.9308e-07 
 0.0000  823 3.1347e-05 2665.64 1107.74  2.724 9.2237e-07 
NaN     NaN  NaN        NaN     NaN     NaN    NaN

% Warning: Mineral fractions have been normalized.
%   Normalization factor: 0.99.
% Rock: 6
%  (qz) alpha-quartz              :  44.467
%  (or) sanidine                  :   9.256
%  (plag) albite                  :  22.324
%  (plag) anorthite               :  10.976
%  (opx) enstatite                :   1.972
%  (opx) ferrosilite              :   2.555
%  (gt) almandine                 :   8.451
%P       T   alpha      rho     Cp      k_eff  kappa
 0.0000  293 1.9970e-05 2768.57  757.00  3.973 1.8958e-06 
 0.0000  315 2.2617e-05 2767.30  787.47  3.808 1.7475e-06 
 0.0000  346 2.5887e-05 2765.23  824.75  3.605 1.5807e-06 
 0.0000  377 2.8795e-05 2762.85  857.26  3.431 1.4485e-06 
 0.0000  437 3.3535e-05 2757.71  908.10  3.182 1.2708e-06 
 0.0000  494 3.7479e-05 2752.13  947.45  3.038 1.1652e-06 
 0.0000  550 4.1042e-05 2746.05  980.14  2.970 1.1036e-06 
 0.0000  606 4.4393e-05 2739.45 1008.22  2.946 1.0667e-06 
 0.0000  662 4.7568e-05 2732.45 1032.46  2.932 1.0393e-06 
 0.0000  717 5.0617e-05 2725.08 1053.67  2.910 1.0134e-06 
 0.0000  773 5.3640e-05 2717.19 1072.87  2.877 9.8688e-07 
 0.0000  823 5.6342e-05 2709.66 1088.61  2.844 9.6427e-07 
NaN     NaN  NaN        NaN     NaN     NaN    NaN

% Warning: Mineral fractions have been normalized.
%   Normalization factor: 1.04.
% Rock: 7
%  (qz) alpha-quartz              :  34.615
%  (or) sanidine                  :   4.808
%  (plag) albite                  :  25.019
%  (plag) anorthite               :   7.673
%  (bt) phlogopite                :  12.885
%  (opx) enstatite                :   2.962
%  (opx) ferrosilite              :   3.385
%  (gt) almandine                 :   8.654
%P       T   alpha      rho     Cp      k_eff  kappa
 0.0000  295 2.4276e-05 2803.11  766.69  3.580 1.6659e-06 
 0.0000  312 2.6048e-05 2801.91  791.38  3.449 1.5556e-06 
 0.0000  341 2.8627e-05 2799.75  827.65  3.259 1.4066e-06 
 0.0000  367 3.0782e-05 2797.52  857.89  3.105 1.2936e-06 
 0.0000  422 3.4576e-05 2792.48  909.76  2.855 1.1237e-06 
 0.0000  474 3.7655e-05 2787.27  949.37  2.692 1.0172e-06 
 0.0000  530 4.0647e-05 2781.20  984.84  2.581 9.4235e-07 
 0.0000  587 4.3521e-05 2774.46 1015.77  2.516 8.9261e-07 
 0.0000  645 4.6249e-05 2767.29 1042.19  2.471 8.5694e-07 
 0.0000  702 4.8850e-05 2759.80 1064.88  2.430 8.2671e-07 
 0.0000  758 5.1329e-05 2752.12 1084.40  2.385 7.9919e-07 
 0.0000  808 5.3539e-05 2744.85 1100.23  2.344 7.7617e-07 
NaN     NaN  NaN        NaN     NaN     NaN    NaN

% Warning: Mineral fractions have been normalized.
%   Normalization factor: 0.98.
% Rock: 8
%  (qz) alpha-quartz              :  26.327
%  (or) sanidine                  :   7.449
%  (plag) albite                  :  26.224
%  (plag) anorthite               :  10.204
%  (bt) phlogopite                :   4.082
%  (opx) enstatite                :   8.429
%  (opx) ferrosilite              :  10.143
%  (gt) almandine                 :   7.143
%P       T   alpha      rho     Cp      k_eff  kappa
 0.0000  292 2.1475e-05 2870.22  772.14  3.244 1.4637e-06 
 0.0000  314 2.3383e-05 2868.83  803.37  3.146 1.3652e-06 
 0.0000  342 2.5535e-05 2866.85  838.95  3.034 1.2616e-06 
 0.0000  370 2.7409e-05 2864.71  869.89  2.937 1.1786e-06 
 0.0000  422 3.0368e-05 2860.43  917.52  2.794 1.0645e-06 
 0.0000  477 3.3073e-05 2855.44  958.54  2.689 9.8243e-07 
 0.0000  534 3.5611e-05 2849.79  993.91  2.626 9.2720e-07 
 0.0000  593 3.7985e-05 2843.68 1023.88  2.597 8.9201e-07 
 0.0000  647 4.0087e-05 2837.66 1047.83  2.583 8.6874e-07 
 0.0000  706 4.2286e-05 2830.78 1070.40  2.568 8.4755e-07 
 0.0000  761 4.4286e-05 2824.04 1088.92  2.551 8.2955e-07 
 0.0000  813 4.6137e-05 2817.45 1104.49  2.534 8.1430e-07 
NaN     NaN  NaN        NaN     NaN     NaN    NaN

% Warning: Mineral fractions have been normalized.
%   Normalization factor: 0.98.
% Rock: 9
%  (qz) alpha-quartz              :  22.131
%  (or) sanidine                  :  12.910
%  (plag) albite                  :  26.865
%  (plag) anorthite               :  10.635
%  (bt) phlogopite                :   3.484
%  (amph) hornblende              :   0.410
%  (opx) enstatite                :   9.078
%  (opx) ferrosilite              :  14.283
%  (gt) almandine                 :   0.205
%P       T   alpha      rho     Cp      k_eff  kappa
 0.0000  295 2.2674e-05 2829.49  782.96  2.899 1.3088e-06 
 0.0000  314 2.4093e-05 2828.24  810.37  2.841 1.2394e-06 
 0.0000  344 2.6004e-05 2826.15  847.71  2.760 1.1519e-06 
 0.0000  372 2.7588e-05 2824.02  878.61  2.692 1.0851e-06 
 0.0000  430 3.0346e-05 2819.30  930.96  2.585 9.8472e-07 
 0.0000  484 3.2570e-05 2814.48  970.53  2.519 9.2222e-07 
 0.0000  542 3.4712e-05 2808.96 1005.50  2.485 8.7985e-07 
 0.0000  597 3.6587e-05 2803.46 1033.24  2.477 8.5515e-07 
 0.0000  640 3.7994e-05 2798.95 1052.27  2.478 8.4151e-07 
 0.0000  682 3.9319e-05 2794.41 1068.82  2.481 8.3074e-07 
 0.0000  737 4.1015e-05 2788.25 1088.21  2.484 8.1866e-07 
 0.0000  813 4.3305e-05 2779.33 1111.46  2.488 8.0527e-07 
NaN     NaN  NaN        NaN     NaN     NaN    NaN

% Warning: Mineral fractions have been normalized.
%   Normalization factor: 0.95.
% Rock: 10
%  (qz) alpha-quartz              :   7.757
%  (or) sanidine                  :   2.096
%  (plag) albite                  :  29.518
%  (plag) anorthite               :   9.266
%  (bt) phlogopite                :   1.048
%  (opx) enstatite                :  18.218
%  (opx) ferrosilite              :  19.518
%  (gt) almandine                 :  12.579
%P       T   alpha      rho     Cp      k_eff  kappa
 0.0000  294 2.0231e-05 3104.17  781.51  2.846 1.1732e-06 
 0.0000  312 2.1201e-05 3103.00  807.87  2.812 1.1218e-06 
 0.0000  343 2.2612e-05 3100.88  847.77  2.760 1.0498e-06 
 0.0000  372 2.3725e-05 3098.79  880.08  2.717 9.9611e-07 
 0.0000  431 2.5555e-05 3094.33  933.30  2.646 9.1619e-07 
 0.0000  486 2.6978e-05 3089.84  973.19  2.598 8.6387e-07 
 0.0000  541 2.8223e-05 3085.14 1005.88  2.566 8.2692e-07 
 0.0000  599 2.9417e-05 3079.95 1034.68  2.547 7.9913e-07 
 0.0000  655 3.0480e-05 3074.81 1057.96  2.536 7.7947e-07 
 0.0000  712 3.1503e-05 3069.43 1078.25  2.528 7.6380e-07 
 0.0000  766 3.2456e-05 3064.09 1095.37  2.522 7.5141e-07 
 0.0000  816 3.3308e-05 3059.06 1109.33  2.517 7.4181e-07 
NaN     NaN  NaN        NaN     NaN     NaN    NaN

% Warning: Mineral fractions have been normalized.
%   Normalization factor: 0.99.
% Rock: 11
%  (qz) alpha-quartz              :   1.414
%  (or) sanidine                  :   1.414
%  (plag) albite                  :   7.304
%  (plag) anorthite               :  14.921
%  (bt) phlogopite                :  24.245
%  (cpx) diopside                 :   7.061
%  (cpx) hedenbergite             :   5.597
%  (opx) enstatite                :   4.768
%  (opx) ferrosilite              :   3.778
%  (gt) almandine                 :  29.498
%P       T   alpha      rho     Cp      k_eff  kappa
 0.0000  296 3.0215e-05 3234.10  813.09  3.072 1.1683e-06 
 0.0000  316 3.0636e-05 3232.19  841.21  2.971 1.0925e-06 
 0.0000  347 3.1206e-05 3229.07  881.23  2.828 9.9380e-07 
 0.0000  379 3.1693e-05 3225.85  916.45  2.703 9.1436e-07 
 0.0000  439 3.2447e-05 3219.61  970.72  2.511 8.0355e-07 
 0.0000  496 3.3025e-05 3213.66 1010.23  2.373 7.3087e-07 
 0.0000  551 3.3520e-05 3207.77 1041.25  2.266 6.7844e-07 
 0.0000  608 3.3984e-05 3201.59 1067.56  2.178 6.3727e-07 
 0.0000  663 3.4401e-05 3195.56 1088.73  2.109 6.0631e-07 
 0.0000  719 3.4801e-05 3189.40 1106.89  2.052 5.8122e-07 
 0.0000  774 3.5182e-05 3183.25 1122.31  2.004 5.6086e-07 
 0.0000  824 3.5516e-05 3177.63 1134.54  1.966 5.4520e-07 
NaN     NaN  NaN        NaN     NaN     NaN    NaN

% Warning: Mineral fractions have been normalized.
%   Normalization factor: 0.99.
% Rock: 12
%  (qz) alpha-quartz              :   2.024
%  (or) sanidine                  :   9.716
%  (plag) albite                  :   9.847
%  (plag) anorthite               :  17.984
%  (amph) hornblende              :  47.060
%  (cpx) diopside                 :   1.093
%  (cpx) hedenbergite             :   0.972
%  (opx) enstatite                :   1.164
%  (opx) ferrosilite              :   1.032
%  (gt) almandine                 :   9.108
%P       T   alpha      rho     Cp      k_eff  kappa
 0.0000  313 2.1447e-05 3060.82  887.23  2.453 9.0313e-07 
 0.0000  347 2.2101e-05 3058.53  934.69  2.396 8.3810e-07 
 0.0000  378 2.2614e-05 3056.40  969.93  2.351 7.9308e-07 
 0.0000  437 2.3447e-05 3052.29 1022.35  2.281 7.3101e-07 
 0.0000  492 2.4145e-05 3048.24 1061.09  2.230 6.8940e-07 
 0.0000  547 2.4770e-05 3044.17 1091.70  2.193 6.5999e-07 
 0.0000  603 2.5380e-05 3039.87 1118.03  2.169 6.3808e-07 
 0.0000  660 2.5964e-05 3035.47 1140.28  2.155 6.2273e-07 
 0.0000  714 2.6512e-05 3031.13 1158.80  2.152 6.1264e-07 
 0.0000  768 2.7042e-05 3026.76 1174.86  2.155 6.0607e-07 
 0.0000  819 2.7539e-05 3022.53 1188.44  2.163 6.0202e-07 
NaN     NaN  NaN        NaN     NaN     NaN    NaN

% Warning: Mineral fractions have been normalized.
%   Normalization factor: 0.97.
% Rock: 13
%  (qz) alpha-quartz              :   3.084
%  (or) sanidine                  :   6.064
%  (plag) albite                  :  15.408
%  (plag) anorthite               :  19.128
%  (bt) phlogopite                :   0.411
%  (amph) hornblende              :   0.411
%  (cpx) diopside                 :  19.899
%  (cpx) hedenbergite             :  18.347
%  (opx) enstatite                :   8.973
%  (opx) ferrosilite              :   8.274
%P       T   alpha      rho     Cp      k_eff  kappa
 0.0000  294 2.3727e-05 3067.97  777.49  2.835 1.1886e-06 
 0.0000  317 2.4247e-05 3066.25  817.96  2.788 1.1117e-06 
 0.0000  350 2.4847e-05 3063.81  865.30  2.730 1.0297e-06 
 0.0000  381 2.5328e-05 3061.42  903.21  2.681 9.6950e-07 
 0.0000  441 2.6091e-05 3056.67  961.53  2.602 8.8524e-07 
 0.0000  498 2.6678e-05 3052.12 1003.40  2.545 8.3118e-07 
 0.0000  552 2.7175e-05 3047.64 1035.86  2.506 7.9370e-07 
 0.0000  608 2.7638e-05 3042.98 1063.24  2.478 7.6575e-07 
 0.0000  662 2.8061e-05 3038.37 1085.70  2.460 7.4569e-07 
 0.0000  721 2.8491e-05 3033.36 1106.20  2.449 7.2995e-07 
 0.0000  771 2.8851e-05 3028.96 1121.61  2.445 7.1981e-07 
 0.0000  819 2.9180e-05 3024.80 1134.44  2.445 7.1245e-07 
NaN     NaN  NaN        NaN     NaN     NaN    NaN

% Warning: Mineral fractions have been normalized.
%   Normalization factor: 1.01.
% Rock: 14
%  (qz) alpha-quartz              :  16.535
%  (or) sanidine                  :  20.396
%  (plag) albite                  :  20.584
%  (plag) anorthite               :   9.020
%  (bt) phlogopite                :   5.842
%  (amph) hornblende              :  26.733
%  (cpx) diopside                 :   0.198
%  (cpx) hedenbergite             :   0.188
%  (opx) enstatite                :   0.267
%  (opx) ferrosilite              :   0.238
%P       T   alpha      rho     Cp      k_eff  kappa
 0.0000  293 2.4179e-05 2782.88  797.82  2.595 1.1686e-06 
 0.0000  314 2.5397e-05 2781.42  831.78  2.534 1.0954e-06 
 0.0000  344 2.6891e-05 2779.25  873.10  2.459 1.0132e-06 
 0.0000  375 2.8236e-05 2776.88  909.49  2.391 9.4670e-07 
 0.0000  435 3.0441e-05 2772.01  966.00  2.289 8.5490e-07 
 0.0000  490 3.2213e-05 2767.18 1007.40  2.227 7.9883e-07 
 0.0000  545 3.3789e-05 2762.21 1040.65  2.193 7.6300e-07 
 0.0000  589 3.4986e-05 2758.05 1063.55  2.181 7.4362e-07 
 0.0000  654 3.6691e-05 2751.57 1092.82  2.178 7.2439e-07 
 0.0000  710 3.8086e-05 2745.86 1114.03  2.183 7.1354e-07 
 0.0000  764 3.9406e-05 2740.13 1132.10  2.191 7.0629e-07 
NaN     NaN  NaN        NaN     NaN     NaN    NaN

% Warning: Mineral fractions have been normalized.
%   Normalization factor: 0.99.
% Rock: 15
%  (qz) alpha-quartz              :  30.676
%  (or) sanidine                  :  29.062
%  (plag) albite                  :  21.100
%  (plag) anorthite               :   4.834
%  (bt) phlogopite                :   7.265
%  (gt) almandine                 :   7.064
%P       T   alpha      rho     Cp      k_eff  kappa
 0.0000  295 2.5604e-05 2702.01  746.84  3.196 1.5836e-06 
 0.0000  316 2.7420e-05 2700.51  777.12  3.101 1.4778e-06 
 0.0000  347 2.9738e-05 2698.13  816.28  2.980 1.3531e-06 
 0.0000  374 3.1536e-05 2695.88  846.58  2.888 1.2655e-06 
 0.0000  430 3.4708e-05 2690.89  898.53  2.742 1.1342e-06 
 0.0000  486 3.7454e-05 2685.48  940.55  2.651 1.0496e-06 
 0.0000  542 3.9968e-05 2679.62  975.73  2.609 9.9792e-07 
 0.0000  600 4.2363e-05 2673.28 1006.00  2.602 9.6744e-07 
 0.0000  656 4.4602e-05 2666.74 1031.44  2.609 9.4853e-07 
 0.0000  712 4.6769e-05 2659.88 1053.59  2.618 9.3416e-07 
 0.0000  767 4.8823e-05 2652.94 1072.55  2.626 9.2306e-07 
 0.0000  817 5.0676e-05 2646.35 1088.10  2.637 9.1583e-07 
NaN     NaN  NaN        NaN     NaN     NaN    NaN

% Warning: Mineral fractions have been normalized.
%   Normalization factor: 1.06.
% Rock: 16
%  (qz) alpha-quartz              :  23.302
%  (or) sanidine                  :  55.000
%  (plag) albite                  :   2.396
%  (plag) anorthite               :   0.811
%  (bt) phlogopite                :   8.113
%  (gt) almandine                 :  10.377
%P       T   alpha      rho     Cp      k_eff  kappa
 0.0000  296 3.1457e-05 2712.99  723.73  3.008 1.5322e-06 
 0.0000  313 3.2416e-05 2711.53  748.26  2.955 1.4566e-06 
 0.0000  344 3.3966e-05 2708.76  788.38  2.869 1.3436e-06 
 0.0000  374 3.5302e-05 2705.92  822.68  2.798 1.2568e-06 
 0.0000  433 3.7555e-05 2700.14  878.07  2.693 1.1361e-06 
 0.0000  487 3.9381e-05 2694.53  919.17  2.639 1.0655e-06 
 0.0000  545 4.1185e-05 2688.23  955.68  2.623 1.0208e-06 
 0.0000  598 4.2737e-05 2682.27  983.67  2.637 9.9941e-07 
 0.0000  654 4.4313e-05 2675.76 1009.05  2.670 9.8879e-07 
 0.0000  709 4.5833e-05 2669.11 1030.85  2.712 9.8578e-07 
 0.0000  763 4.7294e-05 2662.40 1049.62  2.763 9.8881e-07 
 0.0000  814 4.8647e-05 2655.95 1065.30  2.822 9.9724e-07 
NaN     NaN  NaN        NaN     NaN     NaN    NaN

% Rock: 17
%  (cpx) diopside                 :   2.700
%  (cpx) hedenbergite             :   0.300
%  (opx) enstatite                :  17.100
%  (opx) ferrosilite              :   1.900
%  (ol) fosterite                 :  68.400
%  (ol) fayalite                  :   7.600
%  (sp) spinel                    :   2.000
%P       T   alpha      rho     Cp      k_eff  kappa
 0.0000  294 2.7957e-05 3308.18  811.28  4.549 1.6948e-06 
 0.0000  319 2.8658e-05 3305.84  854.79  4.378 1.5494e-06 
 0.0000  321 2.8710e-05 3305.65  857.96  4.366 1.5392e-06 
 0.0000  351 2.9414e-05 3302.77  900.97  4.187 1.4072e-06 
 0.0000  385 3.0096e-05 3299.42  941.45  4.012 1.2915e-06 
 0.0000  398 3.0331e-05 3298.13  955.11  3.951 1.2542e-06 
 0.0000  428 3.0836e-05 3295.10  983.56  3.822 1.1793e-06 
 0.0000  461 3.1340e-05 3291.72 1010.77  3.697 1.1110e-06 
 0.0000  466 3.1413e-05 3291.21 1014.58  3.679 1.1017e-06 
 0.0000  518 3.2123e-05 3285.77 1050.18  3.514 1.0184e-06 
 0.0000  566 3.2722e-05 3280.66 1077.77  3.389 9.5854e-07 
 0.0000  573 3.2806e-05 3279.91 1081.45  3.373 9.5091e-07 
 0.0000  622 3.3375e-05 3274.60 1105.18  3.271 9.0396e-07 
 0.0000  620 3.3353e-05 3274.82 1104.27  3.275 9.0568e-07 
 0.0000  667 3.3874e-05 3269.65 1124.30  3.195 8.6924e-07 
 0.0000  677 3.3983e-05 3268.54 1128.26  3.180 8.6242e-07 
 0.0000  719 3.4430e-05 3263.85 1143.85  3.124 8.3680e-07 
 0.0000  728 3.4525e-05 3262.83 1146.99  3.113 8.3186e-07 
 0.0000  771 3.4970e-05 3257.96 1161.17  3.066 8.1046e-07 
 0.0000  776 3.5021e-05 3257.39 1162.73  3.061 8.0818e-07 
 0.0000  821 3.5476e-05 3252.23 1176.09  3.018 7.8910e-07 
 0.0000  824 3.5506e-05 3251.88 1176.94  3.016 7.8791e-07 
 0.0000  867 3.5934e-05 3246.89 1188.56  2.978 7.7165e-07 
 0.0000  869 3.5954e-05 3246.66 1189.08  2.976 7.7093e-07 
 0.0000  919 3.6445e-05 3240.79 1201.42  2.934 7.5343e-07 
 0.0000  970 3.6940e-05 3234.73 1212.94  2.889 7.3642e-07 
 0.0000 1014 3.7363e-05 3229.44 1222.13  2.850 7.2216e-07 
 0.0000 1066 3.7859e-05 3223.13 1232.20  2.803 7.0574e-07 
 0.0000 1108 3.8257e-05 3217.99 1239.78  2.764 6.9286e-07 
 0.0000 1113 3.8304e-05 3217.37 1240.65  2.760 6.9135e-07 
 0.0000 1156 3.8709e-05 3212.05 1247.90  2.720 6.7867e-07 
 0.0000 1201 3.9132e-05 3206.43 1255.05  2.680 6.6597e-07 
 0.0000 1199 3.9113e-05 3206.68 1254.74  2.682 6.6652e-07 
 0.0000 1246 3.9553e-05 3200.76 1261.79  2.641 6.5389e-07 
NaN     NaN  NaN        NaN     NaN     NaN    NaN

% Rock: 18
%  (opx) enstatite                :  10.930
%  (opx) ferrosilite              :   1.070
%  (ol) fosterite                 :  79.260
%  (ol) fayalite                  :   7.740
%  (sp) spinel                    :   1.000
%P       T   alpha      rho     Cp      k_eff  kappa
 0.0000  294 2.7514e-05 3299.06  816.86  4.678 1.7359e-06 
 0.0000  295 2.7548e-05 3298.97  818.79  4.671 1.7291e-06 
 0.0000  313 2.8126e-05 3297.32  851.01  4.542 1.6185e-06 
 0.0000  319 2.8303e-05 3296.76  860.85  4.501 1.5860e-06 
 0.0000  326 2.8502e-05 3296.11  871.83  4.455 1.5504e-06 
 0.0000  351 2.9150e-05 3293.73  907.20  4.303 1.4401e-06 
 0.0000  381 2.9826e-05 3290.82  943.25  4.141 1.3341e-06 
 0.0000  391 3.0032e-05 3289.83  954.01  4.091 1.3036e-06 
 0.0000  426 3.0694e-05 3286.34  987.74  3.933 1.2115e-06 
 0.0000  431 3.0782e-05 3285.83  992.13  3.912 1.1999e-06 
 0.0000  467 3.1380e-05 3282.16 1021.04  3.772 1.1256e-06 
 0.0000  469 3.1412e-05 3281.95 1022.53  3.765 1.1219e-06 
 0.0000  470 3.1428e-05 3281.85 1023.27  3.761 1.1200e-06 
 0.0000  516 3.2114e-05 3277.06 1054.35  3.611 1.0450e-06 
 0.0000  526 3.2255e-05 3276.00 1060.45  3.581 1.0309e-06 
 0.0000  566 3.2796e-05 3271.74 1082.93  3.475 9.8073e-07 
 0.0000  575 3.2913e-05 3270.77 1087.60  3.453 9.7071e-07 
 0.0000  613 3.3394e-05 3266.66 1106.03  3.370 9.3274e-07 
 0.0000  618 3.3455e-05 3266.11 1108.31  3.360 9.2822e-07 
 0.0000  666 3.4033e-05 3260.82 1128.69  3.274 8.8967e-07 
 0.0000  672 3.4103e-05 3260.16 1131.06  3.265 8.8540e-07 
 0.0000  716 3.4611e-05 3255.23 1147.45  3.202 8.5725e-07 
 0.0000  724 3.4701e-05 3254.33 1150.25  3.192 8.5265e-07 
 0.0000  765 3.5159e-05 3249.67 1163.84  3.144 8.3120e-07 
 0.0000  775 3.5269e-05 3248.53 1166.97  3.133 8.2642e-07 
 0.0000  821 3.5770e-05 3243.22 1180.58  3.087 8.0623e-07 
 0.0000  820 3.5759e-05 3243.34 1180.30  3.088 8.0665e-07 
 0.0000  870 3.6294e-05 3237.50 1193.78  3.042 7.8708e-07 
 0.0000  873 3.6326e-05 3237.15 1194.55  3.039 7.8597e-07 
 0.0000  918 3.6799e-05 3231.83 1205.60  2.999 7.6975e-07 
 0.0000  918 3.6799e-05 3231.83 1205.60  2.999 7.6975e-07 
 0.0000  966 3.7298e-05 3226.09 1216.48  2.956 7.5321e-07 
 0.0000 1012 3.7772e-05 3220.52 1226.12  2.914 7.3784e-07 
 0.0000 1020 3.7854e-05 3219.55 1227.73  2.906 7.3520e-07 
 0.0000 1060 3.8262e-05 3214.65 1235.47  2.868 7.2221e-07 
 0.0000 1064 3.8303e-05 3214.16 1236.22  2.865 7.2093e-07 
 0.0000 1111 3.8779e-05 3208.34 1244.71  2.820 7.0614e-07 
NaN     NaN  NaN        NaN     NaN     NaN    NaN

% Warning: Mineral fractions have been normalized.
%   Normalization factor: 0.98.
% Rock: 19
%  (qz) alpha-quartz              :  31.633
%  (or) sanidine                  :  19.388
%  (plag) albite                  :  28.316
%  (plag) anorthite               :   9.439
%  (musc) paragonite              :   4.082
%  (bt) phlogopite                :   7.143
%P       T   alpha      rho     Cp      k_eff  kappa
 0.0000  298 2.4196e-05 2645.65  785.70  2.994 1.4404e-06 
 0.0000  347 2.8258e-05 2642.23  851.32  2.781 1.2363e-06 
 0.0000  383 3.0665e-05 2639.44  890.29  2.658 1.1311e-06 
 0.0000  474 3.5666e-05 2631.43  967.20  2.450 9.6279e-07 
 0.0000  571 4.0034e-05 2621.84 1025.86  2.372 8.8203e-07 
 0.0000  692 4.4971e-05 2608.31 1080.52  2.358 8.3679e-07 
 0.0000  747 4.7063e-05 2601.83 1100.18  2.352 8.2172e-07 
 0.0000  850 5.0964e-05 2588.68 1132.08  2.343 7.9933e-07 
 0.0000  893 5.2589e-05 2582.85 1143.76  2.343 7.9306e-07 
 0.0000  946 5.4545e-05 2575.56 1156.76  2.347 7.8783e-07 
 0.0000  993 5.6289e-05 2568.85 1167.44  2.354 7.8488e-07 
NaN     NaN  NaN        NaN     NaN     NaN    NaN

% Warning: Mineral fractions have been normalized.
%   Normalization factor: 0.99.
% Rock: 20
%  (qz) alpha-quartz              :  25.253
%  (or) sanidine                  :  31.313
%  (plag) albite                  :  33.636
%  (plag) anorthite               :   3.737
%  (musc) paragonite              :   2.020
%  (bt) phlogopite                :   4.040
%P       T   alpha      rho     Cp      k_eff  kappa
 0.0000  299 2.4242e-05 2619.81  758.39  2.755 1.3867e-06 
 0.0000  329 2.6553e-05 2617.80  801.55  2.681 1.2779e-06 
 0.0000  420 3.1769e-05 2610.79  900.83  2.521 1.0719e-06 
 0.0000  519 3.5959e-05 2602.09  974.49  2.455 9.6811e-07 
 0.0000  642 4.0360e-05 2589.89 1039.39  2.491 9.2538e-07 
 0.0000  743 4.3674e-05 2578.89 1079.16  2.544 9.1406e-07 
 0.0000  799 4.5454e-05 2572.44 1097.63  2.576 9.1230e-07 
 0.0000  862 4.7406e-05 2564.98 1115.85  2.619 9.1490e-07 
 0.0000  955 5.0268e-05 2553.38 1139.26  2.697 9.2708e-07 
 0.0000 1000 5.1650e-05 2547.53 1149.33  2.739 9.3553e-07 
NaN     NaN  NaN        NaN     NaN     NaN    NaN

% Warning: Mineral fractions have been normalized.
%   Normalization factor: 0.98.
% Rock: 21
%  (qz) alpha-quartz              :  25.510
%  (or) sanidine                  :  15.306
%  (plag) albite                  :  32.653
%  (plag) anorthite               :   8.163
%  (bt) phlogopite                :   5.102
%  (amph) hornblende              :  13.265
%P       T   alpha      rho     Cp      k_eff  kappa
 0.0000  294 2.1852e-05 2705.58  782.73  2.822 1.3326e-06 
 0.0000  369 2.7359e-05 2700.55  883.05  2.592 1.0869e-06 
 0.0000  477 3.2837e-05 2691.78  977.03  2.400 9.1253e-07 
 0.0000  584 3.7203e-05 2681.64 1040.84  2.345 8.4024e-07 
 0.0000  676 4.0563e-05 2672.05 1081.83  2.347 8.1175e-07 
 0.0000  788 4.4420e-05 2659.39 1120.88  2.349 7.8811e-07 
 0.0000  898 4.8116e-05 2645.85 1151.62  2.358 7.7384e-07 
 0.0000 1000 5.1467e-05 2632.55 1174.98  2.375 7.6773e-07 
NaN     NaN  NaN        NaN     NaN     NaN    NaN

