% Infile: cal2.in
% Warning: Mineral fractions have been normalized.
%   Normalization factor: 0.98.
% Rock: 1
%  (qz) alpha-quartz              :  34.423
%  (or) sanidine                  :  18.897
%  (plag) albite                  :  32.584
%  (plag) anorthite               :  13.279
%  (opx) enstatite                :   0.817
%P       T   alpha      rho     Cp      k_eff  kappa
 0.0000  294 2.0092e-05 2638.44  787.63  3.003 1.4449e-06 
 0.0000  314 2.2060e-05 2637.35  815.57  2.936 1.3648e-06 
 0.0000  344 2.4731e-05 2635.46  853.66  2.843 1.2636e-06 
 0.0000  375 2.7084e-05 2633.33  886.98  2.762 1.1827e-06 
 0.0000  435 3.0912e-05 2628.75  939.49  2.648 1.0723e-06 
 0.0000  493 3.4089e-05 2623.81  980.22  2.590 1.0070e-06 
 0.0000  552 3.6991e-05 2618.35 1014.35  2.579 9.7091e-07 
 0.0000  608 3.9611e-05 2612.68 1042.36  2.596 9.5316e-07 
 0.0000  666 4.2168e-05 2606.50 1067.13  2.620 9.4179e-07 
 0.0000  723 4.4589e-05 2600.11 1088.35  2.637 9.3186e-07 
 0.0000  777 4.6849e-05 2593.70 1106.35  2.648 9.2290e-07 
 0.0000  828 4.8943e-05 2587.40 1121.61  2.658 9.1600e-07 
NaN     NaN  NaN        NaN     NaN     NaN    NaN

% Warning: Mineral fractions have been normalized.
%   Normalization factor: 0.99.
% Rock: 2
%  (qz) alpha-quartz              :  31.351
%  (or) sanidine                  :  17.440
%  (plag) albite                  :  36.895
%  (plag) anorthite               :  11.694
%  (bt) phlogopite                :   0.302
%  (opx) enstatite                :   0.806
%  (opx) ferrosilite              :   1.512
%P       T   alpha      rho     Cp      k_eff  kappa
 0.0000  293 1.9658e-05 2650.85  781.98  2.905 1.4015e-06 
 0.0000  313 2.1581e-05 2649.79  810.27  2.847 1.3260e-06 
 0.0000  343 2.4129e-05 2647.97  848.16  2.768 1.2324e-06 
 0.0000  372 2.6280e-05 2646.02  880.15  2.702 1.1600e-06 
 0.0000  427 2.9738e-05 2641.91  930.41  2.606 1.0602e-06 
 0.0000  482 3.2663e-05 2637.41  970.59  2.552 9.9687e-07 
 0.0000  537 3.5290e-05 2632.51 1004.04  2.537 9.5971e-07 
 0.0000  593 3.7812e-05 2627.07 1033.41  2.550 9.3917e-07 
 0.0000  648 4.0121e-05 2621.48 1057.85  2.572 9.2753e-07 
 0.0000  703 4.2348e-05 2615.58 1079.27  2.592 9.1810e-07 
 0.0000  755 4.4440e-05 2609.61 1097.59  2.605 9.0955e-07 
 0.0000  807 4.6446e-05 2603.52 1113.65  2.616 9.0236e-07 
NaN     NaN  NaN        NaN     NaN     NaN    NaN

% Rock: 3
%  (qz) alpha-quartz              :  25.400
%  (or) sanidine                  :  27.000
%  (plag) albite                  :  31.700
%  (plag) anorthite               :  10.000
%  (amph) hornblende              :   5.100
%  (opx) enstatite                :   0.800
%P       T   alpha      rho     Cp      k_eff  kappa
 0.0000  293 2.1411e-05 2652.07  779.92  2.692 1.3012e-06 
 0.0000  314 2.3057e-05 2650.88  809.85  2.651 1.2348e-06 
 0.0000  338 2.4821e-05 2649.31  842.30  2.606 1.1679e-06 
 0.0000  364 2.6453e-05 2647.54  872.34  2.565 1.1106e-06 
 0.0000  417 2.9273e-05 2643.65  923.26  2.500 1.0244e-06 
 0.0000  472 3.1760e-05 2639.24  965.79  2.462 9.6598e-07 
 0.0000  527 3.4002e-05 2634.45 1001.24  2.456 9.3104e-07 
 0.0000  582 3.6070e-05 2629.35 1031.06  2.475 9.1301e-07 
 0.0000  641 3.8137e-05 2623.64 1058.00  2.510 9.0406e-07 
 0.0000  700 4.0142e-05 2617.57 1081.48  2.546 8.9947e-07 
 0.0000  756 4.1985e-05 2611.56 1100.92  2.580 8.9734e-07 
 0.0000  811 4.3753e-05 2605.45 1117.82  2.614 8.9768e-07 
NaN     NaN  NaN        NaN     NaN     NaN    NaN

% Warning: Mineral fractions have been normalized.
%   Normalization factor: 0.99.
% Rock: 4
%  (qz) alpha-quartz              :  18.310
%  (or) orthoclase                :  42.254
%  (plag) albite                  :  23.541
%  (plag) anorthite               :   9.356
%  (cpx) diopside                 :   1.610
%  (cpx) hedenbergite             :   2.213
%  (opx) enstatite                :   0.805
%  (sp) magnetite                 :   1.911
%P       T   alpha      rho     Cp      k_eff  kappa
 0.0000  295 2.4539e-05 2663.75  766.74  2.461 1.2051e-06 
 0.0000  312 2.5559e-05 2662.62  791.95  2.443 1.1587e-06 
 0.0000  341 2.7095e-05 2660.57  830.70  2.415 1.0929e-06 
 0.0000  369 2.8363e-05 2658.51  862.88  2.393 1.0430e-06 
 0.0000  425 3.0509e-05 2654.13  916.29  2.359 9.6990e-07 
 0.0000  480 3.2290e-05 2649.57  958.02  2.344 9.2358e-07 
 0.0000  536 3.3936e-05 2644.61  993.44  2.350 8.9453e-07 
 0.0000  595 3.5523e-05 2639.18 1024.26  2.373 8.7781e-07 
 0.0000  653 3.6973e-05 2633.71 1049.48  2.401 8.6854e-07 
 0.0000  708 3.8323e-05 2628.23 1070.53  2.426 8.6219e-07 
 0.0000  765 3.9684e-05 2622.37 1089.61  2.449 8.5695e-07 
 0.0000  817 4.0885e-05 2616.94 1104.81  2.467 8.5335e-07 
NaN     NaN  NaN        NaN     NaN     NaN    NaN

% Warning: Mineral fractions have been normalized.
%   Normalization factor: 1.00.
% Rock: 5
%  (qz) alpha-quartz              :  44.444
%  (or) sanidine                  :   1.401
%  (plag) albite                  :  25.726
%  (plag) anorthite               :  16.316
%  (bt) phlogopite                :   1.201
%  (opx) enstatite                :   2.703
%  (opx) ferrosilite              :   3.203
%  (gt) pyrope                    :   1.702
%  (gt) almandine                 :   2.803
%  (gt) grossular                 :   0.501
%P       T   alpha      rho     Cp      k_eff  kappa
 0.0000  293 1.8792e-05 2747.29  792.00  3.739 1.7184e-06 
 0.0000  315 2.1455e-05 2746.10  822.36  3.580 1.5852e-06 
 0.0000  346 2.4742e-05 2744.14  859.28  3.384 1.4352e-06 
 0.0000  377 2.7661e-05 2741.88  891.33  3.216 1.3161e-06 
 0.0000  437 3.2410e-05 2736.97  941.20  2.977 1.1557e-06 
 0.0000  494 3.6355e-05 2731.60  979.68  2.836 1.0599e-06 
 0.0000  550 3.9914e-05 2725.74 1011.61  2.767 1.0036e-06 
 0.0000  606 4.3259e-05 2719.36 1039.02  2.738 9.6911e-07 
 0.0000  662 4.6427e-05 2712.58 1062.68  2.718 9.4276e-07 
 0.0000  717 4.9467e-05 2705.44 1083.39  2.688 9.1704e-07 
 0.0000  773 5.2480e-05 2697.77 1102.14  2.647 8.9025e-07 
 0.0000  823 5.5174e-05 2690.46 1117.52  2.606 8.6674e-07 
NaN     NaN  NaN        NaN     NaN     NaN    NaN

% Rock: 6
%  (qz) alpha-quartz              :  40.700
%  (or) sanidine                  :   1.100
%  (plag) albite                  :  33.600
%  (plag) anorthite               :  10.900
%  (bt) phlogopite                :   8.700
%  (opx) enstatite                :   0.900
%  (opx) ferrosilite              :   0.600
%  (gt) pyrope                    :   1.400
%  (gt) almandine                 :   2.100
%P       T   alpha      rho     Cp      k_eff  kappa
 0.0000  295 2.1073e-05 2702.55  782.29  3.493 1.6523e-06 
 0.0000  312 2.3102e-05 2701.53  807.05  3.369 1.5453e-06 
 0.0000  341 2.6052e-05 2699.66  843.15  3.189 1.4010e-06 
 0.0000  367 2.8512e-05 2697.68  873.08  3.042 1.2916e-06 
 0.0000  422 3.2836e-05 2693.12  924.27  2.806 1.1274e-06 
 0.0000  474 3.6339e-05 2688.31  963.42  2.656 1.0255e-06 
 0.0000  530 3.9736e-05 2682.62  998.62  2.560 9.5572e-07 
 0.0000  587 4.2995e-05 2676.23 1029.46  2.510 9.1117e-07 
 0.0000  645 4.6085e-05 2669.37 1055.97  2.479 8.7956e-07 
 0.0000  702 4.9029e-05 2662.14 1078.83  2.445 8.5147e-07 
 0.0000  758 5.1833e-05 2654.68 1098.60  2.404 8.2432e-07 
 0.0000  808 5.4332e-05 2647.58 1114.70  2.363 8.0065e-07 
NaN     NaN  NaN        NaN     NaN     NaN    NaN

% Warning: Mineral fractions have been normalized.
%   Normalization factor: 0.95.
% Rock: 7
%  (qz) alpha-quartz              :  34.208
%  (or) sanidine                  :   2.518
%  (plag) albite                  :  41.028
%  (plag) anorthite               :  16.684
%  (amph) hornblende              :   1.154
%  (cpx) diopside                 :   2.833
%  (cpx) hedenbergite             :   1.574
%P       T   alpha      rho     Cp      k_eff  kappa
 0.0000  292 1.6842e-05 2683.99  802.44  3.058 1.4199e-06 
 0.0000  314 1.9212e-05 2682.94  834.03  2.972 1.3281e-06 
 0.0000  342 2.1877e-05 2681.39  869.61  2.872 1.2319e-06 
 0.0000  370 2.4192e-05 2679.64  900.28  2.787 1.1551e-06 
 0.0000  422 2.7831e-05 2676.03  947.27  2.662 1.0500e-06 
 0.0000  477 3.1143e-05 2671.69  987.69  2.576 9.7607e-07 
 0.0000  534 3.4240e-05 2666.66 1022.64  2.534 9.2919e-07 
 0.0000  593 3.7129e-05 2661.12 1052.38  2.526 9.0192e-07 
 0.0000  647 3.9681e-05 2655.57 1076.26  2.528 8.8440e-07 
 0.0000  706 4.2344e-05 2649.16 1098.87  2.523 8.6679e-07 
 0.0000  761 4.4765e-05 2642.82 1117.50  2.510 8.4983e-07 
 0.0000  813 4.7003e-05 2636.55 1133.23  2.492 8.3421e-07 
NaN     NaN  NaN        NaN     NaN     NaN    NaN

% Warning: Mineral fractions have been normalized.
%   Normalization factor: 0.99.
% Rock: 8
%  (qz) alpha-quartz              :  20.926
%  (or) sanidine                  :  10.664
%  (plag) albite                  :  38.934
%  (plag) anorthite               :  19.920
%  (bt) phlogopite                :   1.207
%  (opx) enstatite                :   4.225
%  (opx) ferrosilite              :   4.125
%P       T   alpha      rho     Cp      k_eff  kappa
 0.0000  295 1.8550e-05 2707.36  839.71  2.478 1.0901e-06 
 0.0000  314 2.0034e-05 2706.36  866.16  2.449 1.0447e-06 
 0.0000  344 2.2019e-05 2704.69  902.15  2.408 9.8684e-07 
 0.0000  372 2.3651e-05 2702.95  931.91  2.374 9.4254e-07 
 0.0000  430 2.6455e-05 2699.04  982.22  2.322 8.7594e-07 
 0.0000  484 2.8685e-05 2694.99 1020.17  2.296 8.3528e-07 
 0.0000  542 3.0809e-05 2690.32 1053.61  2.294 8.0933e-07 
 0.0000  597 3.2652e-05 2685.63 1080.11  2.308 7.9577e-07 
 0.0000  640 3.4027e-05 2681.76 1098.25  2.324 7.8894e-07 
 0.0000  682 3.5317e-05 2677.87 1114.02  2.338 7.8365e-07 
 0.0000  737 3.6961e-05 2672.55 1132.46  2.353 7.7748e-07 
 0.0000  813 3.9172e-05 2664.83 1154.55  2.371 7.7051e-07 
NaN     NaN  NaN        NaN     NaN     NaN    NaN

% Warning: Mineral fractions have been normalized.
%   Normalization factor: 0.99.
% Rock: 9
%  (qz) alpha-quartz              :  13.982
%  (plag) albite                  :  42.351
%  (plag) anorthite               :  17.123
%  (opx) enstatite                :  15.096
%  (opx) ferrosilite              :   8.105
%  (gt) pyrope                    :   1.520
%  (gt) almandine                 :   1.824
%P       T   alpha      rho     Cp      k_eff  kappa
 0.0000  294 1.7183e-05 2838.70  834.60  2.490 1.0511e-06 
 0.0000  312 1.8479e-05 2837.78  861.02  2.466 1.0094e-06 
 0.0000  343 2.0370e-05 2836.06  900.74  2.429 9.5099e-07 
 0.0000  372 2.1867e-05 2834.31  932.75  2.399 9.0754e-07 
 0.0000  431 2.4341e-05 2830.48  985.33  2.352 8.4347e-07 
 0.0000  486 2.6277e-05 2826.53 1024.77  2.326 8.0302e-07 
 0.0000  541 2.7979e-05 2822.30 1057.15  2.316 7.7639e-07 
 0.0000  599 2.9620e-05 2817.56 1085.77  2.319 7.5802e-07 
 0.0000  655 3.1086e-05 2812.79 1109.00  2.325 7.4546e-07 
 0.0000  712 3.2501e-05 2807.75 1129.31  2.330 7.3490e-07 
 0.0000  766 3.3822e-05 2802.68 1146.51  2.332 7.2575e-07 
 0.0000  816 3.5006e-05 2797.86 1160.56  2.332 7.1818e-07 
NaN     NaN  NaN        NaN     NaN     NaN    NaN

% Warning: Mineral fractions have been normalized.
%   Normalization factor: 0.88.
% Rock: 10
%  (plag) albite                  :  18.793
%  (plag) anorthite               :  17.882
%  (bt) phlogopite                :  13.781
%  (amph) pargasite               :  15.148
%  (opx) ferrosilite              :  10.251
%  (gt) pyrope                    :  11.959
%  (gt) almandine                 :  12.187
%P       T   alpha      rho     Cp      k_eff  kappa
 0.0000  296 2.4499e-05 3100.30  859.35  2.516 9.4428e-07 
 0.0000  316 2.4994e-05 3098.81  888.03  2.465 8.9575e-07 
 0.0000  347 2.5646e-05 3096.36  927.99  2.392 8.3261e-07 
 0.0000  379 2.6184e-05 3093.81  962.55  2.328 7.8165e-07 
 0.0000  439 2.6976e-05 3088.85 1015.15  2.226 7.0978e-07 
 0.0000  496 2.7546e-05 3084.10 1053.24  2.150 6.6175e-07 
 0.0000  551 2.8007e-05 3079.38 1083.17  2.089 6.2644e-07 
 0.0000  608 2.8420e-05 3074.42 1108.66  2.039 5.9830e-07 
 0.0000  663 2.8776e-05 3069.57 1129.28  2.000 5.7700e-07 
 0.0000  719 2.9106e-05 3064.62 1147.07  1.968 5.5974e-07 
 0.0000  774 2.9411e-05 3059.68 1162.28  1.941 5.4576e-07 
 0.0000  824 2.9674e-05 3055.17 1174.42  1.920 5.3499e-07 
NaN     NaN  NaN        NaN     NaN     NaN    NaN

% Warning: Mineral fractions have been normalized.
%   Normalization factor: 1.00.
% Rock: 11
%  (qz) alpha-quartz              :  17.183
%  (or) sanidine                  :   1.199
%  (plag) albite                  :  15.784
%  (plag) anorthite               :  18.382
%  (chl) clinochore               :   2.597
%  (amph) hornblende              :   1.399
%  (cpx) diopside                 :  20.579
%  (cpx) hedenbergite             :   8.192
%  (opx) enstatite                :   1.299
%  (opx) ferrosilite              :   0.799
%  (gt) pyrope                    :   3.497
%  (gt) almandine                 :   6.294
%  (gt) grossular                 :   2.797
%P       T   alpha      rho     Cp      k_eff  kappa
 0.0000  313 2.2148e-05 2991.96  833.76  3.215 1.2888e-06 
 0.0000  347 2.3953e-05 2989.59  880.73  3.075 1.1680e-06 
 0.0000  378 2.5350e-05 2987.29  916.22  2.967 1.0841e-06 
 0.0000  437 2.7581e-05 2982.67  969.81  2.805 9.6964e-07 
 0.0000  492 2.9417e-05 2977.93 1009.88  2.694 8.9573e-07 
 0.0000  547 3.1042e-05 2973.03 1041.73  2.620 8.4601e-07 
 0.0000  603 3.2614e-05 2967.69 1069.20  2.568 8.0941e-07 
 0.0000  660 3.4113e-05 2962.11 1092.45  2.528 7.8124e-07 
 0.0000  714 3.5513e-05 2956.49 1111.80  2.492 7.5827e-07 
 0.0000  768 3.6867e-05 2950.74 1128.57  2.458 7.3820e-07 
 0.0000  819 3.8138e-05 2945.07 1142.74  2.427 7.2119e-07 
NaN     NaN  NaN        NaN     NaN     NaN    NaN

% Warning: Mineral fractions have been normalized.
%   Normalization factor: 1.00.
% Rock: 12
%  (qz) alpha-quartz              :   1.297
%  (plag) albite                  :  29.142
%  (plag) anorthite               :  18.463
%  (amph) hornblende              :  11.477
%  (cpx) diopside                 :  18.363
%  (cpx) hedenbergite             :   8.982
%  (opx) enstatite                :   7.285
%  (opx) ferrosilite              :   3.892
%  (sp) magnetite                 :   1.098
%P       T   alpha      rho     Cp      k_eff  kappa
 0.0000  294 2.0160e-05 2997.49  823.72  2.484 1.0059e-06 
 0.0000  317 2.0890e-05 2996.05  861.93  2.452 9.4940e-07 
 0.0000  350 2.1718e-05 2993.98  906.89  2.412 8.8827e-07 
 0.0000  381 2.2369e-05 2991.92  943.09  2.378 8.4273e-07 
 0.0000  441 2.3374e-05 2987.79  999.08  2.323 7.7808e-07 
 0.0000  498 2.4122e-05 2983.79 1039.51  2.282 7.3575e-07 
 0.0000  552 2.4737e-05 2979.82 1070.96  2.252 7.0577e-07 
 0.0000  608 2.5296e-05 2975.66 1097.58  2.230 6.8290e-07 
 0.0000  662 2.5795e-05 2971.52 1119.47  2.216 6.6616e-07 
 0.0000  721 2.6295e-05 2967.00 1139.48  2.207 6.5270e-07 
 0.0000  771 2.6706e-05 2963.03 1154.55  2.202 6.4372e-07 
 0.0000  819 2.7077e-05 2959.25 1167.10  2.199 6.3683e-07 
NaN     NaN  NaN        NaN     NaN     NaN    NaN

% Rock: 13
%  (qz) alpha-quartz              :   4.700
%  (or) sanidine                  :   6.500
%  (plag) albite                  :  54.100
%  (plag) anorthite               :  17.100
%  (bt) phlogopite                :   5.000
%  (amph) hornblende              :  12.600
%P       T   alpha      rho     Cp      k_eff  kappa
 0.0000  293 1.7272e-05 2714.81  855.17  1.936 8.3385e-07 
 0.0000  314 1.8459e-05 2713.79  886.90  1.931 8.0234e-07 
 0.0000  344 1.9856e-05 2712.24  926.21  1.925 7.6643e-07 
 0.0000  375 2.1051e-05 2710.51  961.24  1.921 7.3713e-07 
 0.0000  435 2.2876e-05 2706.96 1015.94  1.915 6.9648e-07 
 0.0000  490 2.4224e-05 2703.41 1055.88  1.916 6.7137e-07 
 0.0000  545 2.5345e-05 2699.76 1087.69  1.923 6.5493e-07 
 0.0000  589 2.6155e-05 2696.71 1109.40  1.932 6.4584e-07 
 0.0000  654 2.7257e-05 2691.99 1136.84  1.949 6.3693e-07 
 0.0000  710 2.8123e-05 2687.85 1156.49  1.965 6.3230e-07 
 0.0000  764 2.8919e-05 2683.72 1173.05  1.982 6.2960e-07 
NaN     NaN  NaN        NaN     NaN     NaN    NaN

% Warning: Mineral fractions have been normalized.
%   Normalization factor: 1.00.
% Rock: 14
%  (qz) alpha-quartz              :  27.928
%  (or) sanidine                  :   4.404
%  (plag) albite                  :  50.751
%  (plag) anorthite               :  12.112
%  (bt) phlogopite                :   2.302
%  (gt) pyrope                    :   1.101
%  (gt) almandine                 :   1.401
%P       T   alpha      rho     Cp      k_eff  kappa
 0.0000  295 1.7124e-05 2667.53  799.30  2.753 1.2914e-06 
 0.0000  316 1.9257e-05 2666.51  829.48  2.696 1.2190e-06 
 0.0000  347 2.1939e-05 2664.82  868.25  2.622 1.1333e-06 
 0.0000  374 2.3985e-05 2663.14  898.08  2.565 1.0726e-06 
 0.0000  430 2.7521e-05 2659.31  948.94  2.475 9.8094e-07 
 0.0000  486 3.0507e-05 2655.01  989.87  2.422 9.2153e-07 
 0.0000  542 3.3187e-05 2650.24 1024.03  2.402 8.8515e-07 
 0.0000  600 3.5702e-05 2644.99 1053.38  2.405 8.6322e-07 
 0.0000  656 3.8025e-05 2639.50 1078.01  2.413 8.4810e-07 
 0.0000  712 4.0253e-05 2633.68 1099.45  2.416 8.3423e-07 
 0.0000  767 4.2352e-05 2627.75 1117.78  2.411 8.2087e-07 
 0.0000  817 4.4235e-05 2622.07 1132.81  2.404 8.0931e-07 
NaN     NaN  NaN        NaN     NaN     NaN    NaN

% Rock: 15
%  (qz) alpha-quartz              :  18.500
%  (or) sanidine                  :  45.800
%  (plag) albite                  :  20.700
%  (plag) anorthite               :   4.900
%  (bt) phlogopite                :   4.200
%  (gt) pyrope                    :   3.000
%  (gt) almandine                 :   2.900
%P       T   alpha      rho     Cp      k_eff  kappa
 0.0000  296 2.6660e-05 2658.22  758.74  2.531 1.2547e-06 
 0.0000  313 2.7647e-05 2657.00  783.61  2.508 1.2048e-06 
 0.0000  344 2.9218e-05 2654.67  824.13  2.473 1.1301e-06 
 0.0000  374 3.0542e-05 2652.27  858.64  2.443 1.0728e-06 
 0.0000  433 3.2718e-05 2647.35  914.09  2.404 9.9323e-07 
 0.0000  487 3.4431e-05 2642.55  955.01  2.391 9.4745e-07 
 0.0000  545 3.6087e-05 2637.14  991.19  2.404 9.1983e-07 
 0.0000  598 3.7488e-05 2632.01 1018.82  2.436 9.0826e-07 
 0.0000  654 3.8893e-05 2626.41 1043.80  2.480 9.0465e-07 
 0.0000  709 4.0235e-05 2620.68 1065.19  2.531 9.0657e-07 
 0.0000  763 4.1517e-05 2614.89 1083.57  2.587 9.1291e-07 
 0.0000  814 4.2696e-05 2609.33 1098.89  2.647 9.2307e-07 
NaN     NaN  NaN        NaN     NaN     NaN    NaN

