% Rock: 3
%  (plag) anorthite               :   0.71
%  (cpx) diopside                 :   3.82
%  (cpx) hedenbergite             :   0.41
%  (opx) enstatite                :  17.49
%  (opx) ferrosilite              :   1.94
%  (ol) fosterite                 :  68.43
%  (ol) fayalite                  :   7.20
%P       T   alpha      rho     Cp      k_eff  kappa
 0.2500  350 2.8995e-05 3320.88  900.27  4.172 1.3956e-06 
 0.2500  400 2.9931e-05 3315.93  957.86  3.934 1.2385e-06 
 0.2500  450 3.0708e-05 3310.85 1002.88  3.736 1.1252e-06 
 0.2500  500 3.1387e-05 3305.66 1039.36  3.570 1.0390e-06 
 0.2500  550 3.2002e-05 3300.36 1069.73  3.428 9.7109e-07 
 0.2500  600 3.2573e-05 3294.98 1095.55  3.308 9.1628e-07 
 0.2500  650 3.3112e-05 3289.52 1117.86  3.205 8.7147e-07 
 0.2500  700 3.3630e-05 3283.98 1137.41  3.118 8.3468e-07 
 0.2500  750 3.4130e-05 3278.36 1154.73  3.046 8.0464e-07 
 0.2500  800 3.4618e-05 3272.67 1170.22  2.989 7.8048e-07 
 0.2500  850 3.5097e-05 3266.91 1184.18  2.946 7.6161e-07 
 0.2500  900 3.5568e-05 3261.08 1196.85  2.918 7.4752e-07 
 0.2500  950 3.6032e-05 3255.19 1208.43  2.902 7.3776e-07 
 0.2500 1000 3.6492e-05 3249.23 1219.06  2.899 7.3181e-07 
 0.2500 1050 3.6948e-05 3243.20 1228.86  2.906 7.2908e-07 
 0.2500 1100 3.7401e-05 3237.12 1237.94  2.921 7.2889e-07 
 0.2500 1150 3.7851e-05 3230.97 1246.38  2.942 7.3052e-07 
 0.2500 1200 3.8298e-05 3224.76 1254.26  2.966 7.3321e-07 
 0.2500 1250 3.8744e-05 3218.48 1261.63  2.990 7.3627e-07 
 0.2500 1300 3.9188e-05 3212.15 1268.55  3.012 7.3908e-07 
 0.2500 1350 3.9631e-05 3205.76 1275.06  3.030 7.4117e-07 
 0.2500 1400 4.0072e-05 3199.31 1281.21  3.042 7.4224e-07 
 0.2500 1450 4.0513e-05 3192.80 1287.01  3.050 7.4214e-07 
 0.2500 1500 4.0952e-05 3186.23 1292.51  3.051 7.4085e-07 
 0.2500 1550 4.1391e-05 3179.61 1297.73  3.047 7.3848e-07 
 0.2500 1600 4.1829e-05 3172.93 1302.69  3.039 7.3520e-07 
 0.5000  350 2.8635e-05 3327.56  899.68  4.216 1.4082e-06 
 0.5000  400 2.9561e-05 3322.60  957.32  3.974 1.2495e-06 
 0.5000  450 3.0330e-05 3317.51 1002.35  3.775 1.1352e-06 
 0.5000  500 3.1002e-05 3312.31 1038.83  3.607 1.0482e-06 
 0.5000  550 3.1610e-05 3307.00 1069.19  3.464 9.7960e-07 
 0.5000  600 3.2174e-05 3301.61 1094.99  3.341 9.2428e-07 
 0.5000  650 3.2708e-05 3296.14 1117.28  3.237 8.7904e-07 
 0.5000  700 3.3219e-05 3290.58 1136.80  3.149 8.4189e-07 
 0.5000  750 3.3715e-05 3284.95 1154.09  3.077 8.1154e-07 
 0.5000  800 3.4197e-05 3279.25 1169.55  3.019 7.8712e-07 
 0.5000  850 3.4671e-05 3273.48 1183.48  2.975 7.6800e-07 
 0.5000  900 3.5136e-05 3267.64 1196.12  2.946 7.5371e-07 
 0.5000  950 3.5596e-05 3261.74 1207.65  2.930 7.4376e-07 
 0.5000 1000 3.6050e-05 3255.76 1218.24  2.926 7.3765e-07 
 0.5000 1050 3.6501e-05 3249.73 1228.01  2.932 7.3477e-07 
 0.5000 1100 3.6949e-05 3243.63 1237.05  2.947 7.3446e-07 
 0.5000 1150 3.7394e-05 3237.47 1245.45  2.968 7.3597e-07 
 0.5000 1200 3.7836e-05 3231.24 1253.29  2.991 7.3856e-07 
 0.5000 1250 3.8277e-05 3224.96 1260.62  3.015 7.4151e-07 
 0.5000 1300 3.8716e-05 3218.61 1267.49  3.036 7.4424e-07 
 0.5000 1350 3.9154e-05 3212.21 1273.96  3.054 7.4625e-07 
 0.5000 1400 3.9590e-05 3205.75 1280.06  3.066 7.4724e-07 
 0.5000 1450 4.0026e-05 3199.22 1285.82  3.073 7.4707e-07 
 0.5000 1500 4.0460e-05 3192.64 1291.27  3.074 7.4571e-07 
 0.5000 1550 4.0894e-05 3186.01 1296.44  3.070 7.4328e-07 
 0.5000 1600 4.1327e-05 3179.31 1301.36  3.061 7.3994e-07 
 0.7500  350 2.8284e-05 3334.18  899.10  4.259 1.4207e-06 
 0.7500  400 2.9200e-05 3329.21  956.77  4.015 1.2605e-06 
 0.7500  450 2.9961e-05 3324.11 1001.83  3.813 1.1451e-06 
 0.7500  500 3.0626e-05 3318.90 1038.31  3.643 1.0573e-06 
 0.7500  550 3.1227e-05 3313.59 1068.66  3.499 9.8809e-07 
 0.7500  600 3.1786e-05 3308.18 1094.44  3.375 9.3225e-07 
 0.7500  650 3.2314e-05 3302.70 1116.71  3.270 8.8658e-07 
 0.7500  700 3.2820e-05 3297.13 1136.20  3.181 8.4908e-07 
 0.7500  750 3.3309e-05 3291.49 1153.46  3.107 8.1842e-07 
 0.7500  800 3.3787e-05 3285.78 1168.89  3.048 7.9373e-07 
 0.7500  850 3.4255e-05 3280.00 1182.78  3.004 7.7438e-07 
 0.7500  900 3.4715e-05 3274.15 1195.38  2.974 7.5988e-07 
 0.7500  950 3.5170e-05 3268.23 1206.89  2.957 7.4975e-07 
 0.7500 1000 3.5619e-05 3262.25 1217.44  2.953 7.4347e-07 
 0.7500 1050 3.6065e-05 3256.20 1227.16  2.959 7.4045e-07 
 0.7500 1100 3.6508e-05 3250.09 1236.16  2.973 7.4001e-07 
 0.7500 1150 3.6948e-05 3243.91 1244.53  2.993 7.4140e-07 
 0.7500 1200 3.7386e-05 3237.68 1252.32  3.016 7.4388e-07 
 0.7500 1250 3.7821e-05 3231.38 1259.61  3.039 7.4674e-07 
 0.7500 1300 3.8256e-05 3225.02 1266.45  3.061 7.4938e-07 
 0.7500 1350 3.8689e-05 3218.60 1272.87  3.078 7.5131e-07 
 0.7500 1400 3.9120e-05 3212.13 1278.92  3.090 7.5223e-07 
 0.7500 1450 3.9551e-05 3205.59 1284.64  3.097 7.5198e-07 
 0.7500 1500 3.9981e-05 3199.00 1290.05  3.097 7.5057e-07 
 0.7500 1550 4.0410e-05 3192.35 1295.17  3.093 7.4807e-07 
 0.7500 1600 4.0838e-05 3185.64 1300.04  3.084 7.4468e-07 
 1.0000  350 2.7942e-05 3340.75  898.52  4.302 1.4332e-06 
 1.0000  400 2.8849e-05 3335.77  956.23  4.056 1.2715e-06 
 1.0000  450 2.9602e-05 3330.66 1001.30  3.852 1.1550e-06 
 1.0000  500 3.0259e-05 3325.44 1037.78  3.680 1.0664e-06 
 1.0000  550 3.0854e-05 3320.11 1068.12  3.534 9.9654e-07 
 1.0000  600 3.1407e-05 3314.70 1093.89  3.409 9.4019e-07 
 1.0000  650 3.1929e-05 3309.20 1116.13  3.302 8.9411e-07 
 1.0000  700 3.2430e-05 3303.63 1135.60  3.212 8.5624e-07 
 1.0000  750 3.2914e-05 3297.98 1152.83  3.138 8.2528e-07 
 1.0000  800 3.3387e-05 3292.25 1168.23  3.078 8.0032e-07 
 1.0000  850 3.3849e-05 3286.46 1182.09  3.033 7.8074e-07 
 1.0000  900 3.4305e-05 3280.60 1194.66  3.002 7.6603e-07 
 1.0000  950 3.4754e-05 3274.67 1206.13  2.985 7.5572e-07 
 1.0000 1000 3.5199e-05 3268.67 1216.64  2.980 7.4928e-07 
 1.0000 1050 3.5640e-05 3262.61 1226.33  2.985 7.4611e-07 
 1.0000 1100 3.6078e-05 3256.49 1235.29  2.999 7.4554e-07 
 1.0000 1150 3.6513e-05 3250.30 1243.61  3.019 7.4682e-07 
 1.0000 1200 3.6946e-05 3244.05 1251.37  3.041 7.4919e-07 
 1.0000 1250 3.7377e-05 3237.75 1258.62  3.064 7.5196e-07 
 1.0000 1300 3.7807e-05 3231.38 1265.41  3.085 7.5451e-07 
 1.0000 1350 3.8235e-05 3224.95 1271.79  3.102 7.5636e-07 
 1.0000 1400 3.8662e-05 3218.46 1277.80  3.114 7.5720e-07 
 1.0000 1450 3.9088e-05 3211.91 1283.47  3.120 7.5689e-07 
 1.0000 1500 3.9513e-05 3205.30 1288.83  3.121 7.5540e-07 
 1.0000 1550 3.9937e-05 3198.64 1293.91  3.116 7.5285e-07 
 1.0000 1600 4.0361e-05 3191.92 1298.74  3.107 7.4940e-07 
NaN     NaN  NaN        NaN     NaN     NaN    NaN

% Rock: 4
%  (cpx) diopside                 :   4.49
%  (cpx) hedenbergite             :   0.41
%  (opx) enstatite                :  18.77
%  (opx) ferrosilite              :   1.93
%  (ol) fosterite                 :  66.55
%  (ol) fayalite                  :   7.15
%  (sp) spinel                    :   0.70
%P       T   alpha      rho     Cp      k_eff  kappa
 1.0000  350 2.8074e-05 3345.89  895.39  4.323 1.4431e-06 
 1.0000  400 2.8968e-05 3340.89  953.31  4.072 1.2784e-06 
 1.0000  450 2.9711e-05 3335.75  998.60  3.864 1.1599e-06 
 1.0000  500 3.0362e-05 3330.50 1035.29  3.689 1.0698e-06 
 1.0000  550 3.0952e-05 3325.15 1065.81  3.540 9.9877e-07 
 1.0000  600 3.1500e-05 3319.72 1091.73  3.412 9.4153e-07 
 1.0000  650 3.2019e-05 3314.20 1114.11  3.304 8.9472e-07 
 1.0000  700 3.2517e-05 3308.60 1133.70  3.212 8.5626e-07 
 1.0000  750 3.2999e-05 3302.92 1151.03  3.136 8.2476e-07 
 1.0000  800 3.3470e-05 3297.18 1166.51  3.074 7.9931e-07 
 1.0000  850 3.3931e-05 3291.36 1180.45  3.028 7.7926e-07 
 1.0000  900 3.4385e-05 3285.48 1193.09  2.995 7.6408e-07 
 1.0000  950 3.4833e-05 3279.53 1204.62  2.976 7.5328e-07 
 1.0000 1000 3.5277e-05 3273.51 1215.19  2.969 7.4633e-07 
 1.0000 1050 3.5717e-05 3267.43 1224.92  2.972 7.4263e-07 
 1.0000 1100 3.6154e-05 3261.28 1233.93  2.984 7.4151e-07 
 1.0000 1150 3.6588e-05 3255.08 1242.29  3.001 7.4222e-07 
 1.0000 1200 3.7020e-05 3248.81 1250.08  3.022 7.4404e-07 
 1.0000 1250 3.7450e-05 3242.48 1257.36  3.043 7.4627e-07 
 1.0000 1300 3.7879e-05 3236.08 1264.19  3.061 7.4831e-07 
 1.0000 1350 3.8307e-05 3229.63 1270.60  3.076 7.4971e-07 
 1.0000 1400 3.8733e-05 3223.12 1276.63  3.087 7.5015e-07 
 1.0000 1450 3.9158e-05 3216.55 1282.33  3.091 7.4949e-07 
 1.0000 1500 3.9583e-05 3209.93 1287.71  3.091 7.4773e-07 
 1.0000 1550 4.0007e-05 3203.24 1292.81  3.085 7.4494e-07 
 1.0000 1600 4.0430e-05 3196.50 1297.65  3.075 7.4131e-07 
 1.2500  350 2.7735e-05 3352.40  894.82  4.367 1.4558e-06 
 1.2500  400 2.8619e-05 3347.38  952.78  4.113 1.2896e-06 
 1.2500  450 2.9355e-05 3342.23  998.09  3.903 1.1699e-06 
 1.2500  500 2.9999e-05 3336.97 1034.77  3.726 1.0790e-06 
 1.2500  550 3.0583e-05 3331.62 1065.28  3.575 1.0073e-06 
 1.2500  600 3.1125e-05 3326.17 1091.19  3.446 9.4957e-07 
 1.2500  650 3.1639e-05 3320.64 1113.55  3.337 9.0233e-07 
 1.2500  700 3.2131e-05 3315.03 1133.11  3.244 8.6349e-07 
 1.2500  750 3.2609e-05 3309.34 1150.41  3.166 8.3168e-07 
 1.2500  800 3.3074e-05 3303.59 1165.86  3.104 8.0596e-07 
 1.2500  850 3.3530e-05 3297.76 1179.77  3.057 7.8567e-07 
 1.2500  900 3.3979e-05 3291.86 1192.37  3.023 7.7028e-07 
 1.2500  950 3.4423e-05 3285.90 1203.87  3.004 7.5930e-07 
 1.2500 1000 3.4861e-05 3279.87 1214.40  2.996 7.5218e-07 
 1.2500 1050 3.5297e-05 3273.78 1224.10  2.999 7.4833e-07 
 1.2500 1100 3.5729e-05 3267.62 1233.07  3.010 7.4707e-07 
 1.2500 1150 3.6158e-05 3261.40 1241.39  3.027 7.4767e-07 
 1.2500 1200 3.6586e-05 3255.12 1249.14  3.047 7.4938e-07 
 1.2500 1250 3.7011e-05 3248.78 1256.38  3.067 7.5151e-07 
 1.2500 1300 3.7435e-05 3242.38 1263.16  3.086 7.5346e-07 
 1.2500 1350 3.7858e-05 3235.91 1269.53  3.101 7.5478e-07 
 1.2500 1400 3.8280e-05 3229.39 1275.52  3.111 7.5514e-07 
 1.2500 1450 3.8701e-05 3222.81 1281.17  3.115 7.5442e-07 
 1.2500 1500 3.9120e-05 3216.17 1286.51  3.114 7.5258e-07 
 1.2500 1550 3.9540e-05 3209.47 1291.57  3.108 7.4974e-07 
 1.2500 1600 3.9958e-05 3202.72 1296.37  3.097 7.4604e-07 
 1.5000  350 2.7404e-05 3358.85  894.25  4.411 1.4685e-06 
 1.5000  400 2.8280e-05 3353.82  952.26  4.154 1.3007e-06 
 1.5000  450 2.9008e-05 3348.67  997.58  3.941 1.1799e-06 
 1.5000  500 2.9645e-05 3343.40 1034.26  3.763 1.0881e-06 
 1.5000  550 3.0223e-05 3338.03 1064.76  3.611 1.0159e-06 
 1.5000  600 3.0759e-05 3332.57 1090.65  3.480 9.5758e-07 
 1.5000  650 3.1268e-05 3327.03 1112.99  3.369 9.0990e-07 
 1.5000  700 3.1755e-05 3321.41 1132.52  3.275 8.7070e-07 
 1.5000  750 3.2227e-05 3315.71 1149.80  3.197 8.3858e-07 
 1.5000  800 3.2687e-05 3309.95 1165.22  3.134 8.1259e-07 
 1.5000  850 3.3139e-05 3304.11 1179.09  3.086 7.9206e-07 
 1.5000  900 3.3583e-05 3298.20 1191.66  3.052 7.7646e-07 
 1.5000  950 3.4022e-05 3292.23 1203.12  3.031 7.6529e-07 
 1.5000 1000 3.4456e-05 3286.19 1213.62  3.023 7.5801e-07 
 1.5000 1050 3.4886e-05 3280.08 1223.28  3.025 7.5401e-07 
 1.5000 1100 3.5314e-05 3273.91 1232.21  3.036 7.5262e-07 
 1.5000 1150 3.5739e-05 3267.68 1240.49  3.053 7.5310e-07 
 1.5000 1200 3.6162e-05 3261.39 1248.21  3.072 7.5470e-07 
 1.5000 1250 3.6583e-05 3255.03 1255.41  3.092 7.5674e-07 
 1.5000 1300 3.7002e-05 3248.62 1262.15  3.110 7.5860e-07 
 1.5000 1350 3.7420e-05 3242.14 1268.47  3.125 7.5983e-07 
 1.5000 1400 3.7838e-05 3235.61 1274.42  3.134 7.6012e-07 
 1.5000 1450 3.8254e-05 3229.01 1280.03  3.138 7.5932e-07 
 1.5000 1500 3.8669e-05 3222.36 1285.33  3.137 7.5742e-07 
 1.5000 1550 3.9084e-05 3215.65 1290.34  3.131 7.5452e-07 
 1.5000 1600 3.9498e-05 3208.88 1295.09  3.120 7.5076e-07 
 1.7500  350 2.7081e-05 3365.25  893.69  4.455 1.4811e-06 
 1.7500  400 2.7948e-05 3360.22  951.74  4.195 1.3117e-06 
 1.7500  450 2.8669e-05 3355.05  997.07  3.980 1.1899e-06 
 1.7500  500 2.9299e-05 3349.77 1033.75  3.800 1.0973e-06 
 1.7500  550 2.9871e-05 3344.39 1064.24  3.646 1.0244e-06 
 1.7500  600 3.0402e-05 3338.92 1090.11  3.514 9.6556e-07 
 1.7500  650 3.0905e-05 3333.37 1112.43  3.402 9.1746e-07 
 1.7500  700 3.1387e-05 3327.74 1131.94  3.307 8.7789e-07 
 1.7500  750 3.1854e-05 3322.03 1149.19  3.228 8.4546e-07 
 1.7500  800 3.2310e-05 3316.25 1164.58  3.164 8.1919e-07 
 1.7500  850 3.2757e-05 3310.40 1178.42  3.115 7.9843e-07 
 1.7500  900 3.3196e-05 3304.49 1190.96  3.080 7.8262e-07 
 1.7500  950 3.3630e-05 3298.50 1202.38  3.059 7.7127e-07 
 1.7500 1000 3.4060e-05 3292.45 1212.84  3.050 7.6382e-07 
 1.7500 1050 3.4486e-05 3286.33 1222.47  3.052 7.5968e-07 
 1.7500 1100 3.4908e-05 3280.15 1231.36  3.062 7.5816e-07 
 1.7500 1150 3.5329e-05 3273.91 1239.61  3.078 7.5852e-07 
 1.7500 1200 3.5747e-05 3267.60 1247.28  3.098 7.6001e-07 
 1.7500 1250 3.6164e-05 3261.24 1254.44  3.117 7.6195e-07 
 1.7500 1300 3.6579e-05 3254.81 1261.14  3.135 7.6373e-07 
 1.7500 1350 3.6993e-05 3248.32 1267.43  3.149 7.6487e-07 
 1.7500 1400 3.7405e-05 3241.77 1273.33  3.158 7.6509e-07 
 1.7500 1450 3.7817e-05 3235.17 1278.90  3.162 7.6422e-07 
 1.7500 1500 3.8228e-05 3228.50 1284.16  3.160 7.6225e-07 
 1.7500 1550 3.8638e-05 3221.78 1289.13  3.154 7.5928e-07 
 1.7500 1600 3.9048e-05 3215.00 1293.83  3.143 7.5547e-07 
 2.0000  350 2.6766e-05 3371.60  893.13  4.498 1.4937e-06 
 2.0000  400 2.7624e-05 3366.56  951.22  4.236 1.3228e-06 
 2.0000  450 2.8338e-05 3361.38  996.56  4.019 1.1998e-06 
 2.0000  500 2.8962e-05 3356.09 1033.25  3.837 1.1064e-06 
 2.0000  550 2.9528e-05 3350.70 1063.73  3.681 1.0328e-06 
 2.0000  600 3.0053e-05 3345.23 1089.58  3.548 9.7352e-07 
 2.0000  650 3.0551e-05 3339.66 1111.88  3.435 9.2499e-07 
 2.0000  700 3.1028e-05 3334.02 1131.36  3.338 8.8506e-07 
 2.0000  750 3.1490e-05 3328.30 1148.58  3.258 8.5232e-07 
 2.0000  800 3.1941e-05 3322.51 1163.95  3.193 8.2578e-07 
 2.0000  850 3.2383e-05 3316.65 1177.76  3.144 8.0479e-07 
 2.0000  900 3.2818e-05 3310.72 1190.26  3.108 7.8877e-07 
 2.0000  950 3.3248e-05 3304.73 1201.65  3.086 7.7723e-07 
 2.0000 1000 3.3673e-05 3298.66 1212.07  3.077 7.6962e-07 
 2.0000 1050 3.4094e-05 3292.54 1221.66  3.078 7.6533e-07 
 2.0000 1100 3.4512e-05 3286.35 1230.52  3.088 7.6368e-07 
 2.0000 1150 3.4928e-05 3280.09 1238.73  3.104 7.6392e-07 
 2.0000 1200 3.5342e-05 3273.77 1246.36  3.123 7.6531e-07 
 2.0000 1250 3.5755e-05 3267.39 1253.48  3.142 7.6715e-07 
 2.0000 1300 3.6165e-05 3260.95 1260.14  3.159 7.6884e-07 
 2.0000 1350 3.6575e-05 3254.45 1266.39  3.173 7.6990e-07 
 2.0000 1400 3.6983e-05 3247.89 1272.26  3.182 7.7004e-07 
 2.0000 1450 3.7390e-05 3241.27 1277.78  3.185 7.6910e-07 
 2.0000 1500 3.7797e-05 3234.60 1282.99  3.183 7.6707e-07 
 2.0000 1550 3.8203e-05 3227.86 1287.92  3.176 7.6404e-07 
 2.0000 1600 3.8608e-05 3221.07 1292.58  3.165 7.6017e-07 
 2.2500  350 2.6458e-05 3377.91  892.58  4.542 1.5063e-06 
 2.2500  400 2.7308e-05 3372.86  950.70  4.277 1.3338e-06 
 2.2500  450 2.8014e-05 3367.67  996.06  4.058 1.2097e-06 
 2.2500  500 2.8632e-05 3362.37 1032.75  3.874 1.1155e-06 
 2.2500  550 2.9192e-05 3356.97 1063.22  3.717 1.0413e-06 
 2.2500  600 2.9712e-05 3351.48 1089.06  3.582 9.8146e-07 
 2.2500  650 3.0205e-05 3345.91 1111.33  3.467 9.3250e-07 
 2.2500  700 3.0677e-05 3340.26 1130.79  3.370 8.9222e-07 
 2.2500  750 3.1135e-05 3334.53 1147.98  3.289 8.5916e-07 
 2.2500  800 3.1581e-05 3328.73 1163.32  3.223 8.3236e-07 
 2.2500  850 3.2018e-05 3322.86 1177.10  3.173 8.1112e-07 
 2.2500  900 3.2449e-05 3316.92 1189.57  3.136 7.9490e-07 
 2.2500  950 3.2874e-05 3310.91 1200.92  3.114 7.8318e-07 
 2.2500 1000 3.3294e-05 3304.83 1211.31  3.104 7.7540e-07 
 2.2500 1050 3.3711e-05 3298.69 1220.87  3.105 7.7097e-07 
 2.2500 1100 3.4125e-05 3292.49 1229.69  3.114 7.6918e-07 
 2.2500 1150 3.4537e-05 3286.22 1237.86  3.129 7.6931e-07 
 2.2500 1200 3.4947e-05 3279.89 1245.45  3.148 7.7059e-07 
 2.2500 1250 3.5354e-05 3273.50 1252.53  3.167 7.7233e-07 
 2.2500 1300 3.5761e-05 3267.05 1259.16  3.184 7.7393e-07 
 2.2500 1350 3.6166e-05 3260.54 1265.36  3.197 7.7492e-07 
 2.2500 1400 3.6570e-05 3253.97 1271.19  3.206 7.7498e-07 
 2.2500 1450 3.6973e-05 3247.34 1276.67  3.209 7.7397e-07 
 2.2500 1500 3.7376e-05 3240.65 1281.84  3.206 7.7188e-07 
 2.2500 1550 3.7777e-05 3233.90 1286.73  3.199 7.6878e-07 
 2.2500 1600 3.8178e-05 3227.09 1291.35  3.187 7.6486e-07 
 2.5000  350 2.6157e-05 3384.17  892.02  4.585 1.5189e-06 
 2.5000  400 2.6998e-05 3379.10  950.18  4.318 1.3448e-06 
 2.5000  450 2.7698e-05 3373.91  995.56  4.097 1.2196e-06 
 2.5000  500 2.8310e-05 3368.60 1032.25  3.910 1.1246e-06 
 2.5000  550 2.8864e-05 3363.19 1062.71  3.752 1.0497e-06 
 2.5000  600 2.9379e-05 3357.69 1088.53  3.616 9.8938e-07 
 2.5000  650 2.9866e-05 3352.11 1110.78  3.500 9.3999e-07 
 2.5000  700 3.0334e-05 3346.44 1130.22  3.402 8.9935e-07 
 2.5000  750 3.0787e-05 3340.71 1147.39  3.319 8.6598e-07 
 2.5000  800 3.1228e-05 3334.90 1162.69  3.253 8.3891e-07 
 2.5000  850 3.1661e-05 3329.01 1176.44  3.201 8.1744e-07 
 2.5000  900 3.2087e-05 3323.06 1188.88  3.165 8.0102e-07 
 2.5000  950 3.2508e-05 3317.04 1200.20  3.142 7.8911e-07 
 2.5000 1000 3.2924e-05 3310.96 1210.56  3.131 7.8117e-07 
 2.5000 1050 3.3337e-05 3304.81 1220.07  3.131 7.7659e-07 
 2.5000 1100 3.3747e-05 3298.59 1228.86  3.140 7.7467e-07 
 2.5000 1150 3.4154e-05 3292.31 1236.99  3.155 7.7468e-07 
 2.5000 1200 3.4559e-05 3285.97 1244.55  3.173 7.7586e-07 
 2.5000 1250 3.4963e-05 3279.57 1251.59  3.191 7.7751e-07 
 2.5000 1300 3.5365e-05 3273.11 1258.18  3.208 7.7902e-07 
 2.5000 1350 3.5766e-05 3266.58 1264.34  3.221 7.7992e-07 
 2.5000 1400 3.6166e-05 3260.00 1270.13  3.229 7.7991e-07 
 2.5000 1450 3.6565e-05 3253.35 1275.57  3.232 7.7883e-07 
 2.5000 1500 3.6963e-05 3246.65 1280.70  3.229 7.7667e-07 
 2.5000 1550 3.7361e-05 3239.89 1285.54  3.222 7.7351e-07 
 2.5000 1600 3.7758e-05 3233.07 1290.12  3.210 7.6953e-07 
 2.7500  350 2.5863e-05 3390.38  891.47  4.628 1.5314e-06 
 2.7500  400 2.6696e-05 3385.31  949.67  4.359 1.3557e-06 
 2.7500  450 2.7389e-05 3380.10  995.06  4.135 1.2295e-06 
 2.7500  500 2.7994e-05 3374.78 1031.75  3.947 1.1336e-06 
 2.7500  550 2.8543e-05 3369.36 1062.20  3.787 1.0581e-06 
 2.7500  600 2.9053e-05 3363.86 1088.01  3.650 9.9728e-07 
 2.7500  650 2.9536e-05 3358.26 1110.24  3.533 9.4747e-07 
 2.7500  700 2.9998e-05 3352.59 1129.66  3.433 9.0646e-07 
 2.7500  750 3.0447e-05 3346.84 1146.80  3.350 8.7278e-07 
 2.7500  800 3.0884e-05 3341.02 1162.07  3.282 8.4545e-07 
 2.7500  850 3.1312e-05 3335.12 1175.79  3.230 8.2375e-07 
 2.7500  900 3.1734e-05 3329.16 1188.20  3.193 8.0711e-07 
 2.7500  950 3.2150e-05 3323.13 1199.48  3.169 7.9502e-07 
 2.7500 1000 3.2562e-05 3317.04 1209.81  3.158 7.8693e-07 
 2.7500 1050 3.2971e-05 3310.87 1219.29  3.158 7.8220e-07 
 2.7500 1100 3.3376e-05 3304.65 1228.04  3.166 7.8015e-07 
 2.7500 1150 3.3780e-05 3298.36 1236.13  3.180 7.8004e-07 
 2.7500 1200 3.4181e-05 3292.00 1243.66  3.198 7.8111e-07 
 2.7500 1250 3.4580e-05 3285.59 1250.66  3.216 7.8266e-07 
 2.7500 1300 3.4978e-05 3279.11 1257.20  3.232 7.8409e-07 
 2.7500 1350 3.5375e-05 3272.58 1263.33  3.245 7.8491e-07 
 2.7500 1400 3.5771e-05 3265.98 1269.08  3.253 7.8483e-07 
 2.7500 1450 3.6166e-05 3259.33 1274.48  3.255 7.8368e-07 
 2.7500 1500 3.6560e-05 3252.61 1279.57  3.252 7.8145e-07 
 2.7500 1550 3.6954e-05 3245.84 1284.37  3.244 7.7824e-07 
 2.7500 1600 3.7346e-05 3239.01 1288.91  3.232 7.7420e-07 
NaN     NaN  NaN        NaN     NaN     NaN    NaN

% Rock: 5
%  (cpx) diopside                 :   4.49
%  (cpx) hedenbergite             :   0.41
%  (opx) enstatite                :  17.32
%  (opx) ferrosilite              :   1.78
%  (ol) fosterite                 :  67.00
%  (ol) fayalite                  :   7.20
%  (gt) pyrope                    :   1.19
%  (gt) almandine                 :   0.43
%  (gt) grossular                 :   0.18
%P       T   alpha      rho     Cp      k_eff  kappa
 1.2500  350 2.7601e-05 3358.98  893.74  4.352 1.4495e-06 
 1.2500  400 2.8504e-05 3353.99  951.74  4.100 1.2845e-06 
 1.2500  450 2.9253e-05 3348.86  997.02  3.892 1.1658e-06 
 1.2500  500 2.9905e-05 3343.61 1033.66  3.717 1.0756e-06 
 1.2500  550 3.0496e-05 3338.27 1064.11  3.568 1.0045e-06 
 1.2500  600 3.1043e-05 3332.83 1089.94  3.441 9.4724e-07 
 1.2500  650 3.1561e-05 3327.31 1112.23  3.332 9.0038e-07 
 1.2500  700 3.2056e-05 3321.71 1131.71  3.240 8.6187e-07 
 1.2500  750 3.2536e-05 3316.04 1148.94  3.163 8.3033e-07 
 1.2500  800 3.3003e-05 3310.29 1164.32  3.102 8.0484e-07 
 1.2500  850 3.3461e-05 3304.47 1178.15  3.055 7.8476e-07 
 1.2500  900 3.3911e-05 3298.58 1190.69  3.023 7.6957e-07 
 1.2500  950 3.4356e-05 3292.63 1202.12  3.003 7.5876e-07 
 1.2500 1000 3.4796e-05 3286.61 1212.59  2.996 7.5182e-07 
 1.2500 1050 3.5231e-05 3280.52 1222.22  3.000 7.4814e-07 
 1.2500 1100 3.5664e-05 3274.37 1231.14  3.011 7.4704e-07 
 1.2500 1150 3.6094e-05 3268.16 1239.40  3.029 7.4780e-07 
 1.2500 1200 3.6522e-05 3261.89 1247.10  3.050 7.4966e-07 
 1.2500 1250 3.6948e-05 3255.55 1254.29  3.070 7.5194e-07 
 1.2500 1300 3.7372e-05 3249.15 1261.03  3.089 7.5402e-07 
 1.2500 1350 3.7795e-05 3242.69 1267.35  3.105 7.5545e-07 
 1.2500 1400 3.8217e-05 3236.18 1273.30  3.115 7.5592e-07 
 1.2500 1450 3.8638e-05 3229.60 1278.91  3.120 7.5528e-07 
 1.2500 1500 3.9058e-05 3222.97 1284.21  3.119 7.5352e-07 
 1.2500 1550 3.9477e-05 3216.27 1289.22  3.113 7.5073e-07 
 1.2500 1600 3.9896e-05 3209.53 1293.98  3.103 7.4709e-07 
 1.5000  350 2.7277e-05 3365.42  893.16  4.395 1.4620e-06 
 1.5000  400 2.8171e-05 3360.41  951.21  4.141 1.2954e-06 
 1.5000  450 2.8912e-05 3355.27  996.51  3.931 1.1756e-06 
 1.5000  500 2.9558e-05 3350.02 1033.15  3.754 1.0846e-06 
 1.5000  550 3.0142e-05 3344.66 1063.58  3.603 1.0129e-06 
 1.5000  600 3.0684e-05 3339.22 1089.40  3.474 9.5511e-07 
 1.5000  650 3.1196e-05 3333.69 1111.66  3.364 9.0783e-07 
 1.5000  700 3.1686e-05 3328.08 1131.12  3.271 8.6896e-07 
 1.5000  750 3.2161e-05 3322.39 1148.32  3.194 8.3711e-07 
 1.5000  800 3.2623e-05 3316.63 1163.67  3.131 8.1136e-07 
 1.5000  850 3.3076e-05 3310.80 1177.48  3.084 7.9105e-07 
 1.5000  900 3.3521e-05 3304.90 1189.98  3.050 7.7565e-07 
 1.5000  950 3.3961e-05 3298.94 1201.37  3.031 7.6466e-07 
 1.5000 1000 3.4396e-05 3292.90 1211.80  3.023 7.5756e-07 
 1.5000 1050 3.4828e-05 3286.81 1221.41  3.026 7.5373e-07 
 1.5000 1100 3.5256e-05 3280.65 1230.28  3.037 7.5251e-07 
 1.5000 1150 3.5681e-05 3274.42 1238.51  3.054 7.5315e-07 
 1.5000 1200 3.6104e-05 3268.13 1246.17  3.074 7.5490e-07 
 1.5000 1250 3.6526e-05 3261.78 1253.32  3.095 7.5708e-07 
 1.5000 1300 3.6946e-05 3255.38 1260.01  3.114 7.5908e-07 
 1.5000 1350 3.7364e-05 3248.91 1266.29  3.128 7.6043e-07 
 1.5000 1400 3.7782e-05 3242.38 1272.20  3.138 7.6083e-07 
 1.5000 1450 3.8198e-05 3235.79 1277.77  3.143 7.6012e-07 
 1.5000 1500 3.8614e-05 3229.14 1283.02  3.142 7.5829e-07 
 1.5000 1550 3.9028e-05 3222.44 1288.00  3.135 7.5544e-07 
 1.5000 1600 3.9442e-05 3215.67 1292.71  3.125 7.5174e-07 
 1.7500  350 2.6960e-05 3371.80  892.59  4.437 1.4744e-06 
 1.7500  400 2.7845e-05 3366.79  950.67  4.181 1.3063e-06 
 1.7500  450 2.8578e-05 3361.64  995.99  3.969 1.1854e-06 
 1.7500  500 2.9218e-05 3356.37 1032.63  3.790 1.0936e-06 
 1.7500  550 2.9796e-05 3351.01 1063.06  3.638 1.0213e-06 
 1.7500  600 3.0332e-05 3345.55 1088.86  3.508 9.6295e-07 
 1.7500  650 3.0839e-05 3340.01 1111.10  3.397 9.1525e-07 
 1.7500  700 3.1324e-05 3334.39 1130.54  3.302 8.7603e-07 
 1.7500  750 3.1794e-05 3328.69 1147.71  3.224 8.4387e-07 
 1.7500  800 3.2251e-05 3322.92 1163.03  3.161 8.1786e-07 
 1.7500  850 3.2700e-05 3317.08 1176.81  3.112 7.9732e-07 
 1.7500  900 3.3141e-05 3311.17 1189.27  3.078 7.8171e-07 
 1.7500  950 3.3576e-05 3305.20 1200.63  3.058 7.7055e-07 
 1.7500 1000 3.4006e-05 3299.15 1211.03  3.050 7.6328e-07 
 1.7500 1050 3.4433e-05 3293.04 1220.60  3.052 7.5931e-07 
 1.7500 1100 3.4857e-05 3286.87 1229.43  3.063 7.5796e-07 
 1.7500 1150 3.5278e-05 3280.63 1237.63  3.080 7.5848e-07 
 1.7500 1200 3.5696e-05 3274.33 1245.25  3.099 7.6013e-07 
 1.7500 1250 3.6113e-05 3267.97 1252.36  3.119 7.6222e-07 
 1.7500 1300 3.6529e-05 3261.55 1259.01  3.138 7.6413e-07 
 1.7500 1350 3.6943e-05 3255.07 1265.25  3.152 7.6540e-07 
 1.7500 1400 3.7356e-05 3248.53 1271.11  3.162 7.6572e-07 
 1.7500 1450 3.7768e-05 3241.93 1276.64  3.166 7.6494e-07 
 1.7500 1500 3.8179e-05 3235.27 1281.85  3.164 7.6305e-07 
 1.7500 1550 3.8589e-05 3228.55 1286.78  3.158 7.6014e-07 
 1.7500 1600 3.8999e-05 3221.78 1291.45  3.147 7.5639e-07 
 2.0000  350 2.6651e-05 3378.14  892.02  4.480 1.4868e-06 
 2.0000  400 2.7527e-05 3373.12  950.15  4.221 1.3171e-06 
 2.0000  450 2.8253e-05 3367.96  995.48  4.007 1.1951e-06 
 2.0000  500 2.8886e-05 3362.68 1032.12  3.827 1.1025e-06 
 2.0000  550 2.9458e-05 3357.31 1062.54  3.673 1.0296e-06 
 2.0000  600 2.9989e-05 3351.84 1088.33  3.541 9.7077e-07 
 2.0000  650 3.0491e-05 3346.29 1110.55  3.429 9.2265e-07 
 2.0000  700 3.0971e-05 3340.66 1129.96  3.333 8.8307e-07 
 2.0000  750 3.1436e-05 3334.95 1147.11  3.254 8.5062e-07 
 2.0000  800 3.1888e-05 3329.17 1162.40  3.190 8.2434e-07 
 2.0000  850 3.2332e-05 3323.32 1176.14  3.141 8.0357e-07 
 2.0000  900 3.2768e-05 3317.40 1188.58  3.106 7.8776e-07 
 2.0000  950 3.3199e-05 3311.41 1199.90  3.085 7.7641e-07 
 2.0000 1000 3.3625e-05 3305.35 1210.26  3.076 7.6899e-07 
 2.0000 1050 3.4047e-05 3299.23 1219.79  3.078 7.6488e-07 
 2.0000 1100 3.4466e-05 3293.05 1228.59  3.089 7.6339e-07 
 2.0000 1150 3.4883e-05 3286.80 1236.75  3.105 7.6380e-07 
 2.0000 1200 3.5298e-05 3280.49 1244.33  3.124 7.6535e-07 
 2.0000 1250 3.5710e-05 3274.11 1251.40  3.144 7.6734e-07 
 2.0000 1300 3.6121e-05 3267.68 1258.01  3.162 7.6916e-07 
 2.0000 1350 3.6531e-05 3261.19 1264.21  3.176 7.7035e-07 
 2.0000 1400 3.6940e-05 3254.63 1270.04  3.185 7.7060e-07 
 2.0000 1450 3.7347e-05 3248.02 1275.52  3.189 7.6975e-07 
 2.0000 1500 3.7754e-05 3241.35 1280.69  3.187 7.6780e-07 
 2.0000 1550 3.8160e-05 3234.62 1285.58  3.180 7.6483e-07 
 2.0000 1600 3.8566e-05 3227.83 1290.21  3.169 7.6102e-07 
 2.2500  350 2.6348e-05 3384.43  891.46  4.523 1.4991e-06 
 2.2500  400 2.7216e-05 3379.40  949.62  4.261 1.3279e-06 
 2.2500  450 2.7935e-05 3374.23  994.97  4.045 1.2049e-06 
 2.2500  500 2.8562e-05 3368.94 1031.62  3.863 1.1115e-06 
 2.2500  550 2.9128e-05 3363.56 1062.03  3.708 1.0379e-06 
 2.2500  600 2.9654e-05 3358.08 1087.80  3.575 9.7857e-07 
 2.2500  650 3.0150e-05 3352.52 1110.00  3.461 9.3004e-07 
 2.2500  700 3.0626e-05 3346.88 1129.39  3.365 8.9010e-07 
 2.2500  750 3.1085e-05 3341.16 1146.51  3.284 8.5735e-07 
 2.2500  800 3.1534e-05 3335.37 1161.77  3.219 8.3081e-07 
 2.2500  850 3.1973e-05 3329.50 1175.48  3.169 8.0981e-07 
 2.2500  900 3.2404e-05 3323.57 1187.88  3.134 7.9379e-07 
 2.2500  950 3.2831e-05 3317.57 1199.17  3.112 7.8227e-07 
 2.2500 1000 3.3252e-05 3311.51 1209.50  3.103 7.7468e-07 
 2.2500 1050 3.3670e-05 3305.37 1219.00  3.104 7.7043e-07 
 2.2500 1100 3.4085e-05 3299.18 1227.76  3.114 7.6881e-07 
 2.2500 1150 3.4497e-05 3292.92 1235.88  3.130 7.6910e-07 
 2.2500 1200 3.4907e-05 3286.60 1243.42  3.149 7.7055e-07 
 2.2500 1250 3.5316e-05 3280.21 1250.45  3.168 7.7244e-07 
 2.2500 1300 3.5723e-05 3273.76 1257.03  3.186 7.7418e-07 
 2.2500 1350 3.6128e-05 3267.26 1263.19  3.200 7.7529e-07 
 2.2500 1400 3.6533e-05 3260.69 1268.97  3.209 7.7546e-07 
 2.2500 1450 3.6936e-05 3254.07 1274.41  3.212 7.7455e-07 
 2.2500 1500 3.7339e-05 3247.38 1279.54  3.210 7.7253e-07 
 2.2500 1550 3.7741e-05 3240.64 1284.39  3.203 7.6951e-07 
 2.2500 1600 3.8142e-05 3233.84 1288.97  3.191 7.6564e-07 
 2.5000  350 2.6053e-05 3390.67  890.89  4.566 1.5114e-06 
 2.5000  400 2.6912e-05 3385.63  949.10  4.302 1.3387e-06 
 2.5000  450 2.7624e-05 3380.45  994.47  4.083 1.2146e-06 
 2.5000  500 2.8244e-05 3375.16 1031.11  3.899 1.1204e-06 
 2.5000  550 2.8805e-05 3369.76 1061.52  3.742 1.0462e-06 
 2.5000  600 2.9325e-05 3364.28 1087.27  3.608 9.8635e-07 
 2.5000  650 2.9817e-05 3358.70 1109.45  3.493 9.3740e-07 
 2.5000  700 3.0288e-05 3353.05 1128.82  3.396 8.9711e-07 
 2.5000  750 3.0743e-05 3347.32 1145.91  3.314 8.6406e-07 
 2.5000  800 3.1186e-05 3341.52 1161.14  3.249 8.3726e-07 
 2.5000  850 3.1621e-05 3335.65 1174.82  3.198 8.1603e-07 
 2.5000  900 3.2048e-05 3329.70 1187.19  3.162 7.9981e-07 
 2.5000  950 3.2470e-05 3323.69 1198.45  3.139 7.8811e-07 
 2.5000 1000 3.2888e-05 3317.62 1208.75  3.129 7.8036e-07 
 2.5000 1050 3.3301e-05 3311.47 1218.20  3.130 7.7596e-07 
 2.5000 1100 3.3712e-05 3305.26 1226.93  3.140 7.7422e-07 
 2.5000 1150 3.4120e-05 3298.99 1235.01  3.155 7.7440e-07 
 2.5000 1200 3.4526e-05 3292.66 1242.52  3.174 7.7574e-07 
 2.5000 1250 3.4930e-05 3286.26 1249.51  3.193 7.7754e-07 
 2.5000 1300 3.5333e-05 3279.80 1256.05  3.210 7.7919e-07 
 2.5000 1350 3.5734e-05 3273.29 1262.17  3.223 7.8022e-07 
 2.5000 1400 3.6134e-05 3266.71 1267.91  3.232 7.8032e-07 
 2.5000 1450 3.6534e-05 3260.07 1273.31  3.235 7.7934e-07 
 2.5000 1500 3.6932e-05 3253.37 1278.40  3.233 7.7726e-07 
 2.5000 1550 3.7330e-05 3246.62 1283.21  3.225 7.7417e-07 
 2.5000 1600 3.7727e-05 3239.81 1287.75  3.214 7.7025e-07 
 2.7500  350 2.5764e-05 3396.87  890.33  4.608 1.5237e-06 
 2.7500  400 2.6615e-05 3391.82  948.58  4.342 1.3494e-06 
 2.7500  450 2.7320e-05 3386.63  993.96  4.121 1.2243e-06 
 2.7500  500 2.7934e-05 3381.33 1030.61  3.935 1.1292e-06 
 2.7500  550 2.8489e-05 3375.92 1061.01  3.777 1.0544e-06 
 2.7500  600 2.9004e-05 3370.43 1086.75  3.641 9.9411e-07 
 2.7500  650 2.9491e-05 3364.84 1108.91  3.525 9.4474e-07 
 2.7500  700 2.9957e-05 3359.18 1128.25  3.427 9.0411e-07 
 2.7500  750 3.0408e-05 3353.44 1145.32  3.344 8.7075e-07 
 2.7500  800 3.0847e-05 3347.63 1160.52  3.278 8.4369e-07 
 2.7500  850 3.1277e-05 3341.75 1174.17  3.226 8.2223e-07 
 2.7500  900 3.1700e-05 3335.79 1186.51  3.189 8.0582e-07 
 2.7500  950 3.2118e-05 3329.77 1197.73  3.166 7.9393e-07 
 2.7500 1000 3.2531e-05 3323.68 1208.00  3.156 7.8603e-07 
 2.7500 1050 3.2940e-05 3317.53 1217.42  3.156 7.8149e-07 
 2.7500 1100 3.3347e-05 3311.31 1226.11  3.165 7.7962e-07 
 2.7500 1150 3.3751e-05 3305.02 1234.15  3.180 7.7968e-07 
 2.7500 1200 3.4152e-05 3298.68 1241.62  3.198 7.8091e-07 
 2.7500 1250 3.4553e-05 3292.27 1248.58  3.217 7.8262e-07 
 2.7500 1300 3.4951e-05 3285.80 1255.08  3.234 7.8418e-07 
 2.7500 1350 3.5348e-05 3279.27 1261.16  3.247 7.8514e-07 
 2.7500 1400 3.5745e-05 3272.68 1266.86  3.255 7.8516e-07 
 2.7500 1450 3.6140e-05 3266.03 1272.23  3.258 7.8411e-07 
 2.7500 1500 3.6534e-05 3259.32 1277.27  3.255 7.8197e-07 
 2.7500 1550 3.6928e-05 3252.56 1282.04  3.248 7.7883e-07 
 2.7500 1600 3.7321e-05 3245.73 1286.54  3.236 7.7485e-07 
 3.0000  350 2.5481e-05 3403.03  889.77  4.651 1.5359e-06 
 3.0000  400 2.6324e-05 3397.97  948.06  4.382 1.3602e-06 
 3.0000  450 2.7022e-05 3392.77  993.46  4.159 1.2339e-06 
 3.0000  500 2.7630e-05 3387.46 1030.11  3.971 1.1381e-06 
 3.0000  550 2.8180e-05 3382.04 1060.50  3.811 1.0627e-06 
 3.0000  600 2.8690e-05 3376.54 1086.23  3.674 1.0018e-06 
 3.0000  650 2.9172e-05 3370.94 1108.37  3.557 9.5207e-07 
 3.0000  700 2.9633e-05 3365.27 1127.69  3.458 9.1108e-07 
 3.0000  750 3.0079e-05 3359.52 1144.73  3.374 8.7742e-07 
 3.0000  800 3.0514e-05 3353.70 1159.90  3.307 8.5011e-07 
 3.0000  850 3.0940e-05 3347.80 1173.52  3.255 8.2842e-07 
 3.0000  900 3.1359e-05 3341.84 1185.83  3.217 8.1180e-07 
 3.0000  950 3.1772e-05 3335.80 1197.02  3.193 7.9974e-07 
 3.0000 1000 3.2181e-05 3329.70 1207.25  3.182 7.9168e-07 
 3.0000 1050 3.2587e-05 3323.54 1216.64  3.182 7.8699e-07 
 3.0000 1100 3.2989e-05 3317.31 1225.30  3.191 7.8500e-07 
 3.0000 1150 3.3389e-05 3311.01 1233.30  3.205 7.8495e-07 
 3.0000 1200 3.3787e-05 3304.66 1240.74  3.223 7.8608e-07 
 3.0000 1250 3.4183e-05 3298.24 1247.66  3.241 7.8769e-07 
 3.0000 1300 3.4577e-05 3291.76 1254.11  3.258 7.8917e-07 
 3.0000 1350 3.4971e-05 3285.21 1260.16  3.271 7.9004e-07 
 3.0000 1400 3.5363e-05 3278.61 1265.82  3.279 7.9000e-07 
 3.0000 1450 3.5754e-05 3271.95 1271.14  3.281 7.8888e-07 
 3.0000 1500 3.6145e-05 3265.23 1276.15  3.278 7.8667e-07 
 3.0000 1550 3.6535e-05 3258.45 1280.88  3.270 7.8347e-07 
 3.0000 1600 3.6924e-05 3251.61 1285.33  3.258 7.7944e-07 
NaN     NaN  NaN        NaN     NaN     NaN    NaN

