% Infile: ray_etal2006.in
% Warning: Mineral fractions have been normalized.
%   Normalization factor: 0.99.
% Rock: 1
%  (qz) alpha-quartz              :  32.525
%  (or) sanidine                  :  43.131
%  (plag) anorthite               :  17.778
%  (bt) phlogopite                :   5.556
%  (cpx) hedenbergite             :   1.010
%P       T   alpha      rho     Cp      k_eff  kappa
 0.0000  275 2.6386e-05 2646.13  769.37  3.351 1.6462e-06 
 0.0000  300 2.8331e-05 2644.33  807.99  3.238 1.5155e-06 
 0.0000  325 3.0018e-05 2642.41  841.17  3.138 1.4119e-06 
 0.0000  350 3.1519e-05 2640.38  870.14  3.051 1.3279e-06 
 0.0000  375 3.2881e-05 2638.26  895.75  2.975 1.2589e-06 
 0.0000  400 3.4139e-05 2636.06  918.62  2.910 1.2017e-06 
 0.0000  425 3.5315e-05 2633.78  939.23  2.856 1.1546e-06 
 0.0000  450 3.6428e-05 2631.43  957.94  2.813 1.1160e-06 
 0.0000  475 3.7491e-05 2629.01  975.03  2.782 1.0852e-06 
 0.0000  500 3.8513e-05 2626.52  990.73  2.761 1.0611e-06 
 0.0000  525 3.9502e-05 2623.97 1005.22  2.751 1.0428e-06 
 0.0000  550 4.0463e-05 2621.36 1018.66  2.749 1.0295e-06 
 0.0000  575 4.1402e-05 2618.68 1031.16  2.754 1.0200e-06 
 0.0000  600 4.2322e-05 2615.96 1042.84  2.765 1.0135e-06 
 0.0000  625 4.3227e-05 2613.17 1053.79  2.778 1.0089e-06 
 0.0000  650 4.4117e-05 2610.33 1064.07  2.794 1.0058e-06 
 0.0000  675 4.4996e-05 2607.44 1073.75  2.810 1.0036e-06 
 0.0000  700 4.5866e-05 2604.50 1082.90  2.826 1.0021e-06 
 0.0000  725 4.6726e-05 2601.50 1091.55  2.843 1.0013e-06 
 0.0000  750 4.7579e-05 2598.45 1099.76  2.861 1.0011e-06 
 0.0000  775 4.8426e-05 2595.36 1107.55  2.879 1.0017e-06 
 0.0000  800 4.9267e-05 2592.21 1114.97  2.900 1.0032e-06 
 0.0000  825 5.0103e-05 2589.02 1122.04  2.922 1.0058e-06 
 0.0000  850 1.8957e-05 2578.90 1125.83  3.189 1.0984e-06 
NaN     NaN  NaN        NaN     NaN     NaN    NaN

% Warning: Mineral fractions have been normalized.
%   Normalization factor: 0.97.
% Rock: 2
%  (qz) alpha-quartz              :  35.567
%  (or) sanidine                  :  32.990
%  (plag) anorthite               :  19.381
%  (cpx) diopside                 :  12.062
%P       T   alpha      rho     Cp      k_eff  kappa
 0.0000  275 2.4190e-05 2714.86  777.15  3.828 1.8143e-06 
 0.0000  300 2.6317e-05 2713.14  815.28  3.682 1.6647e-06 
 0.0000  325 2.8162e-05 2711.29  847.77  3.555 1.5465e-06 
 0.0000  350 2.9803e-05 2709.33  876.00  3.443 1.4505e-06 
 0.0000  375 3.1293e-05 2707.27  900.89  3.345 1.3715e-06 
 0.0000  400 3.2668e-05 2705.12  923.10  3.261 1.3059e-06 
 0.0000  425 3.3955e-05 2702.88  943.11  3.191 1.2516e-06 
 0.0000  450 3.5172e-05 2700.56  961.28  3.134 1.2071e-06 
 0.0000  475 3.6334e-05 2698.16  977.91  3.090 1.1712e-06 
 0.0000  500 3.7451e-05 2695.69  993.20  3.060 1.1430e-06 
 0.0000  525 3.8533e-05 2693.16 1007.34  3.042 1.1212e-06 
 0.0000  550 3.9584e-05 2690.55 1020.47  3.034 1.1049e-06 
 0.0000  575 4.0611e-05 2687.88 1032.71  3.034 1.0929e-06 
 0.0000  600 4.1617e-05 2685.15 1044.16  3.039 1.0839e-06 
 0.0000  625 4.2606e-05 2682.36 1054.90  3.048 1.0770e-06 
 0.0000  650 4.3580e-05 2679.50 1065.02  3.058 1.0715e-06 
 0.0000  675 4.4541e-05 2676.59 1074.56  3.068 1.0667e-06 
 0.0000  700 4.5492e-05 2673.62 1083.58  3.078 1.0625e-06 
 0.0000  725 4.6433e-05 2670.59 1092.14  3.088 1.0586e-06 
 0.0000  750 4.7366e-05 2667.51 1100.26  3.097 1.0552e-06 
 0.0000  775 4.8292e-05 2664.37 1107.98  3.107 1.0525e-06 
 0.0000  800 4.9211e-05 2661.18 1115.34  3.118 1.0505e-06 
 0.0000  825 5.0125e-05 2657.93 1122.37  3.130 1.0493e-06 
 0.0000  850 1.6067e-05 2647.12 1125.85  3.429 1.1506e-06 
NaN     NaN  NaN        NaN     NaN     NaN    NaN

% Warning: Mineral fractions have been normalized.
%   Normalization factor: 0.97.
% Rock: 3
%  (qz) alpha-quartz              :  27.675
%  (or) sanidine                  :  52.160
%  (plag) anorthite               :  11.523
%  (amph) tremolite               :   1.235
%  (cpx) diopside                 :   7.407
%P       T   alpha      rho     Cp      k_eff  kappa
 0.0000  275 2.7107e-05 2662.99  740.27  3.202 1.6244e-06 
 0.0000  300 2.8763e-05 2661.13  779.41  3.128 1.5082e-06 
 0.0000  325 3.0200e-05 2659.18  813.33  3.063 1.4162e-06 
 0.0000  350 3.1478e-05 2657.13  843.10  3.005 1.3416e-06 
 0.0000  375 3.2638e-05 2655.01  869.49  2.955 1.2802e-06 
 0.0000  400 3.3708e-05 2652.82  893.10  2.913 1.2296e-06 
 0.0000  425 3.4710e-05 2650.56  914.39  2.879 1.1880e-06 
 0.0000  450 3.5658e-05 2648.24  933.71  2.854 1.1541e-06 
 0.0000  475 3.6562e-05 2645.86  951.34  2.837 1.1272e-06 
 0.0000  500 3.7432e-05 2643.42  967.53  2.830 1.1065e-06 
 0.0000  525 3.8274e-05 2640.93  982.46  2.831 1.0912e-06 
 0.0000  550 3.9092e-05 2638.39  996.28  2.840 1.0805e-06 
 0.0000  575 3.9892e-05 2635.80 1009.13  2.856 1.0736e-06 
 0.0000  600 4.0675e-05 2633.16 1021.11  2.876 1.0696e-06 
 0.0000  625 4.1445e-05 2630.47 1032.32  2.900 1.0678e-06 
 0.0000  650 4.2203e-05 2627.74 1042.84  2.925 1.0675e-06 
 0.0000  675 4.2951e-05 2624.96 1052.74  2.953 1.0685e-06 
 0.0000  700 4.3691e-05 2622.13 1062.07  2.981 1.0705e-06 
 0.0000  725 4.4423e-05 2619.27 1070.89  3.011 1.0735e-06 
 0.0000  750 4.5149e-05 2616.36 1079.25  3.042 1.0775e-06 
 0.0000  775 4.5870e-05 2613.40 1087.17  3.076 1.0826e-06 
 0.0000  800 4.6586e-05 2610.41 1094.71  3.112 1.0889e-06 
 0.0000  825 4.7297e-05 2607.37 1101.89  3.150 1.0966e-06 
 0.0000  850 2.0796e-05 2598.45 1106.21  3.415 1.1881e-06 
NaN     NaN  NaN        NaN     NaN     NaN    NaN

% Warning: Mineral fractions have been normalized.
%   Normalization factor: 0.93.
% Rock: 4
%  (qz) alpha-quartz              :  21.329
%  (or) sanidine                  :  51.018
%  (plag) anorthite               :  15.541
%  (bt) phlogopite                :   1.501
%  (cpx) diopside                 :   8.039
%  (gt) almandine                 :   2.572
%P       T   alpha      rho     Cp      k_eff  kappa
 0.0000  275 2.7131e-05 2713.65  767.67  2.976 1.4284e-06 
 0.0000  300 2.8440e-05 2711.78  805.63  2.925 1.3386e-06 
 0.0000  325 2.9575e-05 2709.84  838.75  2.879 1.2668e-06 
 0.0000  350 3.0583e-05 2707.82  867.90  2.839 1.2082e-06 
 0.0000  375 3.1497e-05 2705.74  893.77  2.805 1.1599e-06 
 0.0000  400 3.2340e-05 2703.60  916.91  2.776 1.1198e-06 
 0.0000  425 3.3128e-05 2701.41  937.74  2.753 1.0868e-06 
 0.0000  450 3.3873e-05 2699.18  956.62  2.737 1.0598e-06 
 0.0000  475 3.4584e-05 2696.89  973.81  2.727 1.0384e-06 
 0.0000  500 3.5267e-05 2694.56  989.56  2.724 1.0217e-06 
 0.0000  525 3.5928e-05 2692.19 1004.04  2.728 1.0094e-06 
 0.0000  550 3.6570e-05 2689.78 1017.42  2.739 1.0007e-06 
 0.0000  575 3.7197e-05 2687.33 1029.83  2.754 9.9514e-07 
 0.0000  600 3.7811e-05 2684.84 1041.37  2.774 9.9198e-07 
 0.0000  625 3.8414e-05 2682.31 1052.15  2.796 9.9073e-07 
 0.0000  650 3.9008e-05 2679.75 1062.24  2.821 9.9096e-07 
 0.0000  675 3.9595e-05 2677.15 1071.71  2.847 9.9240e-07 
 0.0000  700 4.0174e-05 2674.52 1080.62  2.875 9.9492e-07 
 0.0000  725 4.0748e-05 2671.85 1089.02  2.905 9.9846e-07 
 0.0000  750 4.1317e-05 2669.15 1096.97  2.937 1.0031e-06 
 0.0000  775 4.1881e-05 2666.41 1104.50  2.971 1.0088e-06 
 0.0000  800 4.2441e-05 2663.65 1111.64  3.007 1.0157e-06 
 0.0000  825 4.2998e-05 2660.85 1118.43  3.047 1.0238e-06 
 0.0000  850 2.2582e-05 2653.51 1122.95  3.254 1.0920e-06 
NaN     NaN  NaN        NaN     NaN     NaN    NaN

% Warning: Mineral fractions have been normalized.
%   Normalization factor: 0.98.
% Rock: 5
%  (qz) alpha-quartz              :   0.508
%  (or) sanidine                  :  57.868
%  (plag) anorthite               :  25.482
%  (bt) phlogopite                :   0.406
%  (cpx) diopside                 :  15.736
%P       T   alpha      rho     Cp      k_eff  kappa
 0.0000  275 2.8469e-05 2721.72  840.96  2.210 9.6547e-07 
 0.0000  300 2.8490e-05 2719.79  877.13  2.236 9.3710e-07 
 0.0000  325 2.8509e-05 2717.86  909.16  2.260 9.1457e-07 
 0.0000  350 2.8526e-05 2715.93  937.52  2.283 8.9666e-07 
 0.0000  375 2.8542e-05 2714.00  962.68  2.306 8.8244e-07 
 0.0000  400 2.8557e-05 2712.07  985.12  2.328 8.7120e-07 
 0.0000  425 2.8572e-05 2710.14 1005.20  2.349 8.6242e-07 
 0.0000  450 2.8585e-05 2708.21 1023.27  2.371 8.5573e-07 
 0.0000  475 2.8599e-05 2706.28 1039.61  2.394 8.5086e-07 
 0.0000  500 2.8612e-05 2704.36 1054.45  2.417 8.4763e-07 
 0.0000  525 2.8625e-05 2702.43 1067.99  2.441 8.4593e-07 
 0.0000  550 2.8638e-05 2700.51 1080.38  2.467 8.4566e-07 
 0.0000  575 2.8650e-05 2698.58 1091.78  2.495 8.4678e-07 
 0.0000  600 2.8663e-05 2696.66 1102.30  2.525 8.4929e-07 
 0.0000  625 2.8675e-05 2694.74 1112.05  2.557 8.5317e-07 
 0.0000  650 2.8687e-05 2692.81 1121.09  2.592 8.5844e-07 
 0.0000  675 2.8699e-05 2690.89 1129.52  2.629 8.6512e-07 
 0.0000  700 2.8711e-05 2688.97 1137.40  2.671 8.7324e-07 
 0.0000  725 2.8723e-05 2687.05 1144.78  2.716 8.8281e-07 
 0.0000  750 2.8734e-05 2685.13 1151.70  2.764 8.9383e-07 
 0.0000  775 2.8746e-05 2683.21 1158.22  2.817 9.0631e-07 
 0.0000  800 2.8758e-05 2681.30 1164.37  2.873 9.2021e-07 
 0.0000  825 2.8769e-05 2679.38 1170.18  2.933 9.3548e-07 
 0.0000  850 2.8282e-05 2677.36 1175.63  3.001 9.5330e-07 
NaN     NaN  NaN        NaN     NaN     NaN    NaN

% Warning: Mineral fractions have been normalized.
%   Normalization factor: 0.99.
% Rock: 6
%  (qz) alpha-quartz              :  44.467
%  (or) sanidine                  :   9.256
%  (plag) anorthite               :  33.300
%  (cpx) diopside                 :   4.527
%  (gt) almandine                 :   8.451
%P       T   alpha      rho     Cp      k_eff  kappa
 0.0000  275 1.8218e-05 2847.36  839.81  4.653 1.9458e-06 
 0.0000  300 2.0989e-05 2845.98  875.33  4.412 1.7711e-06 
 0.0000  325 2.3389e-05 2844.43  904.81  4.203 1.6332e-06 
 0.0000  350 2.5520e-05 2842.72  930.00  4.022 1.5212e-06 
 0.0000  375 2.7451e-05 2840.87  952.00  3.864 1.4287e-06 
 0.0000  400 2.9232e-05 2838.91  971.55  3.728 1.3517e-06 
 0.0000  425 3.0895e-05 2836.83  989.14  3.614 1.2878e-06 
 0.0000  450 3.2467e-05 2834.64 1005.15  3.519 1.2352e-06 
 0.0000  475 3.3966e-05 2832.35 1019.84  3.444 1.1925e-06 
 0.0000  500 3.5406e-05 2829.97 1033.40  3.388 1.1585e-06 
 0.0000  525 3.6799e-05 2827.49 1046.00  3.348 1.1319e-06 
 0.0000  550 3.8152e-05 2824.92 1057.76  3.321 1.1113e-06 
 0.0000  575 3.9473e-05 2822.27 1068.77  3.303 1.0951e-06 
 0.0000  600 4.0766e-05 2819.54 1079.13  3.292 1.0820e-06 
 0.0000  625 4.2037e-05 2816.72 1088.90  3.284 1.0706e-06 
 0.0000  650 4.3288e-05 2813.83 1098.14  3.276 1.0601e-06 
 0.0000  675 4.4522e-05 2810.85 1106.90  3.266 1.0496e-06 
 0.0000  700 4.5742e-05 2807.80 1115.22  3.253 1.0389e-06 
 0.0000  725 4.6949e-05 2804.68 1123.14  3.238 1.0280e-06 
 0.0000  750 4.8146e-05 2801.48 1130.70  3.221 1.0169e-06 
 0.0000  775 4.9333e-05 2798.21 1137.91  3.203 1.0058e-06 
 0.0000  800 5.0513e-05 2794.87 1144.81  3.184 9.9498e-07 
 0.0000  825 5.1684e-05 2791.45 1151.42  3.165 9.8460e-07 
 0.0000  850 9.1325e-06 2778.58 1153.70  3.507 1.0939e-06 
NaN     NaN  NaN        NaN     NaN     NaN    NaN

% Warning: Mineral fractions have been normalized.
%   Normalization factor: 1.04.
% Rock: 7
%  (qz) alpha-quartz              :  34.615
%  (or) sanidine                  :   4.808
%  (plag) anorthite               :  32.692
%  (bt) phlogopite                :  12.885
%  (cpx) diopside                 :   6.346
%  (gt) almandine                 :   8.654
%P       T   alpha      rho     Cp      k_eff  kappa
 0.0000  275 2.2935e-05 2883.94  860.13  4.197 1.6918e-06 
 0.0000  300 2.5118e-05 2882.23  895.56  3.954 1.5320e-06 
 0.0000  325 2.7008e-05 2880.38  925.65  3.746 1.4050e-06 
 0.0000  350 2.8685e-05 2878.41  951.70  3.565 1.3016e-06 
 0.0000  375 3.0205e-05 2876.33  974.59  3.409 1.2161e-06 
 0.0000  400 3.1605e-05 2874.15  994.95  3.274 1.1448e-06 
 0.0000  425 3.2912e-05 2871.89 1013.25  3.158 1.0853e-06 
 0.0000  450 3.4148e-05 2869.54 1029.83  3.061 1.0357e-06 
 0.0000  475 3.5325e-05 2867.11 1044.95  2.980 9.9479e-07 
 0.0000  500 3.6457e-05 2864.61 1058.83  2.915 9.6121e-07 
 0.0000  525 3.7550e-05 2862.04 1071.64  2.864 9.3382e-07 
 0.0000  550 3.8613e-05 2859.39 1083.52  2.824 9.1146e-07 
 0.0000  575 3.9650e-05 2856.68 1094.57  2.792 8.9295e-07 
 0.0000  600 4.0665e-05 2853.91 1104.89  2.766 8.7720e-07 
 0.0000  625 4.1662e-05 2851.07 1114.57  2.743 8.6328e-07 
 0.0000  650 4.2644e-05 2848.17 1123.66  2.722 8.5045e-07 
 0.0000  675 4.3612e-05 2845.21 1132.24  2.700 8.3823e-07 
 0.0000  700 4.4569e-05 2842.19 1140.33  2.678 8.2635e-07 
 0.0000  725 4.5517e-05 2839.11 1148.00  2.655 8.1469e-07 
 0.0000  750 4.6455e-05 2835.97 1155.27  2.632 8.0327e-07 
 0.0000  775 4.7387e-05 2832.78 1162.18  2.608 7.9217e-07 
 0.0000  800 4.8312e-05 2829.53 1168.76  2.584 7.8148e-07 
 0.0000  825 4.9231e-05 2826.22 1175.04  2.561 7.7129e-07 
 0.0000  850 1.6113e-05 2815.55 1177.88  2.763 8.3309e-07 
NaN     NaN  NaN        NaN     NaN     NaN    NaN

% Warning: Mineral fractions have been normalized.
%   Normalization factor: 0.98.
% Rock: 8
%  (qz) alpha-quartz              :  26.327
%  (or) sanidine                  :   7.449
%  (plag) anorthite               :  36.429
%  (bt) phlogopite                :   4.082
%  (cpx) diopside                 :  18.571
%  (gt) almandine                 :   7.143
%P       T   alpha      rho     Cp      k_eff  kappa
 0.0000  275 2.1538e-05 2924.21  881.60  3.904 1.5143e-06 
 0.0000  300 2.3202e-05 2922.57  916.53  3.746 1.3985e-06 
 0.0000  325 2.4642e-05 2920.82  946.17  3.607 1.3054e-06 
 0.0000  350 2.5920e-05 2918.99  971.76  3.486 1.2288e-06 
 0.0000  375 2.7078e-05 2917.07  994.19  3.378 1.1649e-06 
 0.0000  400 2.8145e-05 2915.08 1014.08  3.285 1.1112e-06 
 0.0000  425 2.9141e-05 2913.02 1031.89  3.204 1.0660e-06 
 0.0000  450 3.0083e-05 2910.90 1047.98  3.136 1.0280e-06 
 0.0000  475 3.0980e-05 2908.71 1062.61  3.080 9.9641e-07 
 0.0000  500 3.1842e-05 2906.47 1076.00  3.035 9.7038e-07 
 0.0000  525 3.2675e-05 2904.18 1088.32  3.000 9.4911e-07 
 0.0000  550 3.3485e-05 2901.83 1099.71  2.973 9.3175e-07 
 0.0000  575 3.4275e-05 2899.43 1110.29  2.953 9.1745e-07 
 0.0000  600 3.5049e-05 2896.98 1120.14  2.938 9.0538e-07 
 0.0000  625 3.5809e-05 2894.48 1129.36  2.925 8.9483e-07 
 0.0000  650 3.6557e-05 2891.94 1138.00  2.913 8.8525e-07 
 0.0000  675 3.7295e-05 2889.35 1146.13  2.902 8.7626e-07 
 0.0000  700 3.8024e-05 2886.71 1153.79  2.890 8.6762e-07 
 0.0000  725 3.8746e-05 2884.03 1161.04  2.877 8.5924e-07 
 0.0000  750 3.9461e-05 2881.31 1167.90  2.864 8.5113e-07 
 0.0000  775 4.0171e-05 2878.54 1174.41  2.851 8.4333e-07 
 0.0000  800 4.0876e-05 2875.73 1180.61  2.838 8.3591e-07 
 0.0000  825 4.1576e-05 2872.88 1186.50  2.825 8.2891e-07 
 0.0000  850 1.6390e-05 2864.43 1189.73  3.000 8.8034e-07 
NaN     NaN  NaN        NaN     NaN     NaN    NaN

% Warning: Mineral fractions have been normalized.
%   Normalization factor: 0.98.
% Rock: 9
%  (qz) alpha-quartz              :  22.131
%  (or) sanidine                  :  12.910
%  (plag) anorthite               :  37.500
%  (bt) phlogopite                :   3.484
%  (amph) tremolite               :   0.410
%  (cpx) diopside                 :  23.361
%  (gt) almandine                 :   0.205
%P       T   alpha      rho     Cp      k_eff  kappa
 0.0000  275 2.3141e-05 2834.40  894.39  3.543 1.3976e-06 
 0.0000  300 2.4457e-05 2832.69  929.73  3.426 1.3007e-06 
 0.0000  325 2.5600e-05 2830.90  959.79  3.322 1.2227e-06 
 0.0000  350 2.6617e-05 2829.04  985.76  3.230 1.1584e-06 
 0.0000  375 2.7540e-05 2827.11 1008.51  3.150 1.1047e-06 
 0.0000  400 2.8393e-05 2825.13 1028.66  3.079 1.0594e-06 
 0.0000  425 2.9191e-05 2823.10 1046.67  3.018 1.0213e-06 
 0.0000  450 2.9946e-05 2821.02 1062.91  2.967 9.8934e-07 
 0.0000  475 3.0667e-05 2818.89 1077.66  2.925 9.6273e-07 
 0.0000  500 3.1361e-05 2816.72 1091.12  2.892 9.4086e-07 
 0.0000  525 3.2032e-05 2814.50 1103.49  2.867 9.2307e-07 
 0.0000  550 3.2685e-05 2812.25 1114.90  2.849 9.0868e-07 
 0.0000  575 3.3322e-05 2809.95 1125.47  2.837 8.9699e-07 
 0.0000  600 3.3947e-05 2807.62 1135.30  2.828 8.8733e-07 
 0.0000  625 3.4562e-05 2805.24 1144.48  2.822 8.7913e-07 
 0.0000  650 3.5167e-05 2802.83 1153.08  2.818 8.7191e-07 
 0.0000  675 3.5764e-05 2800.39 1161.15  2.814 8.6536e-07 
 0.0000  700 3.6354e-05 2797.91 1168.74  2.810 8.5928e-07 
 0.0000  725 3.6939e-05 2795.39 1175.92  2.806 8.5359e-07 
 0.0000  750 3.7519e-05 2792.84 1182.70  2.802 8.4826e-07 
 0.0000  775 3.8094e-05 2790.26 1189.13  2.798 8.4333e-07 
 0.0000  800 3.8666e-05 2787.64 1195.23  2.795 8.3883e-07 
 0.0000  825 3.9234e-05 2784.99 1201.04  2.792 8.3478e-07 
 0.0000  850 1.8040e-05 2777.63 1204.56  2.945 8.8021e-07 
NaN     NaN  NaN        NaN     NaN     NaN    NaN

% Warning: Mineral fractions have been normalized.
%   Normalization factor: 0.95.
% Rock: 10
%  (qz) alpha-quartz              :   7.757
%  (or) sanidine                  :   2.096
%  (plag) anorthite               :  38.784
%  (bt) phlogopite                :   1.048
%  (cpx) diopside                 :  37.736
%  (gt) almandine                 :  12.579
%P       T   alpha      rho     Cp      k_eff  kappa
 0.0000  275 2.2025e-05 3138.47  910.69  3.552 1.2429e-06 
 0.0000  300 2.2649e-05 3136.70  944.66  3.464 1.1689e-06 
 0.0000  325 2.3184e-05 3134.89  974.04  3.384 1.1083e-06 
 0.0000  350 2.3654e-05 3133.04  999.63  3.313 1.0578e-06 
 0.0000  375 2.4077e-05 3131.16 1022.09  3.249 1.0151e-06 
 0.0000  400 2.4464e-05 3129.24 1041.97  3.191 9.7870e-07 
 0.0000  425 2.4823e-05 3127.31 1059.67  3.140 9.4741e-07 
 0.0000  450 2.5160e-05 3125.34 1075.54  3.094 9.2042e-07 
 0.0000  475 2.5480e-05 3123.35 1089.86  3.054 8.9712e-07 
 0.0000  500 2.5786e-05 3121.34 1102.84  3.019 8.7698e-07 
 0.0000  525 2.6080e-05 3119.32 1114.67  2.989 8.5957e-07 
 0.0000  550 2.6365e-05 3117.27 1125.51  2.963 8.4447e-07 
 0.0000  575 2.6642e-05 3115.20 1135.48  2.940 8.3130e-07 
 0.0000  600 2.6912e-05 3113.11 1144.68  2.921 8.1972e-07 
 0.0000  625 2.7177e-05 3111.00 1153.21  2.904 8.0942e-07 
 0.0000  650 2.7438e-05 3108.88 1161.13  2.888 8.0017e-07 
 0.0000  675 2.7694e-05 3106.74 1168.53  2.874 7.9178e-07 
 0.0000  700 2.7947e-05 3104.59 1175.44  2.861 7.8410e-07 
 0.0000  725 2.8197e-05 3102.41 1181.92  2.849 7.7702e-07 
 0.0000  750 2.8445e-05 3100.23 1188.02  2.838 7.7048e-07 
 0.0000  775 2.8690e-05 3098.02 1193.76  2.827 7.6441e-07 
 0.0000  800 2.8933e-05 3095.80 1199.19  2.817 7.5877e-07 
 0.0000  825 2.9175e-05 3093.57 1204.32  2.807 7.5350e-07 
 0.0000  850 2.1789e-05 3089.68 1208.47  2.851 7.6369e-07 
NaN     NaN  NaN        NaN     NaN     NaN    NaN

% Warning: Mineral fractions have been normalized.
%   Normalization factor: 0.99.
% Rock: 11
%  (qz) alpha-quartz              :   1.414
%  (or) sanidine                  :   1.414
%  (plag) anorthite               :  22.222
%  (bt) phlogopite                :  24.242
%  (cpx) diopside                 :  21.212
%  (gt) almandine                 :  29.495
%P       T   alpha      rho     Cp      k_eff  kappa
 0.0000  275 2.8922e-05 3333.82  841.77  3.465 1.2347e-06 
 0.0000  300 2.9404e-05 3331.54  876.52  3.302 1.1308e-06 
 0.0000  325 2.9806e-05 3329.21  908.00  3.160 1.0454e-06 
 0.0000  350 3.0150e-05 3326.85  936.21  3.036 9.7468e-07 
 0.0000  375 3.0452e-05 3324.46  961.40  2.926 9.1536e-07 
 0.0000  400 3.0721e-05 3322.04  983.91  2.828 8.6514e-07 
 0.0000  425 3.0965e-05 3319.60 1004.06  2.740 8.2221e-07 
 0.0000  450 3.1190e-05 3317.14 1022.15  2.662 7.8523e-07 
 0.0000  475 3.1399e-05 3314.66 1038.45  2.592 7.5314e-07 
 0.0000  500 3.1595e-05 3312.16 1053.19  2.530 7.2514e-07 
 0.0000  525 3.1781e-05 3309.64 1066.58  2.473 7.0056e-07 
 0.0000  550 3.1958e-05 3307.11 1078.78  2.422 6.7887e-07 
 0.0000  575 3.2129e-05 3304.56 1089.94  2.376 6.5965e-07 
 0.0000  600 3.2294e-05 3302.00 1100.18  2.334 6.4252e-07 
 0.0000  625 3.2453e-05 3299.43 1109.61  2.296 6.2717e-07 
 0.0000  650 3.2609e-05 3296.85 1118.32  2.261 6.1337e-07 
 0.0000  675 3.2761e-05 3294.25 1126.39  2.230 6.0088e-07 
 0.0000  700 3.2910e-05 3291.64 1133.90  2.200 5.8954e-07 
 0.0000  725 3.3056e-05 3289.02 1140.88  2.173 5.7918e-07 
 0.0000  750 3.3200e-05 3286.38 1147.41  2.148 5.6967e-07 
 0.0000  775 3.3342e-05 3283.74 1153.52  2.125 5.6090e-07 
 0.0000  800 3.3482e-05 3281.09 1159.26  2.103 5.5278e-07 
 0.0000  825 3.3621e-05 3278.42 1164.65  2.082 5.4520e-07 
 0.0000  850 3.2368e-05 3275.44 1169.60  2.069 5.4008e-07 
NaN     NaN  NaN        NaN     NaN     NaN    NaN

% Warning: Mineral fractions have been normalized.
%   Normalization factor: 0.99.
% Rock: 12
%  (qz) alpha-quartz              :   2.024
%  (or) sanidine                  :   9.717
%  (plag) anorthite               :  27.834
%  (amph) tremolite               :  47.065
%  (cpx) diopside                 :   4.251
%  (gt) almandine                 :   9.109
%P       T   alpha      rho     Cp      k_eff  kappa
 0.0000  275 2.4660e-05 3006.25  871.67  3.355 1.2805e-06 
 0.0000  300 2.4896e-05 3004.41  914.48  3.288 1.1968e-06 
 0.0000  325 2.5097e-05 3002.55  950.30  3.228 1.1313e-06 
 0.0000  350 2.5271e-05 3000.67  980.76  3.173 1.0783e-06 
 0.0000  375 2.5427e-05 2998.78 1007.03  3.124 1.0345e-06 
 0.0000  400 2.5568e-05 2996.88 1029.95  3.079 9.9764e-07 
 0.0000  425 2.5697e-05 2994.96 1050.15  3.039 9.6619e-07 
 0.0000  450 2.5818e-05 2993.04 1068.12  3.002 9.3912e-07 
 0.0000  475 2.5932e-05 2991.11 1084.23  2.970 9.1566e-07 
 0.0000  500 2.6040e-05 2989.18 1098.77  2.940 8.9525e-07 
 0.0000  525 2.6144e-05 2987.23 1111.97  2.915 8.7744e-07 
 0.0000  550 2.6244e-05 2985.28 1124.03  2.892 8.6189e-07 
 0.0000  575 2.6341e-05 2983.32 1135.10  2.873 8.4831e-07 
 0.0000  600 2.6435e-05 2981.35 1145.30  2.856 8.3645e-07 
 0.0000  625 2.6527e-05 2979.38 1154.74  2.842 8.2610e-07 
 0.0000  650 2.6617e-05 2977.40 1163.51  2.831 8.1708e-07 
 0.0000  675 2.6705e-05 2975.42 1171.69  2.821 8.0926e-07 
 0.0000  700 2.6792e-05 2973.43 1179.34  2.814 8.0249e-07 
 0.0000  725 2.6878e-05 2971.44 1186.51  2.809 7.9665e-07 
 0.0000  750 2.6963e-05 2969.44 1193.25  2.805 7.9163e-07 
 0.0000  775 2.7047e-05 2967.43 1199.60  2.803 7.8733e-07 
 0.0000  800 2.7130e-05 2965.42 1205.60  2.802 7.8363e-07 
 0.0000  825 2.7213e-05 2963.41 1211.28  2.801 7.8045e-07 
 0.0000  850 2.5305e-05 2960.96 1216.48  2.816 7.8176e-07 
NaN     NaN  NaN        NaN     NaN     NaN    NaN

% Warning: Mineral fractions have been normalized.
%   Normalization factor: 0.97.
% Rock: 13
%  (qz) alpha-quartz              :   3.083
%  (or) sanidine                  :   6.064
%  (plag) anorthite               :  34.532
%  (bt) phlogopite                :   0.411
%  (amph) tremolite               :   0.411
%  (cpx) diopside                 :  55.498
%P       T   alpha      rho     Cp      k_eff  kappa
 0.0000  275 2.5845e-05 3030.61  901.19  3.355 1.2285e-06 
 0.0000  300 2.6017e-05 3028.60  937.09  3.280 1.1557e-06 
 0.0000  325 2.6167e-05 3026.57  968.31  3.212 1.0962e-06 
 0.0000  350 2.6301e-05 3024.54  995.59  3.152 1.0466e-06 
 0.0000  375 2.6423e-05 3022.50 1019.56  3.097 1.0049e-06 
 0.0000  400 2.6537e-05 3020.46 1040.75  3.047 9.6929e-07 
 0.0000  425 2.6643e-05 3018.41 1059.60  3.002 9.3865e-07 
 0.0000  450 2.6744e-05 3016.35 1076.47  2.962 9.1213e-07 
 0.0000  475 2.6841e-05 3014.29 1091.65  2.926 8.8909e-07 
 0.0000  500 2.6934e-05 3012.23 1105.38  2.894 8.6902e-07 
 0.0000  525 2.7024e-05 3010.16 1117.87  2.865 8.5151e-07 
 0.0000  550 2.7113e-05 3008.09 1129.27  2.841 8.3623e-07 
 0.0000  575 2.7199e-05 3006.01 1139.73  2.819 8.2287e-07 
 0.0000  600 2.7283e-05 3003.93 1149.36  2.801 8.1120e-07 
 0.0000  625 2.7367e-05 3001.84 1158.25  2.785 8.0098e-07 
 0.0000  650 2.7449e-05 2999.75 1166.50  2.771 7.9203e-07 
 0.0000  675 2.7530e-05 2997.66 1174.17  2.760 7.8420e-07 
 0.0000  700 2.7610e-05 2995.57 1181.33  2.751 7.7733e-07 
 0.0000  725 2.7690e-05 2993.47 1188.03  2.743 7.7133e-07 
 0.0000  750 2.7768e-05 2991.36 1194.31  2.737 7.6607e-07 
 0.0000  775 2.7847e-05 2989.26 1200.21  2.732 7.6144e-07 
 0.0000  800 2.7925e-05 2987.15 1205.77  2.728 7.5736e-07 
 0.0000  825 2.8002e-05 2985.04 1211.02  2.725 7.5373e-07 
 0.0000  850 2.5048e-05 2982.27 1215.70  2.743 7.5647e-07 
NaN     NaN  NaN        NaN     NaN     NaN    NaN

% Warning: Mineral fractions have been normalized.
%   Normalization factor: 1.01.
% Rock: 14
%  (qz) alpha-quartz              :  16.535
%  (or) sanidine                  :  20.396
%  (plag) anorthite               :  29.604
%  (bt) phlogopite                :   5.842
%  (amph) tremolite               :  26.733
%  (cpx) diopside                 :   0.891
%P       T   alpha      rho     Cp      k_eff  kappa
 0.0000  275 2.5761e-05 2765.31  866.53  3.270 1.3645e-06 
 0.0000  300 2.6741e-05 2763.49  906.80  3.173 1.2664e-06 
 0.0000  325 2.7593e-05 2761.61  940.69  3.088 1.1889e-06 
 0.0000  350 2.8351e-05 2759.68  969.72  3.013 1.1259e-06 
 0.0000  375 2.9039e-05 2757.71  994.95  2.946 1.0739e-06 
 0.0000  400 2.9675e-05 2755.69 1017.15  2.888 1.0303e-06 
 0.0000  425 3.0270e-05 2753.63 1036.89  2.837 9.9376e-07 
 0.0000  450 3.0833e-05 2751.54 1054.58  2.795 9.6305e-07 
 0.0000  475 3.1370e-05 2749.42 1070.58  2.759 9.3741e-07 
 0.0000  500 3.1887e-05 2747.26 1085.13  2.731 9.1617e-07 
 0.0000  525 3.2388e-05 2745.07 1098.44  2.710 8.9873e-07 
 0.0000  550 3.2875e-05 2742.85 1110.69  2.695 8.8448e-07 
 0.0000  575 3.3351e-05 2740.60 1122.00  2.684 8.7283e-07 
 0.0000  600 3.3817e-05 2738.32 1132.50  2.677 8.6326e-07 
 0.0000  625 3.4275e-05 2736.01 1142.27  2.673 8.5528e-07 
 0.0000  650 3.4726e-05 2733.68 1151.41  2.671 8.4851e-07 
 0.0000  675 3.5172e-05 2731.32 1159.97  2.670 8.4270e-07 
 0.0000  700 3.5612e-05 2728.94 1168.01  2.670 8.3766e-07 
 0.0000  725 3.6048e-05 2726.53 1175.59  2.671 8.3331e-07 
 0.0000  750 3.6481e-05 2724.09 1182.75  2.673 8.2959e-07 
 0.0000  775 3.6910e-05 2721.63 1189.53  2.676 8.2649e-07 
 0.0000  800 3.7336e-05 2719.15 1195.96  2.680 8.2399e-07 
 0.0000  825 3.7760e-05 2716.64 1202.07  2.685 8.2209e-07 
 0.0000  850 2.1926e-05 2710.62 1206.37  2.801 8.5667e-07 
NaN     NaN  NaN        NaN     NaN     NaN    NaN

% Warning: Mineral fractions have been normalized.
%   Normalization factor: 0.99.
% Rock: 15
%  (qz) alpha-quartz              :  30.676
%  (or) sanidine                  :  29.062
%  (plag) anorthite               :  25.933
%  (bt) phlogopite                :   7.265
%  (gt) almandine                 :   7.064
%P       T   alpha      rho     Cp      k_eff  kappa
 0.0000  275 2.4004e-05 2779.20  818.72  3.534 1.5532e-06 
 0.0000  300 2.5932e-05 2777.50  854.96  3.401 1.4322e-06 
 0.0000  325 2.7600e-05 2775.68  886.03  3.284 1.3355e-06 
 0.0000  350 2.9082e-05 2773.76  913.10  3.182 1.2564e-06 
 0.0000  375 3.0424e-05 2771.74  937.00  3.093 1.1909e-06 
 0.0000  400 3.1661e-05 2769.63  958.32  3.016 1.1362e-06 
 0.0000  425 3.2816e-05 2767.45  977.51  2.951 1.0908e-06 
 0.0000  450 3.3907e-05 2765.19  994.92  2.897 1.0532e-06 
 0.0000  475 3.4948e-05 2762.86 1010.82  2.856 1.0226e-06 
 0.0000  500 3.5948e-05 2760.47 1025.41  2.825 9.9818e-07 
 0.0000  525 3.6914e-05 2758.01 1038.87  2.805 9.7904e-07 
 0.0000  550 3.7853e-05 2755.49 1051.35  2.794 9.6429e-07 
 0.0000  575 3.8770e-05 2752.92 1062.96  2.789 9.5298e-07 
 0.0000  600 3.9667e-05 2750.28 1073.80  2.788 9.4421e-07 
 0.0000  625 4.0548e-05 2747.59 1083.96  2.791 9.3718e-07 
 0.0000  650 4.1416e-05 2744.85 1093.49  2.795 9.3127e-07 
 0.0000  675 4.2272e-05 2742.05 1102.47  2.800 9.2607e-07 
 0.0000  700 4.3118e-05 2739.20 1110.95  2.804 9.2135e-07 
 0.0000  725 4.3956e-05 2736.29 1118.98  2.808 9.1703e-07 
 0.0000  750 4.4786e-05 2733.34 1126.58  2.812 9.1316e-07 
 0.0000  775 4.5609e-05 2730.34 1133.81  2.816 9.0981e-07 
 0.0000  800 4.6427e-05 2727.29 1140.68  2.822 9.0709e-07 
 0.0000  825 4.7239e-05 2724.19 1147.24  2.829 9.0508e-07 
 0.0000  850 1.7888e-05 2714.56 1150.70  3.057 9.7870e-07 
NaN     NaN  NaN        NaN     NaN     NaN    NaN

% Warning: Mineral fractions have been normalized.
%   Normalization factor: 1.06.
% Rock: 16
%  (qz) alpha-quartz              :  23.302
%  (or) sanidine                  :  55.000
%  (plag) anorthite               :   3.208
%  (bt) phlogopite                :   8.113
%  (gt) almandine                 :  10.377
%P       T   alpha      rho     Cp      k_eff  kappa
 0.0000  275 2.9566e-05 2786.09  701.52  3.112 1.5925e-06 
 0.0000  300 3.1106e-05 2784.04  740.64  3.025 1.4673e-06 
 0.0000  325 3.2435e-05 2781.89  775.30  2.949 1.3673e-06 
 0.0000  350 3.3613e-05 2779.66  806.12  2.882 1.2860e-06 
 0.0000  375 3.4678e-05 2777.35  833.66  2.823 1.2193e-06 
 0.0000  400 3.5658e-05 2774.98  858.41  2.773 1.1640e-06 
 0.0000  425 3.6571e-05 2772.54  880.76  2.731 1.1183e-06 
 0.0000  450 3.7433e-05 2770.04  901.06  2.698 1.0808e-06 
 0.0000  475 3.8253e-05 2767.48  919.57  2.673 1.0504e-06 
 0.0000  500 3.9041e-05 2764.88  936.53  2.657 1.0261e-06 
 0.0000  525 3.9801e-05 2762.22  952.14  2.649 1.0072e-06 
 0.0000  550 4.0539e-05 2759.52  966.55  2.648 9.9285e-07 
 0.0000  575 4.1259e-05 2756.76  979.92  2.653 9.8221e-07 
 0.0000  600 4.1964e-05 2753.97  992.35  2.663 9.7452e-07 
 0.0000  625 4.2655e-05 2751.13 1003.94  2.677 9.6913e-07 
 0.0000  650 4.3336e-05 2748.24 1014.79  2.693 9.6555e-07 
 0.0000  675 4.4007e-05 2745.32 1024.97  2.711 9.6342e-07 
 0.0000  700 4.4670e-05 2742.35 1034.55  2.731 9.6256e-07 
 0.0000  725 4.5325e-05 2739.34 1043.57  2.753 9.6290e-07 
 0.0000  750 4.5975e-05 2736.30 1052.09  2.777 9.6445e-07 
 0.0000  775 4.6620e-05 2733.21 1060.16  2.803 9.6726e-07 
 0.0000  800 4.7260e-05 2730.09 1067.81  2.832 9.7138e-07 
 0.0000  825 4.7895e-05 2726.92 1075.08  2.864 9.7683e-07 
 0.0000  850 2.5618e-05 2718.80 1079.87  3.068 1.0450e-06 
NaN     NaN  NaN        NaN     NaN     NaN    NaN

