% Infile: temp.pt
% Rock: 1
%  (plag) albite                  :  10.080
%  (plag) anorthite               :  37.920
%  (cpx) diopside                 :  26.140
%  (cpx) hedenbergite             :   5.860
%  (opx) enstatite                :   5.140
%  (opx) ferrosilite              :   5.860
%  (ol) fosterite                 :   7.090
%  (ol) fayalite                  :   1.910
%P       T   alpha      rho     Cp      k_eff  kappa
 0.0000  273 2.0842e-05 3042.43  894.37  2.798 1.0284e-06 
 0.0060  278 2.0906e-05 3042.34  902.44  2.792 1.0170e-06 
 0.0119  282 2.0968e-05 3042.24  910.25  2.786 1.0061e-06 
 0.0179  287 2.1027e-05 3042.14  917.84  2.780 9.9561e-07 
 0.0238  292 2.1083e-05 3042.04  925.18  2.774 9.8564e-07 
 0.0298  297 2.1137e-05 3041.94  932.32  2.768 9.7609e-07 
 0.0357  302 2.1188e-05 3041.83  939.23  2.763 9.6695e-07 
 0.0416  306 2.1238e-05 3041.73  945.95  2.757 9.5816e-07 
 0.0476  311 2.1285e-05 3041.62  952.48  2.751 9.4975e-07 
 0.0535  316 2.1330e-05 3041.52  958.82  2.746 9.4165e-07 
 0.0595  321 2.1373e-05 3041.41  964.98  2.741 9.3389e-07 
 0.0656  325 2.1408e-05 3041.35  970.08  2.737 9.2755e-07 
 0.0718  329 2.1441e-05 3041.29  975.07  2.732 9.2141e-07 
 0.0780  333 2.1472e-05 3041.24  979.95  2.728 9.1546e-07 
 0.0841  337 2.1503e-05 3041.18  984.71  2.724 9.0970e-07 
 0.0903  341 2.1533e-05 3041.12  989.37  2.720 9.0411e-07 
 0.0964  345 2.1562e-05 3041.06  993.93  2.716 8.9867e-07 
 0.1026  350 2.1590e-05 3040.99  998.39  2.712 8.9340e-07 
 0.1087  354 2.1617e-05 3040.93 1002.75  2.709 8.8828e-07 
 0.1149  358 2.1643e-05 3040.87 1007.01  2.705 8.8332e-07 
 0.1210  362 2.1668e-05 3040.80 1011.20  2.701 8.7848e-07 
 0.1272  366 2.1693e-05 3040.73 1015.29  2.698 8.7378e-07 
 0.1333  370 2.1716e-05 3040.67 1019.30  2.694 8.6920e-07 
 0.1394  374 2.1739e-05 3040.60 1023.22  2.690 8.6476e-07 
 0.1456  379 2.1762e-05 3040.53 1027.06  2.687 8.6043e-07 
 0.1517  383 2.1783e-05 3040.46 1030.82  2.684 8.5622e-07 
 0.1578  387 2.1804e-05 3040.39 1034.51  2.680 8.5212e-07 
 0.1640  391 2.1825e-05 3040.32 1038.13  2.677 8.4812e-07 
 0.1701  395 2.1845e-05 3040.24 1041.68  2.674 8.4422e-07 
 0.1762  400 2.1864e-05 3040.17 1045.15  2.670 8.4043e-07 
 0.1824  404 2.1883e-05 3040.10 1048.56  2.667 8.3673e-07 
 0.1885  408 2.1901e-05 3040.02 1051.90  2.664 8.3312e-07 
 0.1946  412 2.1919e-05 3039.95 1055.18  2.661 8.2960e-07 
 0.2007  416 2.1936e-05 3039.87 1058.40  2.658 8.2616e-07 
 0.2068  421 2.1953e-05 3039.79 1061.56  2.655 8.2281e-07 
 0.2130  425 2.1969e-05 3039.71 1064.65  2.652 8.1955e-07 
 0.2195  428 2.1978e-05 3039.73 1066.88  2.650 8.1728e-07 
 0.2260  431 2.1987e-05 3039.74 1069.09  2.649 8.1504e-07 
 0.2325  434 2.1996e-05 3039.75 1071.26  2.647 8.1284e-07 
 0.2390  437 2.2004e-05 3039.76 1073.41  2.645 8.1067e-07 
 0.2455  441 2.2013e-05 3039.77 1075.53  2.643 8.0854e-07 
 0.2521  444 2.2021e-05 3039.77 1077.64  2.642 8.0644e-07 
 0.2586  447 2.2029e-05 3039.78 1079.71  2.640 8.0437e-07 
 0.2651  450 2.2037e-05 3039.79 1081.76  2.638 8.0234e-07 
 0.2716  453 2.2044e-05 3039.79 1083.79  2.637 8.0034e-07 
 0.2782  456 2.2052e-05 3039.80 1085.80  2.635 7.9837e-07 
 0.2847  459 2.2059e-05 3039.80 1087.79  2.634 7.9643e-07 
 0.2912  463 2.2066e-05 3039.81 1089.75  2.632 7.9452e-07 
 0.2977  466 2.2073e-05 3039.81 1091.69  2.630 7.9264e-07 
 0.3042  469 2.2080e-05 3039.81 1093.61  2.629 7.9079e-07 
 0.3108  472 2.2087e-05 3039.82 1095.50  2.627 7.8897e-07 
 0.3173  475 2.2093e-05 3039.82 1097.38  2.626 7.8717e-07 
 0.3238  479 2.2100e-05 3039.82 1099.24  2.624 7.8541e-07 
 0.3303  482 2.2106e-05 3039.82 1101.07  2.623 7.8367e-07 
 0.3368  485 2.2112e-05 3039.82 1102.89  2.622 7.8196e-07 
 0.3434  488 2.2118e-05 3039.81 1104.69  2.620 7.8027e-07 
 0.3499  492 2.2124e-05 3039.81 1106.46  2.619 7.7861e-07 
 0.3564  495 2.2130e-05 3039.81 1108.22  2.617 7.7698e-07 
 0.3629  498 2.2135e-05 3039.80 1109.96  2.616 7.7538e-07 
 0.3695  501 2.2141e-05 3039.80 1111.68  2.615 7.7380e-07 
 0.3760  505 2.2146e-05 3039.80 1113.38  2.614 7.7224e-07 
 0.3825  508 2.2152e-05 3039.79 1115.06  2.612 7.7071e-07 
 0.3890  511 2.2157e-05 3039.78 1116.73  2.611 7.6920e-07 
 0.3956  514 2.2162e-05 3039.78 1118.38  2.610 7.6772e-07 
 0.4021  518 2.2167e-05 3039.77 1120.01  2.609 7.6626e-07 
 0.4086  521 2.2172e-05 3039.76 1121.62  2.608 7.6482e-07 
 0.4151  524 2.2177e-05 3039.75 1123.22  2.607 7.6341e-07 
 0.4217  528 2.2181e-05 3039.74 1124.80  2.605 7.6202e-07 
 0.4282  531 2.2186e-05 3039.73 1126.36  2.604 7.6065e-07 
 0.4347  534 2.2190e-05 3039.72 1127.91  2.603 7.5931e-07 
 0.4412  538 2.2195e-05 3039.71 1129.44  2.602 7.5799e-07 
 0.4478  541 2.2199e-05 3039.70 1130.95  2.601 7.5669e-07 
 0.4543  544 2.2203e-05 3039.69 1132.45  2.600 7.5541e-07 
 0.4608  548 2.2208e-05 3039.67 1133.93  2.599 7.5415e-07 
 0.4673  551 2.2212e-05 3039.66 1135.41  2.598 7.5291e-07 
 0.4739  554 2.2216e-05 3039.65 1136.86  2.598 7.5169e-07 
 0.4804  558 2.2219e-05 3039.63 1138.30  2.597 7.5050e-07 
 0.4869  561 2.2223e-05 3039.62 1139.72  2.596 7.4932e-07 
 0.4934  564 2.2227e-05 3039.60 1141.13  2.595 7.4817e-07 
 0.5000  568 2.2231e-05 3039.59 1142.53  2.594 7.4703e-07 
 0.5065  571 2.2234e-05 3039.57 1143.91  2.594 7.4592e-07 
 0.5130  574 2.2238e-05 3039.55 1145.28  2.593 7.4482e-07 
 0.5195  578 2.2241e-05 3039.54 1146.63  2.592 7.4374e-07 
 0.5261  581 2.2245e-05 3039.52 1147.98  2.591 7.4268e-07 
 0.5326  585 2.2248e-05 3039.50 1149.30  2.591 7.4165e-07 
 0.5391  588 2.2251e-05 3039.48 1150.62  2.590 7.4062e-07 
 0.5456  591 2.2254e-05 3039.46 1151.92  2.590 7.3962e-07 
 0.5522  595 2.2258e-05 3039.44 1153.21  2.589 7.3864e-07 
 0.5587  598 2.2261e-05 3039.42 1154.48  2.588 7.3768e-07 
 0.5652  602 2.2264e-05 3039.40 1155.75  2.588 7.3673e-07 
 0.5717  605 2.2266e-05 3039.38 1157.00  2.587 7.3580e-07 
 0.5783  608 2.2269e-05 3039.36 1158.24  2.587 7.3488e-07 
 0.5848  612 2.2272e-05 3039.34 1159.47  2.587 7.3399e-07 
 0.5913  615 2.2275e-05 3039.31 1160.68  2.586 7.3311e-07 
 0.5979  619 2.2278e-05 3039.29 1161.89  2.586 7.3225e-07 
 0.6044  622 2.2280e-05 3039.27 1163.08  2.585 7.3140e-07 
 0.6109  626 2.2283e-05 3039.25 1164.26  2.585 7.3058e-07 
 0.6174  629 2.2285e-05 3039.22 1165.43  2.585 7.2976e-07 
 0.6240  632 2.2288e-05 3039.20 1166.58  2.585 7.2897e-07 
 0.6305  636 2.2290e-05 3039.17 1167.73  2.584 7.2819e-07 
 0.6370  639 2.2292e-05 3039.15 1168.87  2.584 7.2742e-07 
 0.6435  643 2.2295e-05 3039.12 1169.99  2.584 7.2667e-07 
 0.6501  646 2.2297e-05 3039.10 1171.11  2.584 7.2594e-07 
 0.6566  650 2.2299e-05 3039.07 1172.21  2.584 7.2522e-07 
 0.6631  653 2.2301e-05 3039.04 1173.30  2.583 7.2452e-07 
 0.6697  656 2.2303e-05 3039.02 1174.39  2.583 7.2382e-07 
 0.6762  660 2.2305e-05 3038.99 1175.46  2.583 7.2315e-07 
 0.6827  663 2.2307e-05 3038.96 1176.53  2.583 7.2249e-07 
 0.6893  667 2.2309e-05 3038.94 1177.58  2.583 7.2184e-07 
 0.6958  670 2.2311e-05 3038.91 1178.62  2.583 7.2121e-07 
 0.7023  674 2.2313e-05 3038.88 1179.66  2.583 7.2059e-07 
 0.7088  677 2.2315e-05 3038.85 1180.68  2.583 7.1998e-07 
 0.7154  681 2.2317e-05 3038.82 1181.70  2.583 7.1939e-07 
 0.7219  684 2.2319e-05 3038.80 1182.70  2.583 7.1881e-07 
 0.7284  688 2.2320e-05 3038.77 1183.70  2.583 7.1824e-07 
 0.7349  691 2.2322e-05 3038.74 1184.68  2.584 7.1768e-07 
 0.7415  694 2.2323e-05 3038.71 1185.66  2.584 7.1714e-07 
 0.7480  698 2.2325e-05 3038.68 1186.63  2.584 7.1661e-07 
 0.7545  701 2.2327e-05 3038.65 1187.59  2.584 7.1609e-07 
 0.7611  705 2.2328e-05 3038.62 1188.54  2.584 7.1558e-07 
 0.7676  708 2.2330e-05 3038.59 1189.49  2.585 7.1508e-07 
 0.7741  712 2.2331e-05 3038.56 1190.42  2.585 7.1460e-07 
 0.7806  715 2.2332e-05 3038.53 1191.34  2.585 7.1412e-07 
 0.7872  719 2.2334e-05 3038.50 1192.26  2.585 7.1366e-07 
 0.7937  722 2.2335e-05 3038.47 1193.17  2.586 7.1320e-07 
 0.8002  726 2.2336e-05 3038.43 1194.07  2.586 7.1276e-07 
 0.8067  729 2.2337e-05 3038.40 1194.97  2.586 7.1233e-07 
 0.8133  732 2.2339e-05 3038.37 1195.85  2.587 7.1190e-07 
 0.8198  736 2.2340e-05 3038.34 1196.73  2.587 7.1149e-07 
 0.8263  739 2.2341e-05 3038.31 1197.60  2.587 7.1108e-07 
 0.8329  743 2.2342e-05 3038.28 1198.46  2.588 7.1068e-07 
 0.8394  746 2.2343e-05 3038.24 1199.31  2.588 7.1030e-07 
 0.8459  750 2.2344e-05 3038.21 1200.16  2.589 7.0992e-07 
 0.8525  753 2.2345e-05 3038.18 1201.00  2.589 7.0955e-07 
 0.8590  757 2.2346e-05 3038.15 1201.83  2.589 7.0918e-07 
 0.8655  760 2.2347e-05 3038.11 1202.66  2.590 7.0883e-07 
 0.8720  764 2.2348e-05 3038.08 1203.48  2.590 7.0848e-07 
 0.8786  767 2.2349e-05 3038.05 1204.29  2.591 7.0814e-07 
 0.8851  770 2.2350e-05 3038.02 1205.09  2.591 7.0781e-07 
 0.8916  774 2.2350e-05 3037.98 1205.89  2.592 7.0749e-07 
 0.8982  777 2.2351e-05 3037.95 1206.68  2.592 7.0717e-07 
 0.9047  781 2.2352e-05 3037.92 1207.46  2.593 7.0686e-07 
 0.9112  784 2.2353e-05 3037.88 1208.24  2.593 7.0655e-07 
 0.9177  788 2.2353e-05 3037.85 1209.01  2.594 7.0625e-07 
 0.9243  791 2.2354e-05 3037.82 1209.77  2.594 7.0596e-07 
 0.9308  795 2.2355e-05 3037.78 1210.53  2.595 7.0567e-07 
 0.9373  798 2.2355e-05 3037.75 1211.28  2.596 7.0539e-07 
 0.9439  801 2.2356e-05 3037.72 1212.03  2.596 7.0511e-07 
 0.9504  805 2.2356e-05 3037.68 1212.76  2.597 7.0484e-07 
 0.9569  808 2.2357e-05 3037.65 1213.50  2.597 7.0457e-07 
 0.9635  812 2.2357e-05 3037.61 1214.22  2.598 7.0431e-07 
 0.9700  815 2.2358e-05 3037.58 1214.94  2.598 7.0406e-07 
 0.9765  819 2.2358e-05 3037.55 1215.66  2.599 7.0380e-07 
 0.9831  822 2.2359e-05 3037.51 1216.37  2.599 7.0355e-07 
 0.9896  825 2.2359e-05 3037.48 1217.07  2.600 7.0331e-07 
 0.9961  829 2.2359e-05 3037.44 1217.77  2.601 7.0307e-07 
 1.0027  832 2.2360e-05 3037.41 1218.47  2.601 7.0283e-07 
 1.0092  836 2.2360e-05 3037.38 1219.15  2.602 7.0259e-07 
 1.0158  839 2.2360e-05 3037.34 1219.83  2.602 7.0237e-07 
 1.0223  843 2.2360e-05 3037.31 1220.51  2.603 7.0214e-07 
 1.0288  846 2.2361e-05 3037.27 1221.18  2.603 7.0191e-07 
 1.0354  849 2.2361e-05 3037.24 1221.85  2.604 7.0169e-07 
 1.0419  853 2.2361e-05 3037.20 1222.50  2.605 7.0147e-07 
 1.0485  856 2.2361e-05 3037.17 1223.16  2.605 7.0126e-07 
 1.0550  860 2.2361e-05 3037.14 1223.81  2.606 7.0104e-07 
 1.0615  863 2.2362e-05 3037.10 1224.45  2.606 7.0083e-07 
 1.0681  866 2.2362e-05 3037.07 1225.09  2.607 7.0062e-07 
 1.0746  870 2.2362e-05 3037.03 1225.73  2.607 7.0042e-07 
 1.0811  873 2.2362e-05 3037.00 1226.36  2.608 7.0021e-07 
 1.0877  877 2.2362e-05 3036.97 1226.98  2.608 7.0001e-07 
 1.0942  880 2.2362e-05 3036.93 1227.60  2.609 6.9981e-07 
 1.1008  883 2.2362e-05 3036.90 1228.21  2.610 6.9961e-07 
 1.1073  887 2.2362e-05 3036.86 1228.83  2.610 6.9941e-07 
 1.1138  890 2.2362e-05 3036.83 1229.43  2.611 6.9921e-07 
 1.1204  894 2.2362e-05 3036.79 1230.03  2.611 6.9902e-07 
 1.1269  897 2.2362e-05 3036.76 1230.63  2.612 6.9882e-07 
 1.1335  900 2.2361e-05 3036.73 1231.22  2.612 6.9863e-07 
 1.1400  904 2.2361e-05 3036.69 1231.81  2.613 6.9843e-07 
 1.1465  907 2.2361e-05 3036.65 1232.39  2.613 6.9824e-07 
 1.1531  911 2.2361e-05 3036.62 1232.97  2.614 6.9805e-07 
 1.1596  914 2.2361e-05 3036.59 1233.54  2.614 6.9786e-07 
 1.1662  917 2.2361e-05 3036.55 1234.11  2.614 6.9767e-07 
 1.1727  921 2.2360e-05 3036.52 1234.68  2.615 6.9748e-07 
 1.1792  924 2.2360e-05 3036.48 1235.24  2.615 6.9729e-07 
 1.1858  927 2.2360e-05 3036.45 1235.80  2.616 6.9711e-07 
 1.1923  931 2.2360e-05 3036.42 1236.35  2.616 6.9692e-07 
 1.1989  934 2.2359e-05 3036.38 1236.90  2.617 6.9673e-07 
 1.2054  937 2.2359e-05 3036.35 1237.44  2.617 6.9655e-07 
 1.2119  941 2.2359e-05 3036.31 1237.99  2.618 6.9636e-07 
 1.2185  944 2.2358e-05 3036.28 1238.52  2.618 6.9617e-07 
 1.2250  947 2.2358e-05 3036.25 1239.06  2.618 6.9599e-07 
 1.2316  951 2.2357e-05 3036.21 1239.59  2.619 6.9580e-07 
 1.2381  954 2.2357e-05 3036.18 1240.11  2.619 6.9561e-07 
 1.2446  958 2.2357e-05 3036.14 1240.63  2.619 6.9543e-07 
 1.2512  961 2.2356e-05 3036.11 1241.15  2.620 6.9524e-07 
 1.2577  964 2.2356e-05 3036.08 1241.67  2.620 6.9506e-07 
 1.2643  968 2.2355e-05 3036.05 1242.18  2.621 6.9487e-07 
 1.2708  971 2.2355e-05 3036.01 1242.69  2.621 6.9468e-07 
 1.2773  974 2.2354e-05 3035.98 1243.19  2.621 6.9450e-07 
 1.2839  977 2.2354e-05 3035.94 1243.69  2.622 6.9431e-07 
 1.2904  981 2.2353e-05 3035.91 1244.19  2.622 6.9413e-07 
 1.2970  984 2.2353e-05 3035.88 1244.68  2.622 6.9394e-07 
 1.3035  987 2.2352e-05 3035.84 1245.17  2.622 6.9375e-07 
 1.3100  991 2.2352e-05 3035.81 1245.66  2.623 6.9357e-07 
 1.3166  994 2.2351e-05 3035.78 1246.14  2.623 6.9338e-07 
 1.3231  997 2.2350e-05 3035.74 1246.62  2.623 6.9319e-07 
 1.3297 1001 2.2350e-05 3035.71 1247.10  2.624 6.9301e-07 
 1.3362 1004 2.2349e-05 3035.68 1247.57  2.624 6.9282e-07 
 1.3427 1007 2.2349e-05 3035.64 1248.04  2.624 6.9263e-07 
 1.3493 1011 2.2348e-05 3035.61 1248.51  2.624 6.9245e-07 
 1.3558 1014 2.2347e-05 3035.58 1248.97  2.625 6.9226e-07 
 1.3624 1017 2.2346e-05 3035.55 1249.43  2.625 6.9207e-07 
 1.3689 1020 2.2346e-05 3035.51 1249.89  2.625 6.9188e-07 
 1.3754 1024 2.2345e-05 3035.48 1250.34  2.625 6.9170e-07 
 1.3820 1027 2.2344e-05 3035.45 1250.79  2.625 6.9151e-07 
 1.3885 1030 2.2343e-05 3035.41 1251.24  2.626 6.9132e-07 
 1.3951 1034 2.2343e-05 3035.38 1251.69  2.626 6.9113e-07 
 1.4016 1037 2.2342e-05 3035.35 1252.13  2.626 6.9095e-07 
 1.4081 1040 2.2341e-05 3035.31 1252.57  2.626 6.9076e-07 
 1.4147 1043 2.2340e-05 3035.28 1253.01  2.626 6.9057e-07 
 1.4212 1047 2.2339e-05 3035.25 1253.44  2.627 6.9038e-07 
 1.4278 1050 2.2339e-05 3035.22 1253.87  2.627 6.9020e-07 
 1.4343 1053 2.2338e-05 3035.19 1254.30  2.627 6.9001e-07 
 1.4408 1056 2.2337e-05 3035.15 1254.73  2.627 6.8982e-07 
 1.4474 1060 2.2336e-05 3035.12 1255.15  2.627 6.8963e-07 
 1.4539 1063 2.2335e-05 3035.09 1255.57  2.627 6.8945e-07 
 1.4605 1066 2.2334e-05 3035.06 1255.99  2.627 6.8926e-07 
 1.4670 1069 2.2333e-05 3035.03 1256.40  2.628 6.8907e-07 
 1.4735 1073 2.2332e-05 3034.99 1256.81  2.628 6.8888e-07 
 1.4801 1076 2.2331e-05 3034.96 1257.22  2.628 6.8870e-07 
 1.4866 1079 2.2331e-05 3034.93 1257.63  2.628 6.8851e-07 
 1.4932 1082 2.2329e-05 3034.90 1258.03  2.628 6.8833e-07 
 1.4997 1086 2.2329e-05 3034.87 1258.44  2.628 6.8814e-07 
 1.5063 1089 2.2328e-05 3034.84 1258.84  2.628 6.8796e-07 
 1.5128 1092 2.2327e-05 3034.80 1259.23  2.628 6.8777e-07 
 1.5194 1095 2.2325e-05 3034.77 1259.63  2.628 6.8759e-07 
 1.5259 1098 2.2325e-05 3034.74 1260.02  2.629 6.8740e-07 
 1.5325 1102 2.2323e-05 3034.71 1260.41  2.629 6.8722e-07 
 1.5390 1105 2.2322e-05 3034.68 1260.80  2.629 6.8704e-07 
 1.5456 1108 2.2321e-05 3034.65 1261.18  2.629 6.8686e-07 
 1.5521 1111 2.2320e-05 3034.62 1261.57  2.629 6.8667e-07 
 1.5587 1114 2.2319e-05 3034.59 1261.95  2.629 6.8649e-07 
 1.5652 1118 2.2318e-05 3034.55 1262.32  2.629 6.8631e-07 
 1.5718 1121 2.2317e-05 3034.53 1262.70  2.629 6.8613e-07 
 1.5783 1124 2.2316e-05 3034.49 1263.07  2.629 6.8595e-07 
 1.5849 1127 2.2315e-05 3034.46 1263.44  2.629 6.8577e-07 
 1.5914 1130 2.2314e-05 3034.43 1263.81  2.629 6.8559e-07 
 1.5980 1134 2.2312e-05 3034.40 1264.18  2.629 6.8542e-07 
 1.6046 1137 2.2311e-05 3034.37 1264.54  2.629 6.8524e-07 
 1.6111 1140 2.2310e-05 3034.34 1264.90  2.629 6.8506e-07 
 1.6177 1143 2.2309e-05 3034.31 1265.26  2.629 6.8489e-07 
 1.6242 1146 2.2308e-05 3034.28 1265.62  2.629 6.8471e-07 
 1.6308 1150 2.2306e-05 3034.25 1265.98  2.630 6.8454e-07 
 1.6373 1153 2.2305e-05 3034.22 1266.33  2.630 6.8437e-07 
 1.6439 1156 2.2304e-05 3034.19 1266.68  2.630 6.8419e-07 
 1.6504 1159 2.2303e-05 3034.16 1267.03  2.630 6.8402e-07 
 1.6570 1162 2.2301e-05 3034.14 1267.38  2.630 6.8385e-07 
 1.6635 1165 2.2300e-05 3034.10 1267.72  2.630 6.8368e-07 
 1.6701 1168 2.2299e-05 3034.08 1268.07  2.630 6.8351e-07 
 1.6766 1172 2.2298e-05 3034.05 1268.41  2.630 6.8334e-07 
 1.6832 1175 2.2296e-05 3034.02 1268.75  2.630 6.8318e-07 
 1.6897 1178 2.2295e-05 3033.99 1269.08  2.630 6.8301e-07 
 1.6963 1181 2.2294e-05 3033.96 1269.42  2.630 6.8285e-07 
 1.7028 1184 2.2292e-05 3033.93 1269.75  2.630 6.8268e-07 
 1.7094 1187 2.2291e-05 3033.90 1270.08  2.630 6.8252e-07 
 1.7159 1190 2.2290e-05 3033.87 1270.41  2.630 6.8236e-07 
 1.7225 1194 2.2288e-05 3033.84 1270.74  2.630 6.8220e-07 
 1.7290 1197 2.2287e-05 3033.81 1271.06  2.630 6.8204e-07 
 1.7356 1200 2.2286e-05 3033.79 1271.39  2.630 6.8188e-07 
 1.7421 1203 2.2284e-05 3033.76 1271.71  2.630 6.8172e-07 
 1.7487 1206 2.2283e-05 3033.73 1272.03  2.630 6.8156e-07 
 1.7552 1209 2.2281e-05 3033.70 1272.35  2.630 6.8141e-07 
 1.7618 1212 2.2280e-05 3033.67 1272.66  2.630 6.8125e-07 
 1.7683 1215 2.2279e-05 3033.65 1272.98  2.630 6.8110e-07 
 1.7749 1218 2.2277e-05 3033.62 1273.29  2.630 6.8095e-07 
 1.7814 1222 2.2276e-05 3033.59 1273.60  2.630 6.8080e-07 
 1.7880 1225 2.2274e-05 3033.56 1273.91  2.630 6.8065e-07 
 1.7945 1228 2.2273e-05 3033.53 1274.22  2.630 6.8050e-07 
 1.8011 1231 2.2271e-05 3033.51 1274.52  2.630 6.8035e-07 
 1.8076 1234 2.2270e-05 3033.48 1274.83  2.630 6.8020e-07 
 1.8141 1237 2.2268e-05 3033.45 1275.13  2.630 6.8005e-07 
 1.8207 1240 2.2267e-05 3033.42 1275.43  2.631 6.7991e-07 
 1.8272 1243 2.2265e-05 3033.40 1275.73  2.631 6.7977e-07 
 1.8338 1246 2.2264e-05 3033.37 1276.03  2.631 6.7963e-07 
 1.8403 1249 2.2262e-05 3033.34 1276.32  2.631 6.7948e-07 
 1.8468 1252 2.2261e-05 3033.31 1276.62  2.631 6.7934e-07 
 1.8534 1255 2.2259e-05 3033.29 1276.91  2.631 6.7920e-07 
 1.8599 1259 2.2258e-05 3033.26 1277.20  2.631 6.7907e-07 
 1.8665 1262 2.2256e-05 3033.24 1277.49  2.631 6.7893e-07 
 1.8730 1265 2.2255e-05 3033.21 1277.78  2.631 6.7879e-07 
 1.8795 1268 2.2253e-05 3033.18 1278.06  2.631 6.7866e-07 
 1.8861 1271 2.2252e-05 3033.16 1278.35  2.631 6.7853e-07 
 1.8926 1274 2.2250e-05 3033.13 1278.63  2.631 6.7839e-07 
 1.8992 1277 2.2248e-05 3033.10 1278.91  2.631 6.7826e-07 
 1.9057 1280 2.2247e-05 3033.08 1279.19  2.631 6.7813e-07 
 1.9122 1283 2.2245e-05 3033.05 1279.47  2.631 6.7801e-07 
 1.9188 1286 2.2244e-05 3033.03 1279.75  2.631 6.7788e-07 
 1.9253 1289 2.2242e-05 3033.00 1280.02  2.631 6.7775e-07 
 1.9318 1292 2.2240e-05 3032.97 1280.30  2.631 6.7763e-07 
 1.9384 1295 2.2239e-05 3032.95 1280.57  2.631 6.7750e-07 
 1.9449 1298 2.2237e-05 3032.92 1280.84  2.631 6.7738e-07 
 1.9514 1301 2.2235e-05 3032.89 1281.11  2.631 6.7726e-07 
 1.9580 1304 2.2234e-05 3032.87 1281.38  2.632 6.7714e-07 
 1.9645 1307 2.2232e-05 3032.85 1281.64  2.632 6.7702e-07 
 1.9710 1310 2.2230e-05 3032.82 1281.91  2.632 6.7690e-07 
 1.9776 1313 2.2229e-05 3032.80 1282.17  2.632 6.7679e-07 
 1.9841 1316 2.2227e-05 3032.77 1282.44  2.632 6.7667e-07 
 1.9906 1319 2.2225e-05 3032.74 1282.70  2.632 6.7655e-07 
 1.9972 1322 2.2224e-05 3032.72 1282.96  2.632 6.7644e-07 
 2.0037 1325 2.2222e-05 3032.69 1283.22  2.632 6.7633e-07 
 2.0102 1328 2.2220e-05 3032.67 1283.47  2.632 6.7622e-07 
 2.0167 1331 2.2219e-05 3032.64 1283.73  2.632 6.7611e-07 
 2.0233 1334 2.2217e-05 3032.62 1283.98  2.632 6.7600e-07 
 2.0298 1337 2.2215e-05 3032.60 1284.24  2.632 6.7589e-07 
 2.0363 1340 2.2213e-05 3032.57 1284.49  2.632 6.7578e-07 
 2.0429 1343 2.2211e-05 3032.55 1284.74  2.632 6.7568e-07 
 2.0494 1346 2.2210e-05 3032.52 1284.99  2.633 6.7557e-07 
 2.0559 1349 2.2208e-05 3032.50 1285.23  2.633 6.7547e-07 
 2.0624 1352 2.2206e-05 3032.47 1285.48  2.633 6.7537e-07 
 2.0690 1355 2.2204e-05 3032.45 1285.73  2.633 6.7527e-07 
 2.0755 1358 2.2203e-05 3032.43 1285.97  2.633 6.7517e-07 
 2.0820 1361 2.2201e-05 3032.40 1286.21  2.633 6.7507e-07 
 2.0885 1364 2.2199e-05 3032.38 1286.46  2.633 6.7497e-07 
 2.0951 1367 2.2197e-05 3032.36 1286.70  2.633 6.7487e-07 
 2.1016 1370 2.2195e-05 3032.33 1286.94  2.633 6.7478e-07 
 2.1081 1372 2.2194e-05 3032.31 1287.17  2.633 6.7468e-07 
 2.1146 1375 2.2192e-05 3032.29 1287.41  2.633 6.7459e-07 
 2.1211 1378 2.2190e-05 3032.26 1287.65  2.634 6.7450e-07 
 2.1277 1381 2.2188e-05 3032.24 1287.88  2.634 6.7441e-07 
 2.1342 1384 2.2186e-05 3032.22 1288.12  2.634 6.7431e-07 
 2.1407 1387 2.2184e-05 3032.19 1288.35  2.634 6.7422e-07 
 2.1472 1390 2.2183e-05 3032.17 1288.58  2.634 6.7414e-07 
 2.1537 1393 2.2181e-05 3032.15 1288.81  2.634 6.7405e-07 
 2.1603 1396 2.2179e-05 3032.13 1289.04  2.634 6.7396e-07 
 2.1668 1399 2.2177e-05 3032.10 1289.27  2.634 6.7388e-07 
 2.1733 1402 2.2175e-05 3032.08 1289.49  2.634 6.7379e-07 
 2.1798 1405 2.2173e-05 3032.06 1289.72  2.635 6.7371e-07 
 2.1863 1408 2.2171e-05 3032.03 1289.94  2.635 6.7362e-07 
 2.1929 1410 2.2169e-05 3032.01 1290.17  2.635 6.7355e-07 
 2.1994 1413 2.2167e-05 3031.99 1290.39  2.635 6.7346e-07 
 2.2059 1416 2.2166e-05 3031.97 1290.61  2.635 6.7338e-07 
 2.2124 1419 2.2164e-05 3031.95 1290.83  2.635 6.7331e-07 
 2.2189 1422 2.2162e-05 3031.92 1291.05  2.635 6.7323e-07 
 2.2254 1425 2.2160e-05 3031.90 1291.27  2.635 6.7315e-07 
 2.2319 1428 2.2158e-05 3031.88 1291.49  2.636 6.7307e-07 
 2.2385 1431 2.2156e-05 3031.86 1291.70  2.636 6.7300e-07 
 2.2450 1434 2.2154e-05 3031.84 1291.92  2.636 6.7293e-07 
 2.2515 1437 2.2152e-05 3031.82 1292.13  2.636 6.7285e-07 
 2.2580 1439 2.2150e-05 3031.79 1292.34  2.636 6.7278e-07 
 2.2645 1442 2.2148e-05 3031.77 1292.56  2.636 6.7271e-07 
 2.2710 1445 2.2146e-05 3031.75 1292.77  2.636 6.7264e-07 
 2.2775 1448 2.2144e-05 3031.73 1292.98  2.636 6.7257e-07 
 2.2840 1451 2.2142e-05 3031.71 1293.19  2.637 6.7250e-07 
 2.2905 1454 2.2140e-05 3031.68 1293.39  2.637 6.7243e-07 
 2.2971 1457 2.2138e-05 3031.67 1293.60  2.637 6.7237e-07 
 2.3036 1459 2.2136e-05 3031.64 1293.81  2.637 6.7230e-07 
 2.3101 1462 2.2134e-05 3031.62 1294.01  2.637 6.7224e-07 
 2.3166 1465 2.2132e-05 3031.60 1294.22  2.637 6.7217e-07 
 2.3231 1468 2.2130e-05 3031.58 1294.42  2.637 6.7211e-07 
 2.3296 1471 2.2128e-05 3031.56 1294.62  2.638 6.7204e-07 
 2.3361 1474 2.2126e-05 3031.54 1294.83  2.638 6.7198e-07 
 2.3426 1477 2.2124e-05 3031.52 1295.03  2.638 6.7192e-07 
 2.3491 1479 2.2122e-05 3031.49 1295.23  2.638 6.7186e-07 
 2.3556 1482 2.2120e-05 3031.47 1295.43  2.638 6.7180e-07 
 2.3621 1485 2.2118e-05 3031.45 1295.62  2.638 6.7174e-07 
 2.3686 1488 2.2116e-05 3031.43 1295.82  2.639 6.7169e-07 
 2.3751 1491 2.2114e-05 3031.41 1296.02  2.639 6.7163e-07 
 2.3816 1494 2.2112e-05 3031.39 1296.22  2.639 6.7157e-07 
 2.3881 1496 2.2110e-05 3031.37 1296.41  2.639 6.7152e-07 
 2.3946 1499 2.2108e-05 3031.35 1296.60  2.639 6.7146e-07 
 2.4011 1502 2.2106e-05 3031.33 1296.80  2.639 6.7141e-07 
 2.4076 1505 2.2104e-05 3031.31 1296.99  2.639 6.7135e-07 
 2.4141 1508 2.2102e-05 3031.28 1297.18  2.640 6.7130e-07 
 2.4206 1511 2.2100e-05 3031.26 1297.37  2.640 6.7125e-07 
 2.4271 1513 2.2098e-05 3031.24 1297.56  2.640 6.7120e-07 
 2.4336 1516 2.2096e-05 3031.22 1297.75  2.640 6.7115e-07 
 2.4401 1519 2.2094e-05 3031.20 1297.94  2.640 6.7110e-07 
 2.4466 1522 2.2092e-05 3031.18 1298.13  2.640 6.7105e-07 
 2.4531 1525 2.2090e-05 3031.16 1298.31  2.641 6.7100e-07 
 2.4596 1528 2.2088e-05 3031.14 1298.50  2.641 6.7095e-07 
 2.4661 1530 2.2085e-05 3031.12 1298.68  2.641 6.7091e-07 
 2.4726 1533 2.2083e-05 3031.10 1298.87  2.641 6.7086e-07 
 2.4791 1536 2.2081e-05 3031.08 1299.05  2.641 6.7082e-07 
 2.4856 1539 2.2079e-05 3031.06 1299.24  2.642 6.7077e-07 
 2.4921 1542 2.2077e-05 3031.04 1299.42  2.642 6.7073e-07 
 2.4986 1544 2.2075e-05 3031.02 1299.60  2.642 6.7069e-07 
 2.5051 1547 2.2073e-05 3031.00 1299.78  2.642 6.7064e-07 
 2.5116 1550 2.2071e-05 3030.98 1299.96  2.642 6.7060e-07 
 2.5181 1553 2.2069e-05 3030.95 1300.14  2.642 6.7056e-07 
 2.5246 1556 2.2067e-05 3030.93 1300.32  2.643 6.7052e-07 
 2.5311 1558 2.2064e-05 3030.91 1300.50  2.643 6.7048e-07 
 2.5376 1561 2.2062e-05 3030.89 1300.67  2.643 6.7044e-07 
 2.5441 1564 2.2060e-05 3030.87 1300.85  2.643 6.7040e-07 
 2.5506 1567 2.2058e-05 3030.85 1301.03  2.643 6.7036e-07 
 2.5571 1570 2.2056e-05 3030.83 1301.20  2.644 6.7033e-07 
 2.5635 1572 2.2054e-05 3030.81 1301.38  2.644 6.7029e-07 
 2.5700 1575 2.2052e-05 3030.79 1301.55  2.644 6.7025e-07 
 2.5765 1578 2.2050e-05 3030.77 1301.72  2.644 6.7022e-07 
 2.5830 1581 2.2048e-05 3030.75 1301.90  2.644 6.7018e-07 
 2.5895 1583 2.2045e-05 3030.73 1302.07  2.645 6.7015e-07 
 2.5960 1586 2.2043e-05 3030.70 1302.24  2.645 6.7011e-07 
 2.6025 1589 2.2041e-05 3030.68 1302.41  2.645 6.7008e-07 
 2.6090 1592 2.2039e-05 3030.66 1302.58  2.645 6.7005e-07 
 2.6155 1595 2.2037e-05 3030.64 1302.75  2.645 6.7002e-07 
 2.6219 1597 2.2035e-05 3030.62 1302.92  2.646 6.6998e-07 
 2.6284 1600 2.2033e-05 3030.60 1303.09  2.646 6.6995e-07 
 2.6349 1603 2.2031e-05 3030.58 1303.25  2.646 6.6992e-07 
 2.6414 1606 2.2028e-05 3030.55 1303.42  2.646 6.6989e-07 
 2.6479 1608 2.2026e-05 3030.53 1303.59  2.646 6.6986e-07 
 2.6544 1611 2.2024e-05 3030.51 1303.75  2.647 6.6983e-07 
 2.6608 1614 2.2022e-05 3030.49 1303.92  2.647 6.6980e-07 
 2.6673 1617 2.2020e-05 3030.47 1304.08  2.647 6.6978e-07 
 2.6738 1620 2.2018e-05 3030.45 1304.24  2.647 6.6975e-07 
 2.6803 1622 2.2016e-05 3030.42 1304.41  2.647 6.6972e-07 
 2.6868 1625 2.2014e-05 3030.40 1304.57  2.648 6.6970e-07 
 2.6933 1628 2.2011e-05 3030.38 1304.73  2.648 6.6967e-07 
 2.6997 1631 2.2009e-05 3030.36 1304.89  2.648 6.6965e-07 
 2.7062 1633 2.2007e-05 3030.33 1305.06  2.648 6.6962e-07 
 2.7127 1636 2.2005e-05 3030.31 1305.22  2.648 6.6960e-07 
 2.7192 1639 2.2003e-05 3030.29 1305.38  2.649 6.6957e-07 
 2.7257 1642 2.2001e-05 3030.27 1305.54  2.649 6.6955e-07 
 2.7321 1645 2.1999e-05 3030.24 1305.70  2.649 6.6953e-07 
 2.7386 1647 2.1997e-05 3030.22 1305.85  2.649 6.6951e-07 
 2.7451 1650 2.1995e-05 3030.20 1306.01  2.649 6.6948e-07 
 2.7516 1653 2.1992e-05 3030.17 1306.17  2.650 6.6946e-07 
 2.7581 1656 2.1990e-05 3030.15 1306.33  2.650 6.6944e-07 
 2.7645 1658 2.1988e-05 3030.13 1306.48  2.650 6.6942e-07 
 2.7710 1661 2.1986e-05 3030.10 1306.64  2.650 6.6940e-07 
 2.7775 1664 2.1984e-05 3030.08 1306.79  2.651 6.6938e-07 
 2.7840 1667 2.1982e-05 3030.06 1306.95  2.651 6.6936e-07 
 2.7904 1669 2.1980e-05 3030.03 1307.10  2.651 6.6934e-07 
 2.7969 1672 2.1978e-05 3030.01 1307.26  2.651 6.6932e-07 
 2.8034 1675 2.1975e-05 3029.98 1307.41  2.651 6.6931e-07 
 2.8099 1678 2.1973e-05 3029.96 1307.56  2.652 6.6929e-07 
 2.8163 1681 2.1971e-05 3029.93 1307.72  2.652 6.6927e-07 
 2.8228 1683 2.1969e-05 3029.91 1307.87  2.652 6.6926e-07 
 2.8293 1686 2.1967e-05 3029.89 1308.02  2.652 6.6924e-07 
 2.8357 1689 2.1965e-05 3029.86 1308.17  2.653 6.6922e-07 
 2.8422 1692 2.1963e-05 3029.83 1308.32  2.653 6.6921e-07 
 2.8487 1694 2.1961e-05 3029.81 1308.47  2.653 6.6919e-07 
 2.8552 1697 2.1959e-05 3029.79 1308.62  2.653 6.6918e-07 
 2.8616 1700 2.1957e-05 3029.76 1308.77  2.653 6.6916e-07 
 2.8681 1703 2.1954e-05 3029.73 1308.92  2.654 6.6915e-07 
 2.8746 1706 2.1952e-05 3029.71 1309.07  2.654 6.6914e-07 
 2.8810 1708 2.1950e-05 3029.68 1309.21  2.654 6.6912e-07 
 2.8875 1711 2.1948e-05 3029.65 1309.36  2.654 6.6911e-07 
 2.8940 1714 2.1946e-05 3029.63 1309.51  2.655 6.6910e-07 
 2.9004 1717 2.1944e-05 3029.60 1309.66  2.655 6.6909e-07 
 2.9069 1719 2.1942e-05 3029.57 1309.80  2.655 6.6908e-07 
 2.9134 1722 2.1940e-05 3029.55 1309.95  2.655 6.6907e-07 
 2.9198 1725 2.1938e-05 3029.52 1310.09  2.655 6.6905e-07 
NaN     NaN  NaN        NaN     NaN     NaN    NaN

% Rock: 2
%  (cpx) diopside                 :   4.490
%  (cpx) hedenbergite             :   0.410
%  (opx) enstatite                :  18.770
%  (opx) ferrosilite              :   1.930
%  (ol) fosterite                 :  66.550
%  (ol) fayalite                  :   7.150
%  (sp) spinel                    :   0.700
%P       T   alpha      rho     Cp      k_eff  kappa
 0.0000  273 2.7506e-05 3302.49  765.59  4.622 1.8281e-06 
 0.0060  278 2.7659e-05 3302.22  776.01  4.587 1.7901e-06 
 0.0119  282 2.7806e-05 3301.95  786.03  4.553 1.7542e-06 
 0.0179  287 2.7947e-05 3301.67  795.74  4.519 1.7202e-06 
 0.0238  292 2.8084e-05 3301.39  805.10  4.487 1.6881e-06 
 0.0298  297 2.8215e-05 3301.11  814.15  4.455 1.6576e-06 
 0.0357  302 2.8342e-05 3300.82  822.89  4.424 1.6287e-06 
 0.0416  306 2.8465e-05 3300.53  831.37  4.393 1.6010e-06 
 0.0476  311 2.8584e-05 3300.24  839.57  4.363 1.5748e-06 
 0.0535  316 2.8699e-05 3299.94  847.53  4.334 1.5497e-06 
 0.0595  321 2.8811e-05 3299.65  855.23  4.306 1.5257e-06 
 0.0656  325 2.8901e-05 3299.42  861.60  4.282 1.5062e-06 
 0.0718  329 2.8989e-05 3299.19  867.82  4.259 1.4874e-06 
 0.0780  333 2.9076e-05 3298.97  873.90  4.236 1.4693e-06 
 0.0841  337 2.9160e-05 3298.73  879.82  4.213 1.4518e-06 
 0.0903  341 2.9242e-05 3298.50  885.61  4.191 1.4348e-06 
 0.0964  345 2.9322e-05 3298.27  891.28  4.170 1.4184e-06 
 0.1026  350 2.9401e-05 3298.03  896.81  4.148 1.4025e-06 
 0.1087  354 2.9477e-05 3297.79  902.22  4.127 1.3872e-06 
 0.1149  358 2.9552e-05 3297.55  907.50  4.107 1.3723e-06 
 0.1210  362 2.9626e-05 3297.30  912.68  4.086 1.3579e-06 
 0.1272  366 2.9698e-05 3297.06  917.74  4.066 1.3439e-06 
 0.1333  370 2.9769e-05 3296.81  922.70  4.047 1.3303e-06 
 0.1394  374 2.9838e-05 3296.56  927.55  4.027 1.3171e-06 
 0.1456  379 2.9906e-05 3296.31  932.31  4.008 1.3043e-06 
 0.1517  383 2.9972e-05 3296.06  936.96  3.990 1.2919e-06 
 0.1578  387 3.0038e-05 3295.81  941.53  3.971 1.2798e-06 
 0.1640  391 3.0102e-05 3295.55  946.00  3.953 1.2680e-06 
 0.1701  395 3.0165e-05 3295.30  950.39  3.935 1.2565e-06 
 0.1762  400 3.0227e-05 3295.04  954.68  3.918 1.2454e-06 
 0.1824  404 3.0288e-05 3294.78  958.90  3.900 1.2346e-06 
 0.1885  408 3.0348e-05 3294.52  963.04  3.883 1.2240e-06 
 0.1946  412 3.0407e-05 3294.25  967.11  3.867 1.2137e-06 
 0.2007  416 3.0466e-05 3293.99  971.10  3.850 1.2036e-06 
 0.2068  421 3.0523e-05 3293.72  975.01  3.834 1.1939e-06 
 0.2130  425 3.0579e-05 3293.45  978.85  3.818 1.1843e-06 
 0.2195  428 3.0617e-05 3293.31  981.61  3.807 1.1776e-06 
 0.2260  431 3.0654e-05 3293.17  984.34  3.796 1.1710e-06 
 0.2325  434 3.0691e-05 3293.02  987.04  3.785 1.1644e-06 
 0.2390  437 3.0727e-05 3292.88  989.71  3.774 1.1580e-06 
 0.2455  441 3.0763e-05 3292.73  992.35  3.763 1.1517e-06 
 0.2521  444 3.0799e-05 3292.58  994.96  3.753 1.1455e-06 
 0.2586  447 3.0835e-05 3292.43  997.54  3.742 1.1394e-06 
 0.2651  450 3.0870e-05 3292.28 1000.09  3.732 1.1333e-06 
 0.2716  453 3.0905e-05 3292.13 1002.62  3.721 1.1274e-06 
 0.2782  456 3.0939e-05 3291.98 1005.12  3.711 1.1216e-06 
 0.2847  459 3.0974e-05 3291.82 1007.59  3.701 1.1158e-06 
 0.2912  463 3.1008e-05 3291.67 1010.04  3.691 1.1102e-06 
 0.2977  466 3.1042e-05 3291.51 1012.46  3.681 1.1046e-06 
 0.3042  469 3.1075e-05 3291.35 1014.85  3.671 1.0991e-06 
 0.3108  472 3.1108e-05 3291.19 1017.22  3.662 1.0937e-06 
 0.3173  475 3.1141e-05 3291.03 1019.57  3.652 1.0884e-06 
 0.3238  479 3.1174e-05 3290.87 1021.89  3.642 1.0831e-06 
 0.3303  482 3.1207e-05 3290.70 1024.19  3.633 1.0780e-06 
 0.3368  485 3.1239e-05 3290.54 1026.46  3.624 1.0729e-06 
 0.3434  488 3.1271e-05 3290.37 1028.72  3.615 1.0679e-06 
 0.3499  492 3.1303e-05 3290.21 1030.94  3.605 1.0629e-06 
 0.3564  495 3.1335e-05 3290.04 1033.15  3.596 1.0581e-06 
 0.3629  498 3.1366e-05 3289.87 1035.33  3.588 1.0533e-06 
 0.3695  501 3.1398e-05 3289.70 1037.49  3.579 1.0486e-06 
 0.3760  505 3.1429e-05 3289.53 1039.63  3.570 1.0439e-06 
 0.3825  508 3.1460e-05 3289.36 1041.74  3.562 1.0394e-06 
 0.3890  511 3.1490e-05 3289.18 1043.84  3.553 1.0349e-06 
 0.3956  514 3.1521e-05 3289.01 1045.92  3.545 1.0304e-06 
 0.4021  518 3.1551e-05 3288.83 1047.97  3.536 1.0260e-06 
 0.4086  521 3.1581e-05 3288.65 1050.01  3.528 1.0217e-06 
 0.4151  524 3.1611e-05 3288.47 1052.03  3.520 1.0175e-06 
 0.4217  528 3.1641e-05 3288.30 1054.02  3.512 1.0133e-06 
 0.4282  531 3.1670e-05 3288.12 1056.00  3.504 1.0092e-06 
 0.4347  534 3.1700e-05 3287.93 1057.96  3.496 1.0051e-06 
 0.4412  538 3.1729e-05 3287.75 1059.89  3.489 1.0011e-06 
 0.4478  541 3.1758e-05 3287.57 1061.81  3.481 9.9718e-07 
 0.4543  544 3.1787e-05 3287.38 1063.71  3.473 9.9331e-07 
 0.4608  548 3.1816e-05 3287.20 1065.60  3.466 9.8949e-07 
 0.4673  551 3.1844e-05 3287.01 1067.47  3.459 9.8571e-07 
 0.4739  554 3.1873e-05 3286.82 1069.32  3.451 9.8201e-07 
 0.4804  558 3.1901e-05 3286.64 1071.14  3.444 9.7836e-07 
 0.4869  561 3.1929e-05 3286.45 1072.96  3.437 9.7476e-07 
 0.4934  564 3.1958e-05 3286.26 1074.75  3.430 9.7122e-07 
 0.5000  568 3.1985e-05 3286.07 1076.54  3.423 9.6772e-07 
 0.5065  571 3.2013e-05 3285.87 1078.30  3.417 9.6429e-07 
 0.5130  574 3.2041e-05 3285.68 1080.04  3.410 9.6091e-07 
 0.5195  578 3.2068e-05 3285.49 1081.77  3.403 9.5757e-07 
 0.5261  581 3.2096e-05 3285.29 1083.49  3.397 9.5428e-07 
 0.5326  585 3.2123e-05 3285.10 1085.19  3.390 9.5105e-07 
 0.5391  588 3.2150e-05 3284.90 1086.88  3.384 9.4786e-07 
 0.5456  591 3.2177e-05 3284.70 1088.54  3.378 9.4473e-07 
 0.5522  595 3.2204e-05 3284.50 1090.20  3.372 9.4164e-07 
 0.5587  598 3.2231e-05 3284.30 1091.83  3.366 9.3860e-07 
 0.5652  602 3.2257e-05 3284.10 1093.46  3.360 9.3560e-07 
 0.5717  605 3.2284e-05 3283.90 1095.06  3.354 9.3266e-07 
 0.5783  608 3.2310e-05 3283.70 1096.66  3.348 9.2975e-07 
 0.5848  612 3.2337e-05 3283.50 1098.24  3.342 9.2689e-07 
 0.5913  615 3.2363e-05 3283.30 1099.81  3.337 9.2408e-07 
 0.5979  619 3.2389e-05 3283.09 1101.36  3.331 9.2130e-07 
 0.6044  622 3.2415e-05 3282.89 1102.90  3.326 9.1858e-07 
 0.6109  626 3.2441e-05 3282.68 1104.42  3.321 9.1589e-07 
 0.6174  629 3.2466e-05 3282.48 1105.93  3.315 9.1325e-07 
 0.6240  632 3.2492e-05 3282.27 1107.43  3.310 9.1065e-07 
 0.6305  636 3.2518e-05 3282.06 1108.91  3.305 9.0808e-07 
 0.6370  639 3.2543e-05 3281.85 1110.38  3.300 9.0556e-07 
 0.6435  643 3.2568e-05 3281.64 1111.84  3.295 9.0307e-07 
 0.6501  646 3.2594e-05 3281.43 1113.29  3.290 9.0063e-07 
 0.6566  650 3.2619e-05 3281.22 1114.72  3.285 8.9822e-07 
 0.6631  653 3.2644e-05 3281.01 1116.14  3.281 8.9585e-07 
 0.6697  656 3.2669e-05 3280.80 1117.55  3.276 8.9352e-07 
 0.6762  660 3.2694e-05 3280.59 1118.94  3.271 8.9122e-07 
 0.6827  663 3.2718e-05 3280.38 1120.32  3.267 8.8896e-07 
 0.6893  667 3.2743e-05 3280.16 1121.70  3.263 8.8674e-07 
 0.6958  670 3.2768e-05 3279.95 1123.06  3.258 8.8454e-07 
 0.7023  674 3.2792e-05 3279.74 1124.40  3.254 8.8239e-07 
 0.7088  677 3.2816e-05 3279.52 1125.74  3.250 8.8027e-07 
 0.7154  681 3.2841e-05 3279.30 1127.07  3.246 8.7817e-07 
 0.7219  684 3.2865e-05 3279.09 1128.38  3.242 8.7612e-07 
 0.7284  688 3.2889e-05 3278.87 1129.68  3.238 8.7409e-07 
 0.7349  691 3.2913e-05 3278.66 1130.97  3.234 8.7209e-07 
 0.7415  694 3.2937e-05 3278.44 1132.25  3.230 8.7013e-07 
 0.7480  698 3.2961e-05 3278.22 1133.52  3.226 8.6820e-07 
 0.7545  701 3.2985e-05 3278.00 1134.78  3.222 8.6629e-07 
 0.7611  705 3.3008e-05 3277.78 1136.03  3.219 8.6441e-07 
 0.7676  708 3.3032e-05 3277.56 1137.27  3.215 8.6256e-07 
 0.7741  712 3.3055e-05 3277.34 1138.49  3.212 8.6075e-07 
 0.7806  715 3.3079e-05 3277.12 1139.71  3.208 8.5895e-07 
 0.7872  719 3.3102e-05 3276.90 1140.91  3.205 8.5718e-07 
 0.7937  722 3.3125e-05 3276.68 1142.11  3.201 8.5544e-07 
 0.8002  726 3.3149e-05 3276.46 1143.30  3.198 8.5372e-07 
 0.8067  729 3.3172e-05 3276.24 1144.47  3.195 8.5204e-07 
 0.8133  732 3.3195e-05 3276.01 1145.64  3.192 8.5037e-07 
 0.8198  736 3.3218e-05 3275.79 1146.80  3.188 8.4873e-07 
 0.8263  739 3.3240e-05 3275.57 1147.94  3.185 8.4711e-07 
 0.8329  743 3.3263e-05 3275.34 1149.08  3.182 8.4551e-07 
 0.8394  746 3.3286e-05 3275.12 1150.21  3.179 8.4394e-07 
 0.8459  750 3.3309e-05 3274.90 1151.33  3.176 8.4238e-07 
 0.8525  753 3.3331e-05 3274.67 1152.44  3.173 8.4085e-07 
 0.8590  757 3.3354e-05 3274.45 1153.54  3.170 8.3935e-07 
 0.8655  760 3.3376e-05 3274.22 1154.64  3.168 8.3785e-07 
 0.8720  764 3.3398e-05 3273.99 1155.72  3.165 8.3638e-07 
 0.8786  767 3.3421e-05 3273.77 1156.80  3.162 8.3493e-07 
 0.8851  770 3.3443e-05 3273.54 1157.86  3.159 8.3350e-07 
 0.8916  774 3.3465e-05 3273.32 1158.92  3.157 8.3208e-07 
 0.8982  777 3.3487e-05 3273.09 1159.97  3.154 8.3068e-07 
 0.9047  781 3.3509e-05 3272.86 1161.01  3.151 8.2931e-07 
 0.9112  784 3.3531e-05 3272.64 1162.04  3.149 8.2794e-07 
 0.9177  788 3.3552e-05 3272.41 1163.06  3.146 8.2659e-07 
 0.9243  791 3.3574e-05 3272.18 1164.08  3.143 8.2526e-07 
 0.9308  795 3.3596e-05 3271.95 1165.09  3.141 8.2394e-07 
 0.9373  798 3.3617e-05 3271.73 1166.08  3.138 8.2265e-07 
 0.9439  801 3.3639e-05 3271.50 1167.08  3.136 8.2136e-07 
 0.9504  805 3.3660e-05 3271.27 1168.06  3.134 8.2008e-07 
 0.9569  808 3.3682e-05 3271.04 1169.04  3.131 8.1882e-07 
 0.9635  812 3.3703e-05 3270.81 1170.01  3.129 8.1757e-07 
 0.9700  815 3.3724e-05 3270.58 1170.97  3.126 8.1634e-07 
 0.9765  819 3.3746e-05 3270.35 1171.93  3.124 8.1511e-07 
 0.9831  822 3.3767e-05 3270.12 1172.87  3.122 8.1390e-07 
 0.9896  825 3.3788e-05 3269.89 1173.81  3.119 8.1270e-07 
 0.9961  829 3.3809e-05 3269.66 1174.75  3.117 8.1151e-07 
 1.0027  832 3.3830e-05 3269.43 1175.68  3.115 8.1033e-07 
 1.0092  836 3.3851e-05 3269.20 1176.59  3.112 8.0916e-07 
 1.0158  839 3.3871e-05 3268.97 1177.51  3.110 8.0800e-07 
 1.0223  843 3.3892e-05 3268.74 1178.41  3.108 8.0685e-07 
 1.0288  846 3.3913e-05 3268.50 1179.31  3.106 8.0571e-07 
 1.0354  849 3.3933e-05 3268.27 1180.20  3.103 8.0458e-07 
 1.0419  853 3.3954e-05 3268.04 1181.09  3.101 8.0345e-07 
 1.0485  856 3.3974e-05 3267.81 1181.97  3.099 8.0234e-07 
 1.0550  860 3.3995e-05 3267.58 1182.84  3.097 8.0123e-07 
 1.0615  863 3.4015e-05 3267.35 1183.70  3.095 8.0013e-07 
 1.0681  866 3.4035e-05 3267.12 1184.56  3.092 7.9904e-07 
 1.0746  870 3.4056e-05 3266.88 1185.41  3.090 7.9796e-07 
 1.0811  873 3.4076e-05 3266.65 1186.26  3.088 7.9688e-07 
 1.0877  877 3.4096e-05 3266.42 1187.10  3.086 7.9581e-07 
 1.0942  880 3.4116e-05 3266.18 1187.93  3.084 7.9474e-07 
 1.1008  883 3.4136e-05 3265.95 1188.76  3.081 7.9368e-07 
 1.1073  887 3.4156e-05 3265.72 1189.58  3.079 7.9263e-07 
 1.1138  890 3.4176e-05 3265.48 1190.39  3.077 7.9158e-07 
 1.1204  894 3.4196e-05 3265.25 1191.20  3.075 7.9054e-07 
 1.1269  897 3.4215e-05 3265.02 1192.01  3.073 7.8950e-07 
 1.1335  900 3.4235e-05 3264.79 1192.80  3.071 7.8847e-07 
 1.1400  904 3.4255e-05 3264.55 1193.60  3.068 7.8744e-07 
 1.1465  907 3.4274e-05 3264.32 1194.38  3.066 7.8642e-07 
 1.1531  911 3.4294e-05 3264.09 1195.16  3.064 7.8540e-07 
 1.1596  914 3.4313e-05 3263.85 1195.94  3.062 7.8439e-07 
 1.1662  917 3.4333e-05 3263.62 1196.70  3.060 7.8338e-07 
 1.1727  921 3.4352e-05 3263.39 1197.47  3.057 7.8237e-07 
 1.1792  924 3.4371e-05 3263.15 1198.23  3.055 7.8137e-07 
 1.1858  927 3.4390e-05 3262.92 1198.98  3.053 7.8038e-07 
 1.1923  931 3.4410e-05 3262.69 1199.73  3.051 7.7938e-07 
 1.1989  934 3.4429e-05 3262.45 1200.47  3.049 7.7839e-07 
 1.2054  937 3.4448e-05 3262.22 1201.20  3.046 7.7740e-07 
 1.2119  941 3.4467e-05 3261.98 1201.94  3.044 7.7642e-07 
 1.2185  944 3.4486e-05 3261.75 1202.66  3.042 7.7544e-07 
 1.2250  947 3.4505e-05 3261.51 1203.39  3.040 7.7446e-07 
 1.2316  951 3.4523e-05 3261.28 1204.10  3.037 7.7349e-07 
 1.2381  954 3.4542e-05 3261.05 1204.81  3.035 7.7251e-07 
 1.2446  958 3.4561e-05 3260.81 1205.52  3.033 7.7154e-07 
 1.2512  961 3.4580e-05 3260.58 1206.22  3.031 7.7058e-07 
 1.2577  964 3.4598e-05 3260.34 1206.92  3.028 7.6961e-07 
 1.2643  968 3.4617e-05 3260.11 1207.61  3.026 7.6865e-07 
 1.2708  971 3.4635e-05 3259.87 1208.30  3.024 7.6769e-07 
 1.2773  974 3.4654e-05 3259.64 1208.98  3.022 7.6674e-07 
 1.2839  977 3.4672e-05 3259.41 1209.66  3.019 7.6579e-07 
 1.2904  981 3.4691e-05 3259.17 1210.33  3.017 7.6483e-07 
 1.2970  984 3.4709e-05 3258.94 1211.00  3.015 7.6388e-07 
 1.3035  987 3.4727e-05 3258.70 1211.67  3.012 7.6294e-07 
 1.3100  991 3.4745e-05 3258.47 1212.33  3.010 7.6199e-07 
 1.3166  994 3.4764e-05 3258.23 1212.98  3.008 7.6105e-07 
 1.3231  997 3.4782e-05 3258.00 1213.63  3.005 7.6011e-07 
 1.3297 1001 3.4800e-05 3257.77 1214.28  3.003 7.5918e-07 
 1.3362 1004 3.4818e-05 3257.53 1214.92  3.001 7.5824e-07 
 1.3427 1007 3.4836e-05 3257.29 1215.56  2.999 7.5731e-07 
 1.3493 1011 3.4854e-05 3257.06 1216.19  2.996 7.5638e-07 
 1.3558 1014 3.4872e-05 3256.83 1216.82  2.994 7.5545e-07 
 1.3624 1017 3.4889e-05 3256.59 1217.45  2.991 7.5453e-07 
 1.3689 1020 3.4907e-05 3256.36 1218.07  2.989 7.5360e-07 
 1.3754 1024 3.4925e-05 3256.12 1218.69  2.987 7.5268e-07 
 1.3820 1027 3.4942e-05 3255.89 1219.30  2.984 7.5176e-07 
 1.3885 1030 3.4960e-05 3255.65 1219.91  2.982 7.5085e-07 
 1.3951 1034 3.4978e-05 3255.42 1220.52  2.980 7.4993e-07 
 1.4016 1037 3.4995e-05 3255.18 1221.12  2.977 7.4902e-07 
 1.4081 1040 3.5013e-05 3254.95 1221.72  2.975 7.4811e-07 
 1.4147 1043 3.5030e-05 3254.71 1222.31  2.973 7.4721e-07 
 1.4212 1047 3.5048e-05 3254.48 1222.90  2.970 7.4630e-07 
 1.4278 1050 3.5065e-05 3254.24 1223.49  2.968 7.4540e-07 
 1.4343 1053 3.5082e-05 3254.01 1224.07  2.965 7.4450e-07 
 1.4408 1056 3.5099e-05 3253.77 1224.65  2.963 7.4361e-07 
 1.4474 1060 3.5116e-05 3253.54 1225.22  2.961 7.4272e-07 
 1.4539 1063 3.5134e-05 3253.30 1225.79  2.958 7.4182e-07 
 1.4605 1066 3.5151e-05 3253.07 1226.36  2.956 7.4094e-07 
 1.4670 1069 3.5168e-05 3252.84 1226.93  2.954 7.4005e-07 
 1.4735 1073 3.5185e-05 3252.60 1227.49  2.951 7.3917e-07 
 1.4801 1076 3.5202e-05 3252.37 1228.04  2.949 7.3829e-07 
 1.4866 1079 3.5219e-05 3252.13 1228.60  2.946 7.3741e-07 
 1.4932 1082 3.5236e-05 3251.90 1229.15  2.944 7.3654e-07 
 1.4997 1086 3.5252e-05 3251.66 1229.69  2.942 7.3566e-07 
 1.5063 1089 3.5269e-05 3251.43 1230.24  2.939 7.3479e-07 
 1.5128 1092 3.5286e-05 3251.19 1230.78  2.937 7.3393e-07 
 1.5194 1095 3.5303e-05 3250.96 1231.32  2.934 7.3306e-07 
 1.5259 1098 3.5319e-05 3250.72 1231.85  2.932 7.3220e-07 
 1.5325 1102 3.5336e-05 3250.49 1232.38  2.930 7.3134e-07 
 1.5390 1105 3.5353e-05 3250.25 1232.91  2.927 7.3049e-07 
 1.5456 1108 3.5369e-05 3250.02 1233.43  2.925 7.2964e-07 
 1.5521 1111 3.5386e-05 3249.79 1233.95  2.923 7.2879e-07 
 1.5587 1114 3.5402e-05 3249.55 1234.47  2.920 7.2794e-07 
 1.5652 1118 3.5418e-05 3249.32 1234.98  2.918 7.2710e-07 
 1.5718 1121 3.5435e-05 3249.08 1235.49  2.915 7.2626e-07 
 1.5783 1124 3.5451e-05 3248.85 1236.00  2.913 7.2543e-07 
 1.5849 1127 3.5467e-05 3248.62 1236.51  2.911 7.2460e-07 
 1.5914 1130 3.5484e-05 3248.38 1237.01  2.908 7.2377e-07 
 1.5980 1134 3.5500e-05 3248.15 1237.51  2.906 7.2294e-07 
 1.6046 1137 3.5516e-05 3247.91 1238.00  2.904 7.2212e-07 
 1.6111 1140 3.5532e-05 3247.68 1238.49  2.901 7.2131e-07 
 1.6177 1143 3.5548e-05 3247.45 1238.98  2.899 7.2049e-07 
 1.6242 1146 3.5564e-05 3247.21 1239.47  2.897 7.1968e-07 
 1.6308 1150 3.5580e-05 3246.98 1239.95  2.894 7.1887e-07 
 1.6373 1153 3.5596e-05 3246.74 1240.43  2.892 7.1807e-07 
 1.6439 1156 3.5612e-05 3246.51 1240.91  2.890 7.1727e-07 
 1.6504 1159 3.5628e-05 3246.28 1241.39  2.887 7.1647e-07 
 1.6570 1162 3.5643e-05 3246.05 1241.86  2.885 7.1568e-07 
 1.6635 1165 3.5659e-05 3245.81 1242.33  2.883 7.1488e-07 
 1.6701 1168 3.5675e-05 3245.58 1242.79  2.880 7.1410e-07 
 1.6766 1172 3.5690e-05 3245.34 1243.26  2.878 7.1331e-07 
 1.6832 1175 3.5706e-05 3245.11 1243.72  2.876 7.1254e-07 
 1.6897 1178 3.5722e-05 3244.88 1244.18  2.874 7.1176e-07 
 1.6963 1181 3.5737e-05 3244.65 1244.63  2.871 7.1099e-07 
 1.7028 1184 3.5753e-05 3244.41 1245.08  2.869 7.1022e-07 
 1.7094 1187 3.5768e-05 3244.18 1245.53  2.867 7.0946e-07 
 1.7159 1190 3.5783e-05 3243.95 1245.98  2.864 7.0870e-07 
 1.7225 1194 3.5799e-05 3243.72 1246.43  2.862 7.0794e-07 
 1.7290 1197 3.5814e-05 3243.48 1246.87  2.860 7.0718e-07 
 1.7356 1200 3.5829e-05 3243.25 1247.31  2.858 7.0643e-07 
 1.7421 1203 3.5845e-05 3243.02 1247.74  2.856 7.0569e-07 
 1.7487 1206 3.5860e-05 3242.79 1248.18  2.853 7.0495e-07 
 1.7552 1209 3.5875e-05 3242.55 1248.61  2.851 7.0421e-07 
 1.7618 1212 3.5890e-05 3242.32 1249.04  2.849 7.0347e-07 
 1.7683 1215 3.5905e-05 3242.09 1249.47  2.847 7.0274e-07 
 1.7749 1218 3.5920e-05 3241.86 1249.89  2.845 7.0202e-07 
 1.7814 1222 3.5935e-05 3241.62 1250.31  2.842 7.0129e-07 
 1.7880 1225 3.5950e-05 3241.39 1250.73  2.840 7.0057e-07 
 1.7945 1228 3.5965e-05 3241.16 1251.15  2.838 6.9985e-07 
 1.8011 1231 3.5980e-05 3240.93 1251.56  2.836 6.9914e-07 
 1.8076 1234 3.5995e-05 3240.70 1251.98  2.834 6.9843e-07 
 1.8141 1237 3.6010e-05 3240.47 1252.39  2.832 6.9773e-07 
 1.8207 1240 3.6025e-05 3240.24 1252.79  2.829 6.9703e-07 
 1.8272 1243 3.6039e-05 3240.00 1253.20  2.827 6.9633e-07 
 1.8338 1246 3.6054e-05 3239.77 1253.60  2.825 6.9564e-07 
 1.8403 1249 3.6069e-05 3239.54 1254.00  2.823 6.9495e-07 
 1.8468 1252 3.6083e-05 3239.31 1254.40  2.821 6.9426e-07 
 1.8534 1255 3.6098e-05 3239.08 1254.80  2.819 6.9358e-07 
 1.8599 1259 3.6112e-05 3238.85 1255.19  2.817 6.9290e-07 
 1.8665 1262 3.6127e-05 3238.62 1255.58  2.815 6.9223e-07 
 1.8730 1265 3.6141e-05 3238.39 1255.97  2.813 6.9155e-07 
 1.8795 1268 3.6156e-05 3238.16 1256.36  2.811 6.9088e-07 
 1.8861 1271 3.6170e-05 3237.93 1256.74  2.809 6.9022e-07 
 1.8926 1274 3.6184e-05 3237.70 1257.12  2.807 6.8956e-07 
 1.8992 1277 3.6199e-05 3237.47 1257.50  2.805 6.8891e-07 
 1.9057 1280 3.6213e-05 3237.24 1257.88  2.803 6.8825e-07 
 1.9122 1283 3.6227e-05 3237.01 1258.26  2.801 6.8760e-07 
 1.9188 1286 3.6241e-05 3236.78 1258.63  2.799 6.8696e-07 
 1.9253 1289 3.6256e-05 3236.55 1259.00  2.797 6.8631e-07 
 1.9318 1292 3.6270e-05 3236.32 1259.37  2.795 6.8567e-07 
 1.9384 1295 3.6284e-05 3236.09 1259.74  2.793 6.8504e-07 
 1.9449 1298 3.6298e-05 3235.86 1260.11  2.791 6.8441e-07 
 1.9514 1301 3.6312e-05 3235.63 1260.47  2.789 6.8378e-07 
 1.9580 1304 3.6326e-05 3235.40 1260.83  2.787 6.8316e-07 
 1.9645 1307 3.6340e-05 3235.17 1261.19  2.785 6.8254e-07 
 1.9710 1310 3.6354e-05 3234.94 1261.55  2.783 6.8192e-07 
 1.9776 1313 3.6368e-05 3234.71 1261.90  2.781 6.8130e-07 
 1.9841 1316 3.6381e-05 3234.48 1262.26  2.779 6.8069e-07 
 1.9906 1319 3.6395e-05 3234.25 1262.61  2.777 6.8008e-07 
 1.9972 1322 3.6409e-05 3234.03 1262.96  2.775 6.7948e-07 
 2.0037 1325 3.6423e-05 3233.80 1263.31  2.773 6.7888e-07 
 2.0102 1328 3.6436e-05 3233.57 1263.65  2.772 6.7828e-07 
 2.0167 1331 3.6450e-05 3233.34 1264.00  2.770 6.7769e-07 
 2.0233 1334 3.6464e-05 3233.11 1264.34  2.768 6.7710e-07 
 2.0298 1337 3.6477e-05 3232.88 1264.68  2.766 6.7651e-07 
 2.0363 1340 3.6491e-05 3232.66 1265.02  2.764 6.7593e-07 
 2.0429 1343 3.6504e-05 3232.43 1265.35  2.762 6.7535e-07 
 2.0494 1346 3.6518e-05 3232.20 1265.69  2.760 6.7477e-07 
 2.0559 1349 3.6531e-05 3231.97 1266.02  2.759 6.7420e-07 
 2.0624 1352 3.6545e-05 3231.74 1266.35  2.757 6.7363e-07 
 2.0690 1355 3.6558e-05 3231.52 1266.68  2.755 6.7306e-07 
 2.0755 1358 3.6571e-05 3231.29 1267.01  2.753 6.7250e-07 
 2.0820 1361 3.6585e-05 3231.06 1267.33  2.751 6.7194e-07 
 2.0885 1364 3.6598e-05 3230.84 1267.66  2.750 6.7138e-07 
 2.0951 1367 3.6611e-05 3230.61 1267.98  2.748 6.7082e-07 
 2.1016 1370 3.6624e-05 3230.38 1268.30  2.746 6.7027e-07 
 2.1081 1372 3.6638e-05 3230.16 1268.62  2.744 6.6972e-07 
 2.1146 1375 3.6651e-05 3229.93 1268.94  2.743 6.6918e-07 
 2.1211 1378 3.6664e-05 3229.70 1269.25  2.741 6.6863e-07 
 2.1277 1381 3.6677e-05 3229.48 1269.56  2.739 6.6810e-07 
 2.1342 1384 3.6690e-05 3229.25 1269.88  2.737 6.6756e-07 
 2.1407 1387 3.6703e-05 3229.02 1270.19  2.736 6.6703e-07 
 2.1472 1390 3.6716e-05 3228.80 1270.49  2.734 6.6650e-07 
 2.1537 1393 3.6729e-05 3228.57 1270.80  2.732 6.6597e-07 
 2.1603 1396 3.6742e-05 3228.35 1271.11  2.731 6.6545e-07 
 2.1668 1399 3.6755e-05 3228.12 1271.41  2.729 6.6492e-07 
 2.1733 1402 3.6768e-05 3227.89 1271.71  2.727 6.6440e-07 
 2.1798 1405 3.6780e-05 3227.67 1272.01  2.726 6.6389e-07 
 2.1863 1408 3.6793e-05 3227.44 1272.31  2.724 6.6337e-07 
 2.1929 1410 3.6806e-05 3227.22 1272.61  2.722 6.6287e-07 
 2.1994 1413 3.6819e-05 3226.99 1272.91  2.721 6.6236e-07 
 2.2059 1416 3.6831e-05 3226.77 1273.20  2.719 6.6185e-07 
 2.2124 1419 3.6844e-05 3226.54 1273.49  2.717 6.6135e-07 
 2.2189 1422 3.6857e-05 3226.31 1273.78  2.716 6.6085e-07 
 2.2254 1425 3.6869e-05 3226.09 1274.07  2.714 6.6036e-07 
 2.2319 1428 3.6882e-05 3225.86 1274.36  2.713 6.5986e-07 
 2.2385 1431 3.6894e-05 3225.64 1274.65  2.711 6.5937e-07 
 2.2450 1434 3.6907e-05 3225.42 1274.93  2.709 6.5888e-07 
 2.2515 1437 3.6919e-05 3225.19 1275.22  2.708 6.5840e-07 
 2.2580 1439 3.6932e-05 3224.97 1275.50  2.706 6.5792e-07 
 2.2645 1442 3.6944e-05 3224.74 1275.78  2.705 6.5743e-07 
 2.2710 1445 3.6957e-05 3224.52 1276.06  2.703 6.5696e-07 
 2.2775 1448 3.6969e-05 3224.29 1276.34  2.702 6.5648e-07 
 2.2840 1451 3.6981e-05 3224.06 1276.62  2.700 6.5601e-07 
 2.2905 1454 3.6994e-05 3223.84 1276.89  2.699 6.5554e-07 
 2.2971 1457 3.7006e-05 3223.62 1277.16  2.697 6.5507e-07 
 2.3036 1459 3.7018e-05 3223.39 1277.44  2.695 6.5461e-07 
 2.3101 1462 3.7030e-05 3223.17 1277.71  2.694 6.5414e-07 
 2.3166 1465 3.7043e-05 3222.94 1277.98  2.692 6.5368e-07 
 2.3231 1468 3.7055e-05 3222.72 1278.25  2.691 6.5322e-07 
 2.3296 1471 3.7067e-05 3222.50 1278.51  2.689 6.5277e-07 
 2.3361 1474 3.7079e-05 3222.27 1278.78  2.688 6.5232e-07 
 2.3426 1477 3.7091e-05 3222.05 1279.04  2.686 6.5186e-07 
 2.3491 1479 3.7103e-05 3221.82 1279.31  2.685 6.5141e-07 
 2.3556 1482 3.7115e-05 3221.60 1279.57  2.683 6.5097e-07 
 2.3621 1485 3.7127e-05 3221.37 1279.83  2.682 6.5053e-07 
 2.3686 1488 3.7139e-05 3221.15 1280.09  2.681 6.5008e-07 
 2.3751 1491 3.7151e-05 3220.93 1280.35  2.679 6.4964e-07 
 2.3816 1494 3.7163e-05 3220.70 1280.60  2.678 6.4921e-07 
 2.3881 1496 3.7175e-05 3220.48 1280.86  2.676 6.4877e-07 
 2.3946 1499 3.7187e-05 3220.25 1281.11  2.675 6.4834e-07 
 2.4011 1502 3.7199e-05 3220.03 1281.37  2.673 6.4791e-07 
 2.4076 1505 3.7211e-05 3219.80 1281.62  2.672 6.4748e-07 
 2.4141 1508 3.7223e-05 3219.58 1281.87  2.670 6.4705e-07 
 2.4206 1511 3.7235e-05 3219.36 1282.12  2.669 6.4663e-07 
 2.4271 1513 3.7246e-05 3219.13 1282.36  2.668 6.4621e-07 
 2.4336 1516 3.7258e-05 3218.91 1282.61  2.666 6.4579e-07 
 2.4401 1519 3.7270e-05 3218.69 1282.86  2.665 6.4537e-07 
 2.4466 1522 3.7282e-05 3218.46 1283.10  2.663 6.4495e-07 
 2.4531 1525 3.7293e-05 3218.24 1283.34  2.662 6.4454e-07 
 2.4596 1528 3.7305e-05 3218.01 1283.59  2.661 6.4413e-07 
 2.4661 1530 3.7317e-05 3217.79 1283.83  2.659 6.4372e-07 
 2.4726 1533 3.7328e-05 3217.56 1284.07  2.658 6.4331e-07 
 2.4791 1536 3.7340e-05 3217.34 1284.31  2.657 6.4290e-07 
 2.4856 1539 3.7351e-05 3217.12 1284.54  2.655 6.4250e-07 
 2.4921 1542 3.7363e-05 3216.89 1284.78  2.654 6.4210e-07 
 2.4986 1544 3.7375e-05 3216.67 1285.02  2.652 6.4170e-07 
 2.5051 1547 3.7386e-05 3216.44 1285.25  2.651 6.4130e-07 
 2.5116 1550 3.7398e-05 3216.22 1285.48  2.650 6.4090e-07 
 2.5181 1553 3.7409e-05 3215.99 1285.72  2.648 6.4051e-07 
 2.5246 1556 3.7421e-05 3215.77 1285.95  2.647 6.4012e-07 
 2.5311 1558 3.7432e-05 3215.55 1286.18  2.646 6.3973e-07 
 2.5376 1561 3.7444e-05 3215.32 1286.41  2.644 6.3934e-07 
 2.5441 1564 3.7455e-05 3215.10 1286.63  2.643 6.3895e-07 
 2.5506 1567 3.7466e-05 3214.87 1286.86  2.642 6.3857e-07 
 2.5571 1570 3.7478e-05 3214.65 1287.09  2.641 6.3818e-07 
 2.5635 1572 3.7489e-05 3214.42 1287.31  2.639 6.3780e-07 
 2.5700 1575 3.7501e-05 3214.20 1287.54  2.638 6.3742e-07 
 2.5765 1578 3.7512e-05 3213.97 1287.76  2.637 6.3704e-07 
 2.5830 1581 3.7523e-05 3213.74 1287.98  2.635 6.3666e-07 
 2.5895 1583 3.7535e-05 3213.52 1288.20  2.634 6.3629e-07 
 2.5960 1586 3.7546e-05 3213.30 1288.42  2.633 6.3592e-07 
 2.6025 1589 3.7557e-05 3213.07 1288.64  2.631 6.3555e-07 
 2.6090 1592 3.7568e-05 3212.84 1288.86  2.630 6.3518e-07 
 2.6155 1595 3.7580e-05 3212.62 1289.08  2.629 6.3481e-07 
 2.6219 1597 3.7591e-05 3212.39 1289.29  2.628 6.3444e-07 
 2.6284 1600 3.7602e-05 3212.16 1289.51  2.626 6.3407e-07 
 2.6349 1603 3.7614e-05 3211.94 1289.72  2.625 6.3371e-07 
 2.6414 1606 3.7625e-05 3211.71 1289.93  2.624 6.3335e-07 
 2.6479 1608 3.7636e-05 3211.49 1290.15  2.623 6.3299e-07 
 2.6544 1611 3.7647e-05 3211.26 1290.36  2.621 6.3263e-07 
 2.6608 1614 3.7658e-05 3211.03 1290.57  2.620 6.3227e-07 
 2.6673 1617 3.7670e-05 3210.80 1290.78  2.619 6.3192e-07 
 2.6738 1620 3.7681e-05 3210.58 1290.99  2.618 6.3156e-07 
 2.6803 1622 3.7692e-05 3210.35 1291.20  2.616 6.3121e-07 
 2.6868 1625 3.7703e-05 3210.12 1291.40  2.615 6.3086e-07 
 2.6933 1628 3.7714e-05 3209.90 1291.61  2.614 6.3051e-07 
 2.6997 1631 3.7725e-05 3209.67 1291.81  2.613 6.3016e-07 
 2.7062 1633 3.7736e-05 3209.44 1292.02  2.612 6.2981e-07 
 2.7127 1636 3.7747e-05 3209.21 1292.22  2.610 6.2947e-07 
 2.7192 1639 3.7758e-05 3208.98 1292.42  2.609 6.2912e-07 
 2.7257 1642 3.7770e-05 3208.75 1292.63  2.608 6.2878e-07 
 2.7321 1645 3.7781e-05 3208.52 1292.83  2.607 6.2844e-07 
 2.7386 1647 3.7792e-05 3208.29 1293.03  2.606 6.2810e-07 
 2.7451 1650 3.7803e-05 3208.06 1293.23  2.604 6.2776e-07 
 2.7516 1653 3.7814e-05 3207.83 1293.43  2.603 6.2742e-07 
 2.7581 1656 3.7825e-05 3207.60 1293.62  2.602 6.2709e-07 
 2.7645 1658 3.7836e-05 3207.37 1293.82  2.601 6.2675e-07 
 2.7710 1661 3.7847e-05 3207.14 1294.02  2.600 6.2642e-07 
 2.7775 1664 3.7858e-05 3206.91 1294.21  2.599 6.2609e-07 
 2.7840 1667 3.7869e-05 3206.68 1294.41  2.597 6.2576e-07 
 2.7904 1669 3.7880e-05 3206.45 1294.60  2.596 6.2543e-07 
 2.7969 1672 3.7891e-05 3206.22 1294.79  2.595 6.2510e-07 
 2.8034 1675 3.7902e-05 3205.99 1294.99  2.594 6.2477e-07 
 2.8099 1678 3.7913e-05 3205.76 1295.18  2.593 6.2444e-07 
 2.8163 1681 3.7924e-05 3205.52 1295.37  2.592 6.2412e-07 
 2.8228 1683 3.7935e-05 3205.29 1295.56  2.590 6.2380e-07 
 2.8293 1686 3.7946e-05 3205.06 1295.75  2.589 6.2347e-07 
 2.8357 1689 3.7957e-05 3204.82 1295.94  2.588 6.2315e-07 
 2.8422 1692 3.7968e-05 3204.59 1296.12  2.587 6.2283e-07 
 2.8487 1694 3.7979e-05 3204.36 1296.31  2.586 6.2251e-07 
 2.8552 1697 3.7990e-05 3204.12 1296.50  2.585 6.2219e-07 
 2.8616 1700 3.8001e-05 3203.89 1296.68  2.584 6.2188e-07 
 2.8681 1703 3.8012e-05 3203.65 1296.87  2.582 6.2156e-07 
 2.8746 1706 3.8023e-05 3203.42 1297.05  2.581 6.2125e-07 
 2.8810 1708 3.8034e-05 3203.18 1297.24  2.580 6.2093e-07 
 2.8875 1711 3.8045e-05 3202.94 1297.42  2.579 6.2062e-07 
 2.8940 1714 3.8056e-05 3202.71 1297.60  2.578 6.2031e-07 
 2.9004 1717 3.8067e-05 3202.47 1297.78  2.577 6.2000e-07 
 2.9069 1719 3.8078e-05 3202.23 1297.96  2.576 6.1969e-07 
 2.9134 1722 3.8089e-05 3201.99 1298.14  2.575 6.1938e-07 
 2.9198 1725 3.8100e-05 3201.76 1298.32  2.573 6.1907e-07 
NaN     NaN  NaN        NaN     NaN     NaN    NaN

